#
# There is insufficient memory for the Java Runtime Environment to continue.
# Native memory allocation (malloc) failed to allocate 1191696 bytes. Error detail: Chunk::new
# Possible reasons:
#   The system is out of physical RAM or swap space
#   This process is running with CompressedOops enabled, and the Java Heap may be blocking the growth of the native heap
# Possible solutions:
#   Reduce memory load on the system
#   Increase physical memory or swap space
#   Check if swap backing store is full
#   Decrease Java heap size (-Xmx/-Xms)
#   Decrease number of Java threads
#   Decrease Java thread stack sizes (-Xss)
#   Set larger code cache with -XX:ReservedCodeCacheSize=
#   JVM is running with Unscaled Compressed Oops mode in which the Java heap is
#     placed in the first 4GB address space. The Java Heap base address is the
#     maximum limit for the native heap growth. Please use -XX:HeapBaseMinAddress
#     to set the Java Heap base and to place the Java Heap above 4GB virtual address.
# This output file may be truncated or incomplete.
#
#  Out of Memory Error (arena.cpp:191), pid=14152, tid=8580
#
# JRE version: OpenJDK Runtime Environment Temurin-17.0.12+7 (17.0.12+7) (build 17.0.12+7)
# Java VM: OpenJDK 64-Bit Server VM Temurin-17.0.12+7 (17.0.12+7, mixed mode, tiered, compressed oops, compressed class ptrs, parallel gc, windows-amd64)
# No core dump will be written. Minidumps are not enabled by default on client versions of Windows
#

---------------  S U M M A R Y ------------

Command Line: --add-modules=ALL-SYSTEM --add-opens=java.base/java.util=ALL-UNNAMED --add-opens=java.base/java.lang=ALL-UNNAMED --add-opens=java.base/sun.nio.fs=ALL-UNNAMED -Declipse.application=org.eclipse.jdt.ls.core.id1 -Dosgi.bundles.defaultStartLevel=4 -Declipse.product=org.eclipse.jdt.ls.core.product -Djava.import.generatesMetadataFilesAtProjectRoot=false -DDetectVMInstallationsJob.disabled=true -Dfile.encoding=utf8 -XX:+UseParallelGC -XX:GCTimeRatio=4 -XX:AdaptiveSizePolicyWeight=90 -Dsun.zip.disableMemoryMapping=true -Xmx1G -Xms100m -Xlog:disable -javaagent:c:\Users\anuma\.vscode\extensions\redhat.java-1.35.0-win32-x64\lombok\lombok-1.18.33.jar -XX:+HeapDumpOnOutOfMemoryError -XX:HeapDumpPath=c:\Users\anuma\AppData\Roaming\Code\User\workspaceStorage\c3882e0eb3380c1272e429900239b1cc\redhat.java -Daether.dependencyCollector.impl=bf c:\Users\anuma\.vscode\extensions\redhat.java-1.35.0-win32-x64\server\plugins\org.eclipse.equinox.launcher_1.6.900.v20240613-2009.jar -configuration c:\Users\anuma\AppData\Roaming\Code\User\globalStorage\redhat.java\1.35.0\config_win -data c:\Users\anuma\AppData\Roaming\Code\User\workspaceStorage\c3882e0eb3380c1272e429900239b1cc\redhat.java\jdt_ws --pipe=\\.\pipe\lsp-67e4c3204413282d8c83d65909e40249-sock

Host: 13th Gen Intel(R) Core(TM) i5-1335U, 12 cores, 15G,  Windows 11 , 64 bit Build 26100 (10.0.26100.4768)
Time: Sat Aug 23 17:33:23 2025 India Standard Time elapsed time: 9.391397 seconds (0d 0h 0m 9s)

---------------  T H R E A D  ---------------

Current thread (0x000001543c715d20):  JavaThread "C2 CompilerThread1" daemon [_thread_in_native, id=8580, stack(0x0000001587f00000,0x0000001588000000)]


Current CompileTask:
C2:   9391 6318       4       java.lang.invoke.MethodType::makeImpl (109 bytes)

Stack: [0x0000001587f00000,0x0000001588000000]
Native frames: (J=compiled Java code, j=interpreted, Vv=VM code, C=native code)
V  [jvm.dll+0x67f929]
V  [jvm.dll+0x8371ba]
V  [jvm.dll+0x838c7e]
V  [jvm.dll+0x8392e3]
V  [jvm.dll+0x24834f]
V  [jvm.dll+0xac9d4]
V  [jvm.dll+0xad01c]
V  [jvm.dll+0x367452]
V  [jvm.dll+0x33197a]
V  [jvm.dll+0x330e1a]
V  [jvm.dll+0x21a8b1]
V  [jvm.dll+0x219cf1]
V  [jvm.dll+0x1a58bd]
V  [jvm.dll+0x229a2d]
V  [jvm.dll+0x227bdc]
V  [jvm.dll+0x7ec1f7]
V  [jvm.dll+0x7e65dc]
V  [jvm.dll+0x67e7f7]
C  [ucrtbase.dll+0x37b0]
C  [KERNEL32.DLL+0x2e8d7]
C  [ntdll.dll+0x3c34c]


---------------  P R O C E S S  ---------------

Threads class SMR info:
_java_thread_list=0x000001543eea35d0, length=45, elements={
0x0000015420e375d0, 0x0000015434cc1020, 0x0000015434cc4130, 0x0000015434ccdf70,
0x0000015434cce840, 0x0000015439d65410, 0x0000015439d6e590, 0x0000015439d74dd0,
0x0000015439d75b40, 0x0000015439d76800, 0x0000015439e50d00, 0x000001543b5c05c0,
0x000001543bf4fa90, 0x000001543be44230, 0x000001543be44710, 0x000001543beac480,
0x000001543c0db330, 0x000001543c0da400, 0x000001543c0dae20, 0x000001543c0dd6a0,
0x000001543c0d9ef0, 0x000001543c0dbd50, 0x000001543c0dc260, 0x000001543c0dc770,
0x000001543c0dcc80, 0x000001543c0dd190, 0x000001543e461530, 0x000001543e4600f0,
0x000001543e461a40, 0x000001543e45fbe0, 0x000001543e460b10, 0x000001543e460600,
0x000001543e461020, 0x000001543e462460, 0x000001543e461f50, 0x000001543e462970,
0x000001543e45f6d0, 0x000001543e464ce0, 0x000001543e4651f0, 0x000001543e465700,
0x000001543c715d20, 0x000001543e4638a0, 0x000001543e463db0, 0x000001543e466120,
0x000001543e4642c0
}

Java Threads: ( => current thread )
  0x0000015420e375d0 JavaThread "main" [_thread_blocked, id=7236, stack(0x0000001585d00000,0x0000001585e00000)]
  0x0000015434cc1020 JavaThread "Reference Handler" daemon [_thread_blocked, id=17752, stack(0x0000001586000000,0x0000001586100000)]
  0x0000015434cc4130 JavaThread "Finalizer" daemon [_thread_blocked, id=22108, stack(0x0000001586100000,0x0000001586200000)]
  0x0000015434ccdf70 JavaThread "Signal Dispatcher" daemon [_thread_blocked, id=19060, stack(0x0000001586200000,0x0000001586300000)]
  0x0000015434cce840 JavaThread "Attach Listener" daemon [_thread_blocked, id=18768, stack(0x0000001586300000,0x0000001586400000)]
  0x0000015439d65410 JavaThread "Service Thread" daemon [_thread_blocked, id=11152, stack(0x0000001586400000,0x0000001586500000)]
  0x0000015439d6e590 JavaThread "Monitor Deflation Thread" daemon [_thread_blocked, id=18792, stack(0x0000001586500000,0x0000001586600000)]
  0x0000015439d74dd0 JavaThread "C2 CompilerThread0" daemon [_thread_blocked, id=16748, stack(0x0000001586600000,0x0000001586700000)]
  0x0000015439d75b40 JavaThread "C1 CompilerThread0" daemon [_thread_blocked, id=1888, stack(0x0000001586700000,0x0000001586800000)]
  0x0000015439d76800 JavaThread "Sweeper thread" daemon [_thread_blocked, id=22356, stack(0x0000001586800000,0x0000001586900000)]
  0x0000015439e50d00 JavaThread "Common-Cleaner" daemon [_thread_blocked, id=21876, stack(0x0000001586900000,0x0000001586a00000)]
  0x000001543b5c05c0 JavaThread "Notification Thread" daemon [_thread_blocked, id=14200, stack(0x0000001586b00000,0x0000001586c00000)]
  0x000001543bf4fa90 JavaThread "Active Thread: Equinox Container: d07efec3-737c-4ec6-b76a-75b08e44fd27" [_thread_blocked, id=21416, stack(0x0000001587400000,0x0000001587500000)]
  0x000001543be44230 JavaThread "Framework Event Dispatcher: Equinox Container: d07efec3-737c-4ec6-b76a-75b08e44fd27" daemon [_thread_blocked, id=12400, stack(0x0000001587500000,0x0000001587600000)]
  0x000001543be44710 JavaThread "Start Level: Equinox Container: d07efec3-737c-4ec6-b76a-75b08e44fd27" daemon [_thread_blocked, id=1488, stack(0x0000001587600000,0x0000001587700000)]
  0x000001543beac480 JavaThread "Bundle File Closer" daemon [_thread_blocked, id=13048, stack(0x0000001587800000,0x0000001587900000)]
  0x000001543c0db330 JavaThread "SCR Component Actor" daemon [_thread_blocked, id=6620, stack(0x0000001587a00000,0x0000001587b00000)]
  0x000001543c0da400 JavaThread "Worker-JM" [_thread_blocked, id=15808, stack(0x0000001587d00000,0x0000001587e00000)]
  0x000001543c0dae20 JavaThread "JNA Cleaner" daemon [_thread_blocked, id=18412, stack(0x0000001586a00000,0x0000001586b00000)]
  0x000001543c0dd6a0 JavaThread "Worker-0" [_thread_blocked, id=12880, stack(0x0000001586d00000,0x0000001586e00000)]
  0x000001543c0d9ef0 JavaThread "Worker-1: Initialize workspace" [_thread_in_native, id=12772, stack(0x0000001587e00000,0x0000001587f00000)]
  0x000001543c0dbd50 JavaThread "Java indexing" daemon [_thread_blocked, id=12960, stack(0x0000001588100000,0x0000001588200000)]
  0x000001543c0dc260 JavaThread "Thread-2" daemon [_thread_in_native, id=9040, stack(0x0000001588400000,0x0000001588500000)]
  0x000001543c0dc770 JavaThread "Thread-3" daemon [_thread_in_native, id=12344, stack(0x0000001588500000,0x0000001588600000)]
  0x000001543c0dcc80 JavaThread "Thread-4" daemon [_thread_in_native, id=1912, stack(0x0000001588600000,0x0000001588700000)]
  0x000001543c0dd190 JavaThread "Thread-5" daemon [_thread_in_native, id=3076, stack(0x0000001588700000,0x0000001588800000)]
  0x000001543e461530 JavaThread "Thread-6" daemon [_thread_in_native, id=7392, stack(0x0000001588800000,0x0000001588900000)]
  0x000001543e4600f0 JavaThread "Thread-7" daemon [_thread_in_native, id=15144, stack(0x0000001588900000,0x0000001588a00000)]
  0x000001543e461a40 JavaThread "Thread-8" daemon [_thread_in_native, id=12716, stack(0x0000001588a00000,0x0000001588b00000)]
  0x000001543e45fbe0 JavaThread "Thread-9" daemon [_thread_in_native, id=10440, stack(0x0000001588b00000,0x0000001588c00000)]
  0x000001543e460b10 JavaThread "Thread-10" daemon [_thread_in_native, id=12552, stack(0x0000001588c00000,0x0000001588d00000)]
  0x000001543e460600 JavaThread "Thread-11" daemon [_thread_in_native, id=4168, stack(0x0000001588d00000,0x0000001588e00000)]
  0x000001543e461020 JavaThread "Thread-12" daemon [_thread_in_native, id=15428, stack(0x0000001588e00000,0x0000001588f00000)]
  0x000001543e462460 JavaThread "Thread-13" daemon [_thread_in_native, id=18676, stack(0x0000001588f00000,0x0000001589000000)]
  0x000001543e461f50 JavaThread "Thread-14" daemon [_thread_in_native, id=11700, stack(0x0000001589000000,0x0000001589100000)]
  0x000001543e462970 JavaThread "pool-2-thread-1" [_thread_blocked, id=11644, stack(0x0000001589100000,0x0000001589200000)]
  0x000001543e45f6d0 JavaThread "WorkspaceEventsHandler" [_thread_blocked, id=6524, stack(0x0000001589200000,0x0000001589300000)]
  0x000001543e464ce0 JavaThread "pool-1-thread-1" [_thread_blocked, id=22324, stack(0x0000001589300000,0x0000001589400000)]
  0x000001543e4651f0 JavaThread "Worker-2" [_thread_blocked, id=18584, stack(0x0000001589400000,0x0000001589500000)]
  0x000001543e465700 JavaThread "Worker-3" [_thread_blocked, id=22504, stack(0x0000001589500000,0x0000001589600000)]
=>0x000001543c715d20 JavaThread "C2 CompilerThread1" daemon [_thread_in_native, id=8580, stack(0x0000001587f00000,0x0000001588000000)]
  0x000001543e4638a0 JavaThread "ForkJoinPool.commonPool-worker-1" daemon [_thread_blocked, id=17988, stack(0x0000001587b00000,0x0000001587c00000)]
  0x000001543e463db0 JavaThread "ForkJoinPool.commonPool-worker-2" daemon [_thread_blocked, id=16288, stack(0x0000001588000000,0x0000001588100000)]
  0x000001543e466120 JavaThread "ForkJoinPool.commonPool-worker-3" daemon [_thread_blocked, id=17248, stack(0x0000001589600000,0x0000001589700000)]
  0x000001543e4642c0 JavaThread "ForkJoinPool.commonPool-worker-4" daemon [_thread_blocked, id=13088, stack(0x0000001589700000,0x0000001589800000)]

Other Threads:
  0x0000015439d44870 VMThread "VM Thread" [stack: 0x0000001585f00000,0x0000001586000000] [id=15328]
  0x000001543b54bbe0 WatcherThread [stack: 0x0000001586c00000,0x0000001586d00000] [id=20488]
  0x0000015420e4e8d0 GCTaskThread "GC Thread#0" [stack: 0x0000001585e00000,0x0000001585f00000] [id=12504]
  0x000001543b5e0a60 GCTaskThread "GC Thread#1" [stack: 0x0000001586e00000,0x0000001586f00000] [id=11576]
  0x000001543bcf9c40 GCTaskThread "GC Thread#2" [stack: 0x0000001586f00000,0x0000001587000000] [id=9204]
  0x000001543bf50bf0 GCTaskThread "GC Thread#3" [stack: 0x0000001587000000,0x0000001587100000] [id=14856]
  0x000001543b87f640 GCTaskThread "GC Thread#4" [stack: 0x0000001587100000,0x0000001587200000] [id=17388]
  0x000001543b87f900 GCTaskThread "GC Thread#5" [stack: 0x0000001587200000,0x0000001587300000] [id=2080]
  0x000001543bcb3f10 GCTaskThread "GC Thread#6" [stack: 0x0000001587300000,0x0000001587400000] [id=7056]
  0x000001541ed3e900 GCTaskThread "GC Thread#7" [stack: 0x0000001587700000,0x0000001587800000] [id=18720]
  0x000001543c04ed30 GCTaskThread "GC Thread#8" [stack: 0x0000001587900000,0x0000001587a00000] [id=22228]
  0x000001543be94750 GCTaskThread "GC Thread#9" [stack: 0x0000001587c00000,0x0000001587d00000] [id=15132]

Threads with active compile tasks:
C2 CompilerThread1     9416 6318       4       java.lang.invoke.MethodType::makeImpl (109 bytes)

VM state: not at safepoint (normal execution)

VM Mutex/Monitor currently owned by a thread: None

Heap address: 0x00000000c0000000, size: 1024 MB, Compressed Oops mode: 32-bit

CDS archive(s) not mapped
Compressed class space mapped at: 0x0000000100000000-0x0000000140000000, reserved size: 1073741824
Narrow klass base: 0x0000000000000000, Narrow klass shift: 3, Narrow klass range: 0x140000000

GC Precious Log:
 CPUs: 12 total, 12 available
 Memory: 16095M
 Large Page Support: Disabled
 NUMA Support: Disabled
 Compressed Oops: Enabled (32-bit)
 Alignments: Space 512K, Generation 512K, Heap 2M
 Heap Min Capacity: 100M
 Heap Initial Capacity: 100M
 Heap Max Capacity: 1G
 Pre-touch: Disabled
 Parallel Workers: 10

Heap:
 PSYoungGen      total 23040K, used 21282K [0x00000000eab00000, 0x00000000ec380000, 0x0000000100000000)
  eden space 22016K, 92% used [0x00000000eab00000,0x00000000ebed8b28,0x00000000ec080000)
  from space 1024K, 93% used [0x00000000ec180000,0x00000000ec270000,0x00000000ec280000)
  to   space 1024K, 0% used [0x00000000ec280000,0x00000000ec280000,0x00000000ec380000)
 ParOldGen       total 68608K, used 22397K [0x00000000c0000000, 0x00000000c4300000, 0x00000000eab00000)
  object space 68608K, 32% used [0x00000000c0000000,0x00000000c15df7c0,0x00000000c4300000)
 Metaspace       used 53793K, committed 54912K, reserved 1114112K
  class space    used 5815K, committed 6336K, reserved 1048576K

Card table byte_map: [0x00000154207f0000,0x0000015420a00000] _byte_map_base: 0x00000154201f0000

Marking Bits: (ParMarkBitMap*) 0x00007ffe009758b0
 Begin Bits: [0x0000015432ad0000, 0x0000015433ad0000)
 End Bits:   [0x0000015433ad0000, 0x0000015434ad0000)

Polling page: 0x000001541ee20000

Metaspace:

Usage:
  Non-class:     46.85 MB used.
      Class:      5.68 MB used.
       Both:     52.53 MB used.

Virtual space:
  Non-class space:       64.00 MB reserved,      47.44 MB ( 74%) committed,  1 nodes.
      Class space:        1.00 GB reserved,       6.19 MB ( <1%) committed,  1 nodes.
             Both:        1.06 GB reserved,      53.62 MB (  5%) committed. 

Chunk freelists:
   Non-Class:  608.00 KB
       Class:  9.85 MB
        Both:  10.45 MB

MaxMetaspaceSize: unlimited
CompressedClassSpaceSize: 1.00 GB
Initial GC threshold: 21.00 MB
Current GC threshold: 58.38 MB
CDS: off
MetaspaceReclaimPolicy: balanced
 - commit_granule_bytes: 65536.
 - commit_granule_words: 8192.
 - virtual_space_node_default_size: 8388608.
 - enlarge_chunks_in_place: 1.
 - new_chunks_are_fully_committed: 0.
 - uncommit_free_chunks: 1.
 - use_allocation_guard: 0.
 - handle_deallocations: 1.


Internal statistics:

num_allocs_failed_limit: 6.
num_arena_births: 732.
num_arena_deaths: 14.
num_vsnodes_births: 2.
num_vsnodes_deaths: 0.
num_space_committed: 858.
num_space_uncommitted: 0.
num_chunks_returned_to_freelist: 20.
num_chunks_taken_from_freelist: 2822.
num_chunk_merges: 12.
num_chunk_splits: 1737.
num_chunks_enlarged: 1012.
num_inconsistent_stats: 0.

CodeHeap 'non-profiled nmethods': size=120000Kb used=3164Kb max_used=3164Kb free=116835Kb
 bounds [0x000001542b5a0000, 0x000001542b8c0000, 0x0000015432ad0000]
CodeHeap 'profiled nmethods': size=120000Kb used=10931Kb max_used=10931Kb free=109068Kb
 bounds [0x0000015423ad0000, 0x0000015424580000, 0x000001542b000000]
CodeHeap 'non-nmethods': size=5760Kb used=1305Kb max_used=1359Kb free=4455Kb
 bounds [0x000001542b000000, 0x000001542b270000, 0x000001542b5a0000]
 total_blobs=6170 nmethods=5533 adapters=550
 compilation: enabled
              stopped_count=0, restarted_count=0
 full_count=0

Compilation events (20 events):
Event: 8.385 Thread 0x0000015439d75b40 6364       1       org.eclipse.jdt.internal.core.ClasspathEntry::isExported (5 bytes)
Event: 8.386 Thread 0x0000015439d75b40 nmethod 6364 0x000001542b8b5b10 code [0x000001542b8b5ca0, 0x000001542b8b5d78]
Event: 8.387 Thread 0x0000015439d75b40 6365       3       org.eclipse.core.internal.resources.Resource::getResourceInfo (14 bytes)
Event: 8.387 Thread 0x0000015439d75b40 nmethod 6365 0x0000015424576e10 code [0x0000015424576fc0, 0x00000154245771c8]
Event: 8.388 Thread 0x0000015439d75b40 6366       1       org.eclipse.core.internal.localstore.FileStoreRoot::isValid (5 bytes)
Event: 8.388 Thread 0x0000015439d75b40 nmethod 6366 0x000001542b8b5e10 code [0x000001542b8b5fa0, 0x000001542b8b6078]
Event: 8.389 Thread 0x0000015439d75b40 6367       1       org.eclipse.core.internal.resources.Workspace::getFileSystemManager (5 bytes)
Event: 8.389 Thread 0x0000015439d75b40 nmethod 6367 0x000001542b8b6110 code [0x000001542b8b62a0, 0x000001542b8b6378]
Event: 8.389 Thread 0x0000015439d75b40 6368       1       org.eclipse.jdt.internal.core.JavaProject::getProject (5 bytes)
Event: 8.389 Thread 0x0000015439d75b40 nmethod 6368 0x000001542b8b6410 code [0x000001542b8b65a0, 0x000001542b8b6678]
Event: 8.390 Thread 0x0000015439d75b40 6369       3       org.eclipse.core.internal.resources.Project::getProject (2 bytes)
Event: 8.390 Thread 0x0000015439d75b40 nmethod 6369 0x0000015424577290 code [0x0000015424577420, 0x0000015424577538]
Event: 8.392 Thread 0x0000015439d75b40 6370       3       org.eclipse.core.internal.resources.Resource::exists (24 bytes)
Event: 8.392 Thread 0x0000015439d75b40 nmethod 6370 0x0000015424577610 code [0x00000154245777c0, 0x0000015424577b28]
Event: 8.394 Thread 0x0000015439d75b40 6371   !   3       java.io.File::toPath (54 bytes)
Event: 8.394 Thread 0x0000015439d75b40 nmethod 6371 0x0000015424577c10 code [0x0000015424577e00, 0x00000154245783e8]
Event: 8.395 Thread 0x0000015439d75b40 6372       3       org.eclipse.jdt.internal.core.ExternalFoldersManager::isExternalFolderPath (153 bytes)
Event: 8.395 Thread 0x0000015439d75b40 nmethod 6372 0x0000015424578690 code [0x00000154245789c0, 0x0000015424579b08]
Event: 8.395 Thread 0x0000015439d75b40 6373       3       org.eclipse.jdt.internal.core.JavaModelManager::isExternalFile (36 bytes)
Event: 8.395 Thread 0x0000015439d75b40 nmethod 6373 0x000001542457a010 code [0x000001542457a1c0, 0x000001542457a568]

GC Heap History (20 events):
Event: 3.808 GC heap before
{Heap before GC invocations=12 (full 2):
 PSYoungGen      total 25600K, used 1819K [0x00000000eab00000, 0x00000000ec800000, 0x0000000100000000)
  eden space 23552K, 0% used [0x00000000eab00000,0x00000000eab00000,0x00000000ec200000)
  from space 2048K, 88% used [0x00000000ec600000,0x00000000ec7c6e68,0x00000000ec800000)
  to   space 2560K, 0% used [0x00000000ec300000,0x00000000ec300000,0x00000000ec580000)
 ParOldGen       total 68608K, used 15162K [0x00000000c0000000, 0x00000000c4300000, 0x00000000eab00000)
  object space 68608K, 22% used [0x00000000c0000000,0x00000000c0eceb28,0x00000000c4300000)
 Metaspace       used 35015K, committed 35840K, reserved 1114112K
  class space    used 3455K, committed 3776K, reserved 1048576K
}
Event: 3.831 GC heap after
{Heap after GC invocations=12 (full 2):
 PSYoungGen      total 25600K, used 0K [0x00000000eab00000, 0x00000000ec800000, 0x0000000100000000)
  eden space 23552K, 0% used [0x00000000eab00000,0x00000000eab00000,0x00000000ec200000)
  from space 2048K, 0% used [0x00000000ec600000,0x00000000ec600000,0x00000000ec800000)
  to   space 2560K, 0% used [0x00000000ec300000,0x00000000ec300000,0x00000000ec580000)
 ParOldGen       total 68608K, used 15278K [0x00000000c0000000, 0x00000000c4300000, 0x00000000eab00000)
  object space 68608K, 22% used [0x00000000c0000000,0x00000000c0eeb8b0,0x00000000c4300000)
 Metaspace       used 35002K, committed 35840K, reserved 1114112K
  class space    used 3451K, committed 3776K, reserved 1048576K
}
Event: 4.229 GC heap before
{Heap before GC invocations=13 (full 2):
 PSYoungGen      total 25600K, used 23552K [0x00000000eab00000, 0x00000000ec800000, 0x0000000100000000)
  eden space 23552K, 100% used [0x00000000eab00000,0x00000000ec200000,0x00000000ec200000)
  from space 2048K, 0% used [0x00000000ec600000,0x00000000ec600000,0x00000000ec800000)
  to   space 2560K, 0% used [0x00000000ec300000,0x00000000ec300000,0x00000000ec580000)
 ParOldGen       total 68608K, used 15278K [0x00000000c0000000, 0x00000000c4300000, 0x00000000eab00000)
  object space 68608K, 22% used [0x00000000c0000000,0x00000000c0eeb8b0,0x00000000c4300000)
 Metaspace       used 38298K, committed 39296K, reserved 1114112K
  class space    used 3859K, committed 4288K, reserved 1048576K
}
Event: 4.231 GC heap after
{Heap after GC invocations=13 (full 2):
 PSYoungGen      total 24576K, used 1247K [0x00000000eab00000, 0x00000000ec680000, 0x0000000100000000)
  eden space 23040K, 0% used [0x00000000eab00000,0x00000000eab00000,0x00000000ec180000)
  from space 1536K, 81% used [0x00000000ec300000,0x00000000ec437ee8,0x00000000ec480000)
  to   space 2048K, 0% used [0x00000000ec480000,0x00000000ec480000,0x00000000ec680000)
 ParOldGen       total 68608K, used 15286K [0x00000000c0000000, 0x00000000c4300000, 0x00000000eab00000)
  object space 68608K, 22% used [0x00000000c0000000,0x00000000c0eed8b0,0x00000000c4300000)
 Metaspace       used 38298K, committed 39296K, reserved 1114112K
  class space    used 3859K, committed 4288K, reserved 1048576K
}
Event: 5.501 GC heap before
{Heap before GC invocations=14 (full 2):
 PSYoungGen      total 24576K, used 24287K [0x00000000eab00000, 0x00000000ec680000, 0x0000000100000000)
  eden space 23040K, 100% used [0x00000000eab00000,0x00000000ec180000,0x00000000ec180000)
  from space 1536K, 81% used [0x00000000ec300000,0x00000000ec437ee8,0x00000000ec480000)
  to   space 2048K, 0% used [0x00000000ec480000,0x00000000ec480000,0x00000000ec680000)
 ParOldGen       total 68608K, used 15286K [0x00000000c0000000, 0x00000000c4300000, 0x00000000eab00000)
  object space 68608K, 22% used [0x00000000c0000000,0x00000000c0eed8b0,0x00000000c4300000)
 Metaspace       used 40780K, committed 41792K, reserved 1114112K
  class space    used 4165K, committed 4608K, reserved 1048576K
}
Event: 5.505 GC heap after
{Heap after GC invocations=14 (full 2):
 PSYoungGen      total 24064K, used 1312K [0x00000000eab00000, 0x00000000ec600000, 0x0000000100000000)
  eden space 22528K, 0% used [0x00000000eab00000,0x00000000eab00000,0x00000000ec100000)
  from space 1536K, 85% used [0x00000000ec480000,0x00000000ec5c8000,0x00000000ec600000)
  to   space 1536K, 0% used [0x00000000ec300000,0x00000000ec300000,0x00000000ec480000)
 ParOldGen       total 68608K, used 16373K [0x00000000c0000000, 0x00000000c4300000, 0x00000000eab00000)
  object space 68608K, 23% used [0x00000000c0000000,0x00000000c0ffd718,0x00000000c4300000)
 Metaspace       used 40780K, committed 41792K, reserved 1114112K
  class space    used 4165K, committed 4608K, reserved 1048576K
}
Event: 5.737 GC heap before
{Heap before GC invocations=15 (full 2):
 PSYoungGen      total 24064K, used 23840K [0x00000000eab00000, 0x00000000ec600000, 0x0000000100000000)
  eden space 22528K, 100% used [0x00000000eab00000,0x00000000ec100000,0x00000000ec100000)
  from space 1536K, 85% used [0x00000000ec480000,0x00000000ec5c8000,0x00000000ec600000)
  to   space 1536K, 0% used [0x00000000ec300000,0x00000000ec300000,0x00000000ec480000)
 ParOldGen       total 68608K, used 16373K [0x00000000c0000000, 0x00000000c4300000, 0x00000000eab00000)
  object space 68608K, 23% used [0x00000000c0000000,0x00000000c0ffd718,0x00000000c4300000)
 Metaspace       used 42973K, committed 43968K, reserved 1114112K
  class space    used 4468K, committed 4928K, reserved 1048576K
}
Event: 5.739 GC heap after
{Heap after GC invocations=15 (full 2):
 PSYoungGen      total 23552K, used 1517K [0x00000000eab00000, 0x00000000ec680000, 0x0000000100000000)
  eden space 22016K, 0% used [0x00000000eab00000,0x00000000eab00000,0x00000000ec080000)
  from space 1536K, 98% used [0x00000000ec300000,0x00000000ec47b6d0,0x00000000ec480000)
  to   space 2048K, 0% used [0x00000000ec480000,0x00000000ec480000,0x00000000ec680000)
 ParOldGen       total 68608K, used 17405K [0x00000000c0000000, 0x00000000c4300000, 0x00000000eab00000)
  object space 68608K, 25% used [0x00000000c0000000,0x00000000c10ff5f8,0x00000000c4300000)
 Metaspace       used 42973K, committed 43968K, reserved 1114112K
  class space    used 4468K, committed 4928K, reserved 1048576K
}
Event: 6.034 GC heap before
{Heap before GC invocations=16 (full 2):
 PSYoungGen      total 23552K, used 23533K [0x00000000eab00000, 0x00000000ec680000, 0x0000000100000000)
  eden space 22016K, 100% used [0x00000000eab00000,0x00000000ec080000,0x00000000ec080000)
  from space 1536K, 98% used [0x00000000ec300000,0x00000000ec47b6d0,0x00000000ec480000)
  to   space 2048K, 0% used [0x00000000ec480000,0x00000000ec480000,0x00000000ec680000)
 ParOldGen       total 68608K, used 17405K [0x00000000c0000000, 0x00000000c4300000, 0x00000000eab00000)
  object space 68608K, 25% used [0x00000000c0000000,0x00000000c10ff5f8,0x00000000c4300000)
 Metaspace       used 44400K, committed 45440K, reserved 1114112K
  class space    used 4668K, committed 5120K, reserved 1048576K
}
Event: 6.036 GC heap after
{Heap after GC invocations=16 (full 2):
 PSYoungGen      total 23040K, used 833K [0x00000000eab00000, 0x00000000ec580000, 0x0000000100000000)
  eden space 22016K, 0% used [0x00000000eab00000,0x00000000eab00000,0x00000000ec080000)
  from space 1024K, 81% used [0x00000000ec480000,0x00000000ec5507c0,0x00000000ec580000)
  to   space 1536K, 0% used [0x00000000ec280000,0x00000000ec280000,0x00000000ec400000)
 ParOldGen       total 68608K, used 18959K [0x00000000c0000000, 0x00000000c4300000, 0x00000000eab00000)
  object space 68608K, 27% used [0x00000000c0000000,0x00000000c1283f60,0x00000000c4300000)
 Metaspace       used 44400K, committed 45440K, reserved 1114112K
  class space    used 4668K, committed 5120K, reserved 1048576K
}
Event: 6.396 GC heap before
{Heap before GC invocations=17 (full 2):
 PSYoungGen      total 23040K, used 22849K [0x00000000eab00000, 0x00000000ec580000, 0x0000000100000000)
  eden space 22016K, 100% used [0x00000000eab00000,0x00000000ec080000,0x00000000ec080000)
  from space 1024K, 81% used [0x00000000ec480000,0x00000000ec5507c0,0x00000000ec580000)
  to   space 1536K, 0% used [0x00000000ec280000,0x00000000ec280000,0x00000000ec400000)
 ParOldGen       total 68608K, used 18959K [0x00000000c0000000, 0x00000000c4300000, 0x00000000eab00000)
  object space 68608K, 27% used [0x00000000c0000000,0x00000000c1283f60,0x00000000c4300000)
 Metaspace       used 46649K, committed 47680K, reserved 1114112K
  class space    used 4961K, committed 5440K, reserved 1048576K
}
Event: 6.398 GC heap after
{Heap after GC invocations=17 (full 2):
 PSYoungGen      total 23552K, used 869K [0x00000000eab00000, 0x00000000ec500000, 0x0000000100000000)
  eden space 22016K, 0% used [0x00000000eab00000,0x00000000eab00000,0x00000000ec080000)
  from space 1536K, 56% used [0x00000000ec280000,0x00000000ec3596a0,0x00000000ec400000)
  to   space 1024K, 0% used [0x00000000ec400000,0x00000000ec400000,0x00000000ec500000)
 ParOldGen       total 68608K, used 19492K [0x00000000c0000000, 0x00000000c4300000, 0x00000000eab00000)
  object space 68608K, 28% used [0x00000000c0000000,0x00000000c1309170,0x00000000c4300000)
 Metaspace       used 46649K, committed 47680K, reserved 1114112K
  class space    used 4961K, committed 5440K, reserved 1048576K
}
Event: 6.639 GC heap before
{Heap before GC invocations=18 (full 2):
 PSYoungGen      total 23552K, used 22885K [0x00000000eab00000, 0x00000000ec500000, 0x0000000100000000)
  eden space 22016K, 100% used [0x00000000eab00000,0x00000000ec080000,0x00000000ec080000)
  from space 1536K, 56% used [0x00000000ec280000,0x00000000ec3596a0,0x00000000ec400000)
  to   space 1024K, 0% used [0x00000000ec400000,0x00000000ec400000,0x00000000ec500000)
 ParOldGen       total 68608K, used 19492K [0x00000000c0000000, 0x00000000c4300000, 0x00000000eab00000)
  object space 68608K, 28% used [0x00000000c0000000,0x00000000c1309170,0x00000000c4300000)
 Metaspace       used 49243K, committed 50240K, reserved 1114112K
  class space    used 5313K, committed 5760K, reserved 1048576K
}
Event: 6.642 GC heap after
{Heap after GC invocations=18 (full 2):
 PSYoungGen      total 23040K, used 1024K [0x00000000eab00000, 0x00000000ec580000, 0x0000000100000000)
  eden space 22016K, 0% used [0x00000000eab00000,0x00000000eab00000,0x00000000ec080000)
  from space 1024K, 100% used [0x00000000ec400000,0x00000000ec500000,0x00000000ec500000)
  to   space 2560K, 0% used [0x00000000ec080000,0x00000000ec080000,0x00000000ec300000)
 ParOldGen       total 68608K, used 20419K [0x00000000c0000000, 0x00000000c4300000, 0x00000000eab00000)
  object space 68608K, 29% used [0x00000000c0000000,0x00000000c13f0e70,0x00000000c4300000)
 Metaspace       used 49243K, committed 50240K, reserved 1114112K
  class space    used 5313K, committed 5760K, reserved 1048576K
}
Event: 7.014 GC heap before
{Heap before GC invocations=19 (full 2):
 PSYoungGen      total 23040K, used 23040K [0x00000000eab00000, 0x00000000ec580000, 0x0000000100000000)
  eden space 22016K, 100% used [0x00000000eab00000,0x00000000ec080000,0x00000000ec080000)
  from space 1024K, 100% used [0x00000000ec400000,0x00000000ec500000,0x00000000ec500000)
  to   space 2560K, 0% used [0x00000000ec080000,0x00000000ec080000,0x00000000ec300000)
 ParOldGen       total 68608K, used 20419K [0x00000000c0000000, 0x00000000c4300000, 0x00000000eab00000)
  object space 68608K, 29% used [0x00000000c0000000,0x00000000c13f0e70,0x00000000c4300000)
 Metaspace       used 51815K, committed 52864K, reserved 1114112K
  class space    used 5604K, committed 6080K, reserved 1048576K
}
Event: 7.016 GC heap after
{Heap after GC invocations=19 (full 2):
 PSYoungGen      total 24576K, used 1001K [0x00000000eab00000, 0x00000000ec480000, 0x0000000100000000)
  eden space 22016K, 0% used [0x00000000eab00000,0x00000000eab00000,0x00000000ec080000)
  from space 2560K, 39% used [0x00000000ec080000,0x00000000ec17a590,0x00000000ec300000)
  to   space 1536K, 0% used [0x00000000ec300000,0x00000000ec300000,0x00000000ec480000)
 ParOldGen       total 68608K, used 21467K [0x00000000c0000000, 0x00000000c4300000, 0x00000000eab00000)
  object space 68608K, 31% used [0x00000000c0000000,0x00000000c14f6e70,0x00000000c4300000)
 Metaspace       used 51815K, committed 52864K, reserved 1114112K
  class space    used 5604K, committed 6080K, reserved 1048576K
}
Event: 7.538 GC heap before
{Heap before GC invocations=20 (full 2):
 PSYoungGen      total 24576K, used 23017K [0x00000000eab00000, 0x00000000ec480000, 0x0000000100000000)
  eden space 22016K, 100% used [0x00000000eab00000,0x00000000ec080000,0x00000000ec080000)
  from space 2560K, 39% used [0x00000000ec080000,0x00000000ec17a590,0x00000000ec300000)
  to   space 1536K, 0% used [0x00000000ec300000,0x00000000ec300000,0x00000000ec480000)
 ParOldGen       total 68608K, used 21467K [0x00000000c0000000, 0x00000000c4300000, 0x00000000eab00000)
  object space 68608K, 31% used [0x00000000c0000000,0x00000000c14f6e70,0x00000000c4300000)
 Metaspace       used 51833K, committed 52864K, reserved 1114112K
  class space    used 5604K, committed 6080K, reserved 1048576K
}
Event: 7.540 GC heap after
{Heap after GC invocations=20 (full 2):
 PSYoungGen      total 22528K, used 160K [0x00000000eab00000, 0x00000000ec380000, 0x0000000100000000)
  eden space 22016K, 0% used [0x00000000eab00000,0x00000000eab00000,0x00000000ec080000)
  from space 512K, 31% used [0x00000000ec300000,0x00000000ec328000,0x00000000ec380000)
  to   space 1024K, 0% used [0x00000000ec180000,0x00000000ec180000,0x00000000ec280000)
 ParOldGen       total 68608K, used 22349K [0x00000000c0000000, 0x00000000c4300000, 0x00000000eab00000)
  object space 68608K, 32% used [0x00000000c0000000,0x00000000c15d37c0,0x00000000c4300000)
 Metaspace       used 51833K, committed 52864K, reserved 1114112K
  class space    used 5604K, committed 6080K, reserved 1048576K
}
Event: 7.738 GC heap before
{Heap before GC invocations=21 (full 2):
 PSYoungGen      total 22528K, used 22176K [0x00000000eab00000, 0x00000000ec380000, 0x0000000100000000)
  eden space 22016K, 100% used [0x00000000eab00000,0x00000000ec080000,0x00000000ec080000)
  from space 512K, 31% used [0x00000000ec300000,0x00000000ec328000,0x00000000ec380000)
  to   space 1024K, 0% used [0x00000000ec180000,0x00000000ec180000,0x00000000ec280000)
 ParOldGen       total 68608K, used 22349K [0x00000000c0000000, 0x00000000c4300000, 0x00000000eab00000)
  object space 68608K, 32% used [0x00000000c0000000,0x00000000c15d37c0,0x00000000c4300000)
 Metaspace       used 52155K, committed 53248K, reserved 1114112K
  class space    used 5646K, committed 6144K, reserved 1048576K
}
Event: 7.739 GC heap after
{Heap after GC invocations=21 (full 2):
 PSYoungGen      total 23040K, used 960K [0x00000000eab00000, 0x00000000ec380000, 0x0000000100000000)
  eden space 22016K, 0% used [0x00000000eab00000,0x00000000eab00000,0x00000000ec080000)
  from space 1024K, 93% used [0x00000000ec180000,0x00000000ec270000,0x00000000ec280000)
  to   space 1024K, 0% used [0x00000000ec280000,0x00000000ec280000,0x00000000ec380000)
 ParOldGen       total 68608K, used 22397K [0x00000000c0000000, 0x00000000c4300000, 0x00000000eab00000)
  object space 68608K, 32% used [0x00000000c0000000,0x00000000c15df7c0,0x00000000c4300000)
 Metaspace       used 52155K, committed 53248K, reserved 1114112K
  class space    used 5646K, committed 6144K, reserved 1048576K
}

Dll operation events (10 events):
Event: 0.008 Loaded shared library c:\Users\anuma\.vscode\extensions\redhat.java-1.35.0-win32-x64\jre\17.0.12-win32-x86_64\bin\java.dll
Event: 0.100 Loaded shared library c:\Users\anuma\.vscode\extensions\redhat.java-1.35.0-win32-x64\jre\17.0.12-win32-x86_64\bin\zip.dll
Event: 0.103 Loaded shared library C:\Users\anuma\.vscode\extensions\redhat.java-1.35.0-win32-x64\jre\17.0.12-win32-x86_64\bin\instrument.dll
Event: 0.113 Loaded shared library C:\Users\anuma\.vscode\extensions\redhat.java-1.35.0-win32-x64\jre\17.0.12-win32-x86_64\bin\net.dll
Event: 0.115 Loaded shared library C:\Users\anuma\.vscode\extensions\redhat.java-1.35.0-win32-x64\jre\17.0.12-win32-x86_64\bin\nio.dll
Event: 0.119 Loaded shared library C:\Users\anuma\.vscode\extensions\redhat.java-1.35.0-win32-x64\jre\17.0.12-win32-x86_64\bin\zip.dll
Event: 0.131 Loaded shared library C:\Users\anuma\.vscode\extensions\redhat.java-1.35.0-win32-x64\jre\17.0.12-win32-x86_64\bin\jimage.dll
Event: 0.170 Loaded shared library c:\Users\anuma\.vscode\extensions\redhat.java-1.35.0-win32-x64\jre\17.0.12-win32-x86_64\bin\verify.dll
Event: 1.013 Loaded shared library C:\Users\anuma\AppData\Roaming\Code\User\globalStorage\redhat.java\1.35.0\config_win\org.eclipse.equinox.launcher\org.eclipse.equinox.launcher.win32.win32.x86_64_1.2.1100.v20240722-2106\eclipse_11904.dll
Event: 2.642 Loaded shared library C:\Users\anuma\AppData\Local\Temp\jna-92974460\jna5123279194484115595.dll

Deoptimization events (20 events):
Event: 8.214 Thread 0x000001543e464ce0 DEOPT PACKING pc=0x000001542b74c354 sp=0x00000015893fe2f0
Event: 8.214 Thread 0x000001543e464ce0 DEOPT UNPACKING pc=0x000001542b0566a3 sp=0x00000015893fe268 mode 2
Event: 8.214 Thread 0x000001543e464ce0 Uncommon trap: trap_request=0xffffff45 fr.pc=0x000001542b89f694 relative=0x00000000000000f4
Event: 8.214 Thread 0x000001543e464ce0 Uncommon trap: reason=unstable_if action=reinterpret pc=0x000001542b89f694 method=java.util.concurrent.locks.ReentrantReadWriteLock$Sync.tryReleaseShared(I)Z @ 9 c2
Event: 8.214 Thread 0x000001543e464ce0 DEOPT PACKING pc=0x000001542b89f694 sp=0x00000015893fe3b0
Event: 8.214 Thread 0x000001543e464ce0 DEOPT UNPACKING pc=0x000001542b0566a3 sp=0x00000015893fe260 mode 2
Event: 8.244 Thread 0x000001543c0dd6a0 DEOPT PACKING pc=0x0000015423dea93d sp=0x0000001586dfe710
Event: 8.244 Thread 0x000001543c0dd6a0 DEOPT UNPACKING pc=0x000001542b056e43 sp=0x0000001586dfdba8 mode 0
Event: 8.289 Thread 0x000001543e463db0 Uncommon trap: trap_request=0xffffff45 fr.pc=0x000001542b6e2898 relative=0x0000000000000bf8
Event: 8.289 Thread 0x000001543e463db0 Uncommon trap: reason=unstable_if action=reinterpret pc=0x000001542b6e2898 method=java.util.concurrent.ConcurrentHashMap.putVal(Ljava/lang/Object;Ljava/lang/Object;Z)Ljava/lang/Object; @ 97 c2
Event: 8.289 Thread 0x000001543e463db0 DEOPT PACKING pc=0x000001542b6e2898 sp=0x00000015880fd6b0
Event: 8.289 Thread 0x000001543e463db0 DEOPT UNPACKING pc=0x000001542b0566a3 sp=0x00000015880fd638 mode 2
Event: 8.289 Thread 0x000001543e463db0 Uncommon trap: trap_request=0xffffff54 fr.pc=0x000001542b733ad0 relative=0x00000000000032f0
Event: 8.289 Thread 0x000001543e463db0 Uncommon trap: reason=speculate_null_assert action=make_not_entrant pc=0x000001542b733ad0 method=java.lang.invoke.MethodType$ConcurrentWeakInternSet.add(Ljava/lang/Object;)Ljava/lang/Object; @ 47 c2
Event: 8.289 Thread 0x000001543e463db0 DEOPT PACKING pc=0x000001542b733ad0 sp=0x00000015880fd760
Event: 8.289 Thread 0x000001543e463db0 DEOPT UNPACKING pc=0x000001542b0566a3 sp=0x00000015880fd6f8 mode 2
Event: 8.371 Thread 0x000001543c0d9ef0 DEOPT PACKING pc=0x000001542441d98c sp=0x0000001587efd2f0
Event: 8.371 Thread 0x000001543c0d9ef0 DEOPT UNPACKING pc=0x000001542b056e43 sp=0x0000001587efc870 mode 0
Event: 8.390 Thread 0x000001543c0d9ef0 DEOPT PACKING pc=0x000001542441d98c sp=0x0000001587efd2f0
Event: 8.390 Thread 0x000001543c0d9ef0 DEOPT UNPACKING pc=0x000001542b056e43 sp=0x0000001587efc870 mode 0

Classes loaded (20 events):
Event: 8.214 Loading class java/util/concurrent/locks/ReentrantReadWriteLock$Sync$HoldCounter
Event: 8.214 Loading class java/util/concurrent/locks/ReentrantReadWriteLock$Sync$HoldCounter done
Event: 8.220 Loading class java/util/concurrent/CompletableFuture$Signaller
Event: 8.220 Loading class java/util/concurrent/CompletableFuture$Signaller done
Event: 8.221 Loading class java/util/concurrent/ForkJoinTask$Aux
Event: 8.221 Loading class java/util/concurrent/ForkJoinTask$Aux done
Event: 8.249 Loading class java/util/Hashtable$KeySet
Event: 8.249 Loading class java/util/Hashtable$KeySet done
Event: 8.264 Loading class java/util/concurrent/CompletableFuture$UniApply
Event: 8.264 Loading class java/util/concurrent/CompletableFuture$UniCompletion
Event: 8.264 Loading class java/util/concurrent/CompletableFuture$UniCompletion done
Event: 8.264 Loading class java/util/concurrent/CompletableFuture$UniApply done
Event: 8.268 Loading class java/util/concurrent/ForkJoinPool$DefaultCommonPoolForkJoinWorkerThreadFactory$1
Event: 8.269 Loading class java/util/concurrent/ForkJoinPool$DefaultCommonPoolForkJoinWorkerThreadFactory$1 done
Event: 8.269 Loading class java/util/concurrent/CompletableFuture$UniAccept
Event: 8.269 Loading class java/util/concurrent/CompletableFuture$UniAccept done
Event: 8.269 Loading class java/util/concurrent/CompletableFuture$UniExceptionally
Event: 8.269 Loading class java/util/concurrent/CompletableFuture$UniExceptionally done
Event: 8.277 Loading class java/util/HashMap$ValueSpliterator
Event: 8.277 Loading class java/util/HashMap$ValueSpliterator done

Classes unloaded (7 events):
Event: 3.814 Thread 0x0000015439d44870 Unloading class 0x0000000100257c00 'java/lang/invoke/LambdaForm$MH+0x0000000100257c00'
Event: 3.814 Thread 0x0000015439d44870 Unloading class 0x0000000100257800 'java/lang/invoke/LambdaForm$MH+0x0000000100257800'
Event: 3.814 Thread 0x0000015439d44870 Unloading class 0x0000000100257400 'java/lang/invoke/LambdaForm$MH+0x0000000100257400'
Event: 3.814 Thread 0x0000015439d44870 Unloading class 0x0000000100257000 'java/lang/invoke/LambdaForm$MH+0x0000000100257000'
Event: 3.814 Thread 0x0000015439d44870 Unloading class 0x0000000100256c00 'java/lang/invoke/LambdaForm$BMH+0x0000000100256c00'
Event: 3.814 Thread 0x0000015439d44870 Unloading class 0x0000000100256800 'java/lang/invoke/LambdaForm$DMH+0x0000000100256800'
Event: 3.814 Thread 0x0000015439d44870 Unloading class 0x0000000100254000 'java/lang/invoke/LambdaForm$DMH+0x0000000100254000'

Classes redefined (0 events):
No events

Internal exceptions (20 events):
Event: 8.250 Thread 0x000001543c0d9ef0 Exception <a 'java/io/FileNotFoundException'{0x00000000eb7db0c8}> (0x00000000eb7db0c8) 
thrown [s\src\hotspot\share\prims\jni.cpp, line 516]
Event: 8.250 Thread 0x000001543c0d9ef0 Exception <a 'java/io/FileNotFoundException'{0x00000000eb7dc368}> (0x00000000eb7dc368) 
thrown [s\src\hotspot\share\prims\jni.cpp, line 516]
Event: 8.250 Thread 0x000001543c0d9ef0 Exception <a 'java/io/FileNotFoundException'{0x00000000eb7dd360}> (0x00000000eb7dd360) 
thrown [s\src\hotspot\share\prims\jni.cpp, line 516]
Event: 8.286 Thread 0x000001543c0d9ef0 Exception <a 'java/io/FileNotFoundException'{0x00000000eb968150}> (0x00000000eb968150) 
thrown [s\src\hotspot\share\prims\jni.cpp, line 516]
Event: 8.323 Thread 0x000001543c0d9ef0 Exception <a 'sun/nio/fs/WindowsException'{0x00000000ebb6bfe0}> (0x00000000ebb6bfe0) 
thrown [s\src\hotspot\share\prims\jni.cpp, line 516]
Event: 8.324 Thread 0x000001543c0d9ef0 Exception <a 'sun/nio/fs/WindowsException'{0x00000000ebb6c890}> (0x00000000ebb6c890) 
thrown [s\src\hotspot\share\prims\jni.cpp, line 516]
Event: 8.324 Thread 0x000001543c0d9ef0 Exception <a 'sun/nio/fs/WindowsException'{0x00000000ebb6dbc8}> (0x00000000ebb6dbc8) 
thrown [s\src\hotspot\share\prims\jni.cpp, line 516]
Event: 8.325 Thread 0x000001543c0d9ef0 Exception <a 'sun/nio/fs/WindowsException'{0x00000000ebb6e478}> (0x00000000ebb6e478) 
thrown [s\src\hotspot\share\prims\jni.cpp, line 516]
Event: 8.327 Thread 0x000001543e463db0 Exception <a 'java/lang/NoSuchMethodError'{0x00000000ebba8938}: 'java.lang.Object java.lang.invoke.DirectMethodHandle$Holder.invokeInterface(java.lang.Object, java.lang.Object, java.lang.Object)'> (0x00000000ebba8938) 
thrown [s\src\hotspot\share\interpreter\linkResolver.cpp, line 759]
Event: 8.334 Thread 0x000001543c0d9ef0 Exception <a 'sun/nio/fs/WindowsException'{0x00000000ebbed2b0}> (0x00000000ebbed2b0) 
thrown [s\src\hotspot\share\prims\jni.cpp, line 516]
Event: 8.334 Thread 0x000001543c0d9ef0 Exception <a 'sun/nio/fs/WindowsException'{0x00000000ebbede08}> (0x00000000ebbede08) 
thrown [s\src\hotspot\share\prims\jni.cpp, line 516]
Event: 8.337 Thread 0x000001543c0d9ef0 Exception <a 'sun/nio/fs/WindowsException'{0x00000000ebc38018}> (0x00000000ebc38018) 
thrown [s\src\hotspot\share\prims\jni.cpp, line 516]
Event: 8.337 Thread 0x000001543c0d9ef0 Exception <a 'sun/nio/fs/WindowsException'{0x00000000ebc38b70}> (0x00000000ebc38b70) 
thrown [s\src\hotspot\share\prims\jni.cpp, line 516]
Event: 8.342 Thread 0x000001543e463db0 Exception <a 'java/io/FileNotFoundException'{0x00000000ebc9eaf8}> (0x00000000ebc9eaf8) 
thrown [s\src\hotspot\share\prims\jni.cpp, line 516]
Event: 8.343 Thread 0x000001543e463db0 Exception <a 'java/io/FileNotFoundException'{0x00000000ebca0008}> (0x00000000ebca0008) 
thrown [s\src\hotspot\share\prims\jni.cpp, line 516]
Event: 8.345 Thread 0x000001543e463db0 Exception <a 'java/lang/NoSuchMethodError'{0x00000000ebca9280}: 'java.lang.Object java.lang.invoke.DirectMethodHandle$Holder.newInvokeSpecial(java.lang.Object, java.lang.Object, java.lang.Object, int)'> (0x00000000ebca9280) 
thrown [s\src\hotspot\share\interpreter\linkResolver.cpp, line 759]
Event: 8.345 Thread 0x000001543e463db0 Exception <a 'java/lang/NoSuchMethodError'{0x00000000ebcad388}: 'java.lang.Object java.lang.invoke.DirectMethodHandle$Holder.invokeSpecial(java.lang.Object, java.lang.Object, java.lang.Object, java.lang.Object, int)'> (0x00000000ebcad388) 
thrown [s\src\hotspot\share\interpreter\linkResolver.cpp, line 759]
Event: 8.346 Thread 0x000001543e463db0 Exception <a 'java/lang/NoSuchMethodError'{0x00000000ebcf9a28}: 'java.lang.Object java.lang.invoke.Invokers$Holder.linkToTargetMethod(java.lang.Object, java.lang.Object, int, java.lang.Object)'> (0x00000000ebcf9a28) 
thrown [s\src\hotspot\share\interpreter\linkResolver.cpp, line 759]
Event: 8.359 Thread 0x000001543c0d9ef0 Exception <a 'sun/nio/fs/WindowsException'{0x00000000ebe0c970}> (0x00000000ebe0c970) 
thrown [s\src\hotspot\share\prims\jni.cpp, line 516]
Event: 8.360 Thread 0x000001543c0d9ef0 Exception <a 'sun/nio/fs/WindowsException'{0x00000000ebe0d4c8}> (0x00000000ebe0d4c8) 
thrown [s\src\hotspot\share\prims\jni.cpp, line 516]

VM Operations (20 events):
Event: 6.739 Executing VM operation: HandshakeAllThreads
Event: 6.739 Executing VM operation: HandshakeAllThreads done
Event: 6.739 Executing VM operation: HandshakeAllThreads
Event: 6.739 Executing VM operation: HandshakeAllThreads done
Event: 6.982 Executing VM operation: ICBufferFull
Event: 6.982 Executing VM operation: ICBufferFull done
Event: 7.014 Executing VM operation: ParallelGCFailedAllocation
Event: 7.016 Executing VM operation: ParallelGCFailedAllocation done
Event: 7.538 Executing VM operation: ParallelGCFailedAllocation
Event: 7.540 Executing VM operation: ParallelGCFailedAllocation done
Event: 7.738 Executing VM operation: ParallelGCFailedAllocation
Event: 7.739 Executing VM operation: ParallelGCFailedAllocation done
Event: 7.758 Executing VM operation: HandshakeAllThreads
Event: 7.758 Executing VM operation: HandshakeAllThreads done
Event: 8.203 Executing VM operation: HandshakeAllThreads
Event: 8.203 Executing VM operation: HandshakeAllThreads done
Event: 8.204 Executing VM operation: HandshakeAllThreads
Event: 8.204 Executing VM operation: HandshakeAllThreads done
Event: 9.203 Executing VM operation: Cleanup
Event: 9.203 Executing VM operation: Cleanup done

Events (20 events):
Event: 6.383 Thread 0x0000015439d76800 flushing nmethod 0x0000015424457e10
Event: 6.383 Thread 0x0000015439d76800 flushing nmethod 0x0000015424459f10
Event: 6.383 Thread 0x0000015439d76800 flushing nmethod 0x0000015424467b90
Event: 6.383 Thread 0x0000015439d76800 flushing nmethod 0x0000015424471b10
Event: 6.383 Thread 0x0000015439d76800 flushing nmethod 0x000001542447ba90
Event: 6.383 Thread 0x0000015439d76800 flushing nmethod 0x000001542448fb10
Event: 6.383 Thread 0x0000015439d76800 flushing nmethod 0x0000015424493490
Event: 6.383 Thread 0x0000015439d76800 flushing nmethod 0x00000154244a5590
Event: 7.540 Thread 0x000001543d1ea010 Thread exited: 0x000001543d1ea010
Event: 7.540 Thread 0x000001543c65e070 Thread exited: 0x000001543c65e070
Event: 7.680 Thread 0x000001543c717260 Thread added: 0x000001543c717260
Event: 7.721 Thread 0x000001543c7157d0 Thread added: 0x000001543c7157d0
Event: 8.103 Thread 0x000001543c7157d0 Thread exited: 0x000001543c7157d0
Event: 8.131 Thread 0x000001543c717260 Thread exited: 0x000001543c717260
Event: 8.163 Thread 0x000001543c715d20 Thread added: 0x000001543c715d20
Event: 8.178 Thread 0x000001543c0da910 Thread exited: 0x000001543c0da910
Event: 8.269 Thread 0x000001543e4638a0 Thread added: 0x000001543e4638a0
Event: 8.277 Thread 0x000001543e463db0 Thread added: 0x000001543e463db0
Event: 8.285 Thread 0x000001543e466120 Thread added: 0x000001543e466120
Event: 8.288 Thread 0x000001543e4642c0 Thread added: 0x000001543e4642c0


Dynamic libraries:
0x00007ff753ec0000 - 0x00007ff753ece000 	c:\Users\anuma\.vscode\extensions\redhat.java-1.35.0-win32-x64\jre\17.0.12-win32-x86_64\bin\java.exe
0x00007ffebbc60000 - 0x00007ffebbec7000 	C:\WINDOWS\SYSTEM32\ntdll.dll
0x00007ffebad00000 - 0x00007ffebadc9000 	C:\WINDOWS\System32\KERNEL32.DLL
0x00007ffeb91d0000 - 0x00007ffeb95c0000 	C:\WINDOWS\System32\KERNELBASE.dll
0x00007ffeb9660000 - 0x00007ffeb97ab000 	C:\WINDOWS\System32\ucrtbase.dll
0x00007ffe79c00000 - 0x00007ffe79c17000 	c:\Users\anuma\.vscode\extensions\redhat.java-1.35.0-win32-x64\jre\17.0.12-win32-x86_64\bin\jli.dll
0x00007ffe79be0000 - 0x00007ffe79bfb000 	c:\Users\anuma\.vscode\extensions\redhat.java-1.35.0-win32-x64\jre\17.0.12-win32-x86_64\bin\VCRUNTIME140.dll
0x00007ffeba520000 - 0x00007ffeba6e5000 	C:\WINDOWS\System32\USER32.dll
0x00007ffeb8d90000 - 0x00007ffeb8db7000 	C:\WINDOWS\System32\win32u.dll
0x00007ffe968a0000 - 0x00007ffe96b3a000 	C:\WINDOWS\WinSxS\amd64_microsoft.windows.common-controls_6595b64144ccf1df_6.0.26100.4768_none_3e0c112ce331287c\COMCTL32.dll
0x00007ffebbb10000 - 0x00007ffebbb3b000 	C:\WINDOWS\System32\GDI32.dll
0x00007ffeb8ff0000 - 0x00007ffeb9128000 	C:\WINDOWS\System32\gdi32full.dll
0x00007ffebba60000 - 0x00007ffebbb09000 	C:\WINDOWS\System32\msvcrt.dll
0x00007ffeb8f40000 - 0x00007ffeb8fe3000 	C:\WINDOWS\System32\msvcp_win.dll
0x00007ffebbb40000 - 0x00007ffebbb6f000 	C:\WINDOWS\System32\IMM32.DLL
0x00007ffe79bd0000 - 0x00007ffe79bdc000 	c:\Users\anuma\.vscode\extensions\redhat.java-1.35.0-win32-x64\jre\17.0.12-win32-x86_64\bin\vcruntime140_1.dll
0x00007ffe3e5c0000 - 0x00007ffe3e64d000 	c:\Users\anuma\.vscode\extensions\redhat.java-1.35.0-win32-x64\jre\17.0.12-win32-x86_64\bin\msvcp140.dll
0x00007ffdffdd0000 - 0x00007ffe00a3a000 	c:\Users\anuma\.vscode\extensions\redhat.java-1.35.0-win32-x64\jre\17.0.12-win32-x86_64\bin\server\jvm.dll
0x00007ffebb260000 - 0x00007ffebb314000 	C:\WINDOWS\System32\ADVAPI32.dll
0x00007ffebadd0000 - 0x00007ffebae76000 	C:\WINDOWS\System32\sechost.dll
0x00007ffebae80000 - 0x00007ffebaf98000 	C:\WINDOWS\System32\RPCRT4.dll
0x00007ffebb3a0000 - 0x00007ffebb414000 	C:\WINDOWS\System32\WS2_32.dll
0x00007ffeb3320000 - 0x00007ffeb3355000 	C:\WINDOWS\SYSTEM32\WINMM.dll
0x00007ffeb8bf0000 - 0x00007ffeb8c4e000 	C:\WINDOWS\SYSTEM32\POWRPROF.dll
0x00007ffea5cb0000 - 0x00007ffea5cbb000 	C:\WINDOWS\SYSTEM32\VERSION.dll
0x00007ffeb8bd0000 - 0x00007ffeb8be4000 	C:\WINDOWS\SYSTEM32\UMPDC.dll
0x00007ffeb7a40000 - 0x00007ffeb7a5b000 	C:\WINDOWS\SYSTEM32\kernel.appcore.dll
0x00007ffe79bc0000 - 0x00007ffe79bca000 	c:\Users\anuma\.vscode\extensions\redhat.java-1.35.0-win32-x64\jre\17.0.12-win32-x86_64\bin\jimage.dll
0x00007ffeb6350000 - 0x00007ffeb6591000 	C:\WINDOWS\SYSTEM32\DBGHELP.DLL
0x00007ffebb6d0000 - 0x00007ffebba55000 	C:\WINDOWS\System32\combase.dll
0x00007ffeba3b0000 - 0x00007ffeba490000 	C:\WINDOWS\System32\OLEAUT32.dll
0x00007ffe95810000 - 0x00007ffe95853000 	C:\WINDOWS\SYSTEM32\dbgcore.DLL
0x00007ffeb9130000 - 0x00007ffeb91c9000 	C:\WINDOWS\System32\bcryptPrimitives.dll
0x00007ffe79bb0000 - 0x00007ffe79bbe000 	c:\Users\anuma\.vscode\extensions\redhat.java-1.35.0-win32-x64\jre\17.0.12-win32-x86_64\bin\instrument.dll
0x00007ffe3e590000 - 0x00007ffe3e5b5000 	c:\Users\anuma\.vscode\extensions\redhat.java-1.35.0-win32-x64\jre\17.0.12-win32-x86_64\bin\java.dll
0x00007ffe3e570000 - 0x00007ffe3e588000 	c:\Users\anuma\.vscode\extensions\redhat.java-1.35.0-win32-x64\jre\17.0.12-win32-x86_64\bin\zip.dll
0x00007ffeb9c60000 - 0x00007ffeba3ad000 	C:\WINDOWS\System32\SHELL32.dll
0x00007ffeb9870000 - 0x00007ffeb99e3000 	C:\WINDOWS\System32\wintypes.dll
0x00007ffeb6930000 - 0x00007ffeb7190000 	C:\WINDOWS\SYSTEM32\windows.storage.dll
0x00007ffebb150000 - 0x00007ffebb245000 	C:\WINDOWS\System32\SHCORE.dll
0x00007ffebb640000 - 0x00007ffebb6aa000 	C:\WINDOWS\System32\shlwapi.dll
0x00007ffeb8cb0000 - 0x00007ffeb8cd9000 	C:\WINDOWS\SYSTEM32\profapi.dll
0x00007ffe3e550000 - 0x00007ffe3e569000 	C:\Users\anuma\.vscode\extensions\redhat.java-1.35.0-win32-x64\jre\17.0.12-win32-x86_64\bin\net.dll
0x00007ffeaac90000 - 0x00007ffeaadae000 	C:\WINDOWS\SYSTEM32\WINHTTP.dll
0x00007ffeb8080000 - 0x00007ffeb80eb000 	C:\WINDOWS\system32\mswsock.dll
0x00007ffe3e530000 - 0x00007ffe3e546000 	C:\Users\anuma\.vscode\extensions\redhat.java-1.35.0-win32-x64\jre\17.0.12-win32-x86_64\bin\nio.dll
0x00007ffe79ba0000 - 0x00007ffe79bb0000 	c:\Users\anuma\.vscode\extensions\redhat.java-1.35.0-win32-x64\jre\17.0.12-win32-x86_64\bin\verify.dll
0x00007ffe3e490000 - 0x00007ffe3e4d5000 	C:\Users\anuma\AppData\Roaming\Code\User\globalStorage\redhat.java\1.35.0\config_win\org.eclipse.equinox.launcher\org.eclipse.equinox.launcher.win32.win32.x86_64_1.2.1100.v20240722-2106\eclipse_11904.dll
0x00007ffebafa0000 - 0x00007ffebb140000 	C:\WINDOWS\System32\ole32.dll
0x00007ffeb8350000 - 0x00007ffeb836b000 	C:\WINDOWS\SYSTEM32\CRYPTSP.dll
0x00007ffeb7a60000 - 0x00007ffeb7a9b000 	C:\WINDOWS\system32\rsaenh.dll
0x00007ffeb8120000 - 0x00007ffeb814b000 	C:\WINDOWS\SYSTEM32\USERENV.dll
0x00007ffeb8c80000 - 0x00007ffeb8ca6000 	C:\WINDOWS\SYSTEM32\bcrypt.dll
0x00007ffeb8340000 - 0x00007ffeb834c000 	C:\WINDOWS\SYSTEM32\CRYPTBASE.dll
0x00007ffeb74d0000 - 0x00007ffeb7503000 	C:\WINDOWS\SYSTEM32\IPHLPAPI.DLL
0x00007ffebb6c0000 - 0x00007ffebb6ca000 	C:\WINDOWS\System32\NSI.dll
0x00007ffeb23c0000 - 0x00007ffeb23df000 	C:\WINDOWS\SYSTEM32\dhcpcsvc6.DLL
0x00007ffeb2390000 - 0x00007ffeb23b5000 	C:\WINDOWS\SYSTEM32\dhcpcsvc.DLL
0x00007ffeb7560000 - 0x00007ffeb7686000 	C:\WINDOWS\SYSTEM32\DNSAPI.dll
0x00007ffe3e3f0000 - 0x00007ffe3e439000 	C:\Users\anuma\AppData\Local\Temp\jna-92974460\jna5123279194484115595.dll
0x00007ffebb250000 - 0x00007ffebb258000 	C:\WINDOWS\System32\PSAPI.DLL

dbghelp: loaded successfully - version: 4.0.5 - missing functions: none
symbol engine: initialized successfully - sym options: 0x614 - pdb path: .;c:\Users\anuma\.vscode\extensions\redhat.java-1.35.0-win32-x64\jre\17.0.12-win32-x86_64\bin;C:\WINDOWS\SYSTEM32;C:\WINDOWS\WinSxS\amd64_microsoft.windows.common-controls_6595b64144ccf1df_6.0.26100.4768_none_3e0c112ce331287c;c:\Users\anuma\.vscode\extensions\redhat.java-1.35.0-win32-x64\jre\17.0.12-win32-x86_64\bin\server;C:\Users\anuma\AppData\Roaming\Code\User\globalStorage\redhat.java\1.35.0\config_win\org.eclipse.equinox.launcher\org.eclipse.equinox.launcher.win32.win32.x86_64_1.2.1100.v20240722-2106;C:\Users\anuma\AppData\Local\Temp\jna-92974460

VM Arguments:
jvm_args: --add-modules=ALL-SYSTEM --add-opens=java.base/java.util=ALL-UNNAMED --add-opens=java.base/java.lang=ALL-UNNAMED --add-opens=java.base/sun.nio.fs=ALL-UNNAMED -Declipse.application=org.eclipse.jdt.ls.core.id1 -Dosgi.bundles.defaultStartLevel=4 -Declipse.product=org.eclipse.jdt.ls.core.product -Djava.import.generatesMetadataFilesAtProjectRoot=false -DDetectVMInstallationsJob.disabled=true -Dfile.encoding=utf8 -XX:+UseParallelGC -XX:GCTimeRatio=4 -XX:AdaptiveSizePolicyWeight=90 -Dsun.zip.disableMemoryMapping=true -Xmx1G -Xms100m -Xlog:disable -javaagent:c:\Users\anuma\.vscode\extensions\redhat.java-1.35.0-win32-x64\lombok\lombok-1.18.33.jar -XX:+HeapDumpOnOutOfMemoryError -XX:HeapDumpPath=c:\Users\anuma\AppData\Roaming\Code\User\workspaceStorage\c3882e0eb3380c1272e429900239b1cc\redhat.java -Daether.dependencyCollector.impl=bf 
java_command: c:\Users\anuma\.vscode\extensions\redhat.java-1.35.0-win32-x64\server\plugins\org.eclipse.equinox.launcher_1.6.900.v20240613-2009.jar -configuration c:\Users\anuma\AppData\Roaming\Code\User\globalStorage\redhat.java\1.35.0\config_win -data c:\Users\anuma\AppData\Roaming\Code\User\workspaceStorage\c3882e0eb3380c1272e429900239b1cc\redhat.java\jdt_ws --pipe=\\.\pipe\lsp-67e4c3204413282d8c83d65909e40249-sock
java_class_path (initial): c:\Users\anuma\.vscode\extensions\redhat.java-1.35.0-win32-x64\server\plugins\org.eclipse.equinox.launcher_1.6.900.v20240613-2009.jar
Launcher Type: SUN_STANDARD

[Global flags]
    uintx AdaptiveSizePolicyWeight                 = 90                                        {product} {command line}
     intx CICompilerCount                          = 4                                         {product} {ergonomic}
    uintx GCTimeRatio                              = 4                                         {product} {command line}
     bool HeapDumpOnOutOfMemoryError               = true                                   {manageable} {command line}
    ccstr HeapDumpPath                             = c:\Users\anuma\AppData\Roaming\Code\User\workspaceStorage\c3882e0eb3380c1272e429900239b1cc\redhat.java         {manageable} {command line}
   size_t InitialHeapSize                          = 104857600                                 {product} {command line}
   size_t MaxHeapSize                              = 1073741824                                {product} {command line}
   size_t MaxNewSize                               = 357564416                                 {product} {ergonomic}
   size_t MinHeapDeltaBytes                        = 524288                                    {product} {ergonomic}
   size_t MinHeapSize                              = 104857600                                 {product} {command line}
   size_t NewSize                                  = 34603008                                  {product} {ergonomic}
    uintx NonNMethodCodeHeapSize                   = 5839372                                {pd product} {ergonomic}
    uintx NonProfiledCodeHeapSize                  = 122909434                              {pd product} {ergonomic}
   size_t OldSize                                  = 70254592                                  {product} {ergonomic}
    uintx ProfiledCodeHeapSize                     = 122909434                              {pd product} {ergonomic}
    uintx ReservedCodeCacheSize                    = 251658240                              {pd product} {ergonomic}
     bool SegmentedCodeCache                       = true                                      {product} {ergonomic}
   size_t SoftMaxHeapSize                          = 1073741824                             {manageable} {ergonomic}
     bool UseCompressedClassPointers               = true                           {product lp64_product} {ergonomic}
     bool UseCompressedOops                        = true                           {product lp64_product} {ergonomic}
     bool UseLargePagesIndividualAllocation        = false                                  {pd product} {ergonomic}
     bool UseParallelGC                            = true                                      {product} {command line}

Logging:
Log output configuration:
 #0: stdout all=off uptime,level,tags
 #1: stderr all=off uptime,level,tags

Environment Variables:
JAVA_HOME=C:\Program Files\Java\jdk-17
PATH=C:\Program Files\Common Files\Oracle\Java\javapath;C:\windows\system32;C:\windows;C:\windows\System32\Wbem;C:\windows\System32\WindowsPowerShell\v1.0\;C:\windows\System32\OpenSSH\;C:\Program Files\HP\HP One Agent;C:\Program Files\Java\jdk-17\bin;C:\Program Files\nodejs\;C:\WINDOWS\system32;C:\WINDOWS;C:\WINDOWS\System32\Wbem;C:\WINDOWS\System32\WindowsPowerShell\v1.0\;C:\WINDOWS\System32\OpenSSH\;C:\Program Files\Git\cmd;C:\Program Files\MySQL\MySQL Shell 8.0\bin\;C:\Users\anuma\AppData\Local\Programs\Microsoft VS Code\bin;C:\Users\anuma\AppData\Roaming\npm;%USERPROFILE%\AppData\Local\Microsoft\WindowsApps;
USERNAME=anuma
OS=Windows_NT
PROCESSOR_IDENTIFIER=Intel64 Family 6 Model 186 Stepping 3, GenuineIntel
TMP=C:\Users\anuma\AppData\Local\Temp
TEMP=C:\Users\anuma\AppData\Local\Temp



Periodic native trim disabled


---------------  S Y S T E M  ---------------

OS:
 Windows 11 , 64 bit Build 26100 (10.0.26100.4768)
OS uptime: 0 days 3:44 hours
Hyper-V role detected

CPU: total 12 (initial active 12) (6 cores per cpu, 2 threads per core) family 6 model 186 stepping 3 microcode 0x4123, cx8, cmov, fxsr, ht, mmx, 3dnowpref, sse, sse2, sse3, ssse3, sse4.1, sse4.2, popcnt, lzcnt, tsc, tscinvbit, avx, avx2, aes, erms, clmul, bmi1, bmi2, adx, sha, fma, vzeroupper, clflush, clflushopt, clwb, hv
Processor Information for processor 0
  Max Mhz: 1300, Current Mhz: 1300, Mhz Limit: 1300
Processor Information for processor 1
  Max Mhz: 1300, Current Mhz: 1300, Mhz Limit: 1300
Processor Information for processor 2
  Max Mhz: 1300, Current Mhz: 1300, Mhz Limit: 1300
Processor Information for processor 3
  Max Mhz: 1300, Current Mhz: 1300, Mhz Limit: 1300
Processor Information for processor 4
  Max Mhz: 1300, Current Mhz: 900, Mhz Limit: 897
Processor Information for processor 5
  Max Mhz: 1300, Current Mhz: 900, Mhz Limit: 897
Processor Information for processor 6
  Max Mhz: 1300, Current Mhz: 900, Mhz Limit: 897
Processor Information for processor 7
  Max Mhz: 1300, Current Mhz: 900, Mhz Limit: 897
Processor Information for processor 8
  Max Mhz: 1300, Current Mhz: 900, Mhz Limit: 897
Processor Information for processor 9
  Max Mhz: 1300, Current Mhz: 900, Mhz Limit: 897
Processor Information for processor 10
  Max Mhz: 1300, Current Mhz: 900, Mhz Limit: 897
Processor Information for processor 11
  Max Mhz: 1300, Current Mhz: 900, Mhz Limit: 897

Memory: 4k page, system-wide physical 16095M (4017M free)
TotalPageFile size 16095M (AvailPageFile size 5M)
current process WorkingSet (physical memory assigned to process): 220M, peak: 220M
current process commit charge ("private bytes"): 313M, peak: 316M

vm_info: OpenJDK 64-Bit Server VM (17.0.12+7) for windows-amd64 JRE (17.0.12+7), built on Jul 16 2024 22:08:24 by "admin" with MS VC++ 16.10 / 16.11 (VS2019)

END.
