#
# There is insufficient memory for the Java Runtime Environment to continue.
# Native memory allocation (malloc) failed to allocate 1300336 bytes. Error detail: Chunk::new
# Possible reasons:
#   The system is out of physical RAM or swap space
#   This process is running with CompressedOops enabled, and the Java Heap may be blocking the growth of the native heap
# Possible solutions:
#   Reduce memory load on the system
#   Increase physical memory or swap space
#   Check if swap backing store is full
#   Decrease Java heap size (-Xmx/-Xms)
#   Decrease number of Java threads
#   Decrease Java thread stack sizes (-Xss)
#   Set larger code cache with -XX:ReservedCodeCacheSize=
#   JVM is running with Unscaled Compressed Oops mode in which the Java heap is
#     placed in the first 4GB address space. The Java Heap base address is the
#     maximum limit for the native heap growth. Please use -XX:HeapBaseMinAddress
#     to set the Java Heap base and to place the Java Heap above 4GB virtual address.
# This output file may be truncated or incomplete.
#
#  Out of Memory Error (arena.cpp:191), pid=1524, tid=12552
#
# JRE version: OpenJDK Runtime Environment Temurin-17.0.12+7 (17.0.12+7) (build 17.0.12+7)
# Java VM: OpenJDK 64-Bit Server VM Temurin-17.0.12+7 (17.0.12+7, mixed mode, tiered, compressed oops, compressed class ptrs, parallel gc, windows-amd64)
# No core dump will be written. Minidumps are not enabled by default on client versions of Windows
#

---------------  S U M M A R Y ------------

Command Line: --add-modules=ALL-SYSTEM --add-opens=java.base/java.util=ALL-UNNAMED --add-opens=java.base/java.lang=ALL-UNNAMED --add-opens=java.base/sun.nio.fs=ALL-UNNAMED -Declipse.application=org.eclipse.jdt.ls.core.id1 -Dosgi.bundles.defaultStartLevel=4 -Declipse.product=org.eclipse.jdt.ls.core.product -Djava.import.generatesMetadataFilesAtProjectRoot=false -DDetectVMInstallationsJob.disabled=true -Dfile.encoding=utf8 -XX:+UseParallelGC -XX:GCTimeRatio=4 -XX:AdaptiveSizePolicyWeight=90 -Dsun.zip.disableMemoryMapping=true -Xmx1G -Xms100m -Xlog:disable -javaagent:c:\Users\anuma\.vscode\extensions\redhat.java-1.35.0-win32-x64\lombok\lombok-1.18.33.jar -XX:+HeapDumpOnOutOfMemoryError -XX:HeapDumpPath=c:\Users\anuma\AppData\Roaming\Code\User\workspaceStorage\c3882e0eb3380c1272e429900239b1cc\redhat.java -Daether.dependencyCollector.impl=bf c:\Users\anuma\.vscode\extensions\redhat.java-1.35.0-win32-x64\server\plugins\org.eclipse.equinox.launcher_1.6.900.v20240613-2009.jar -configuration c:\Users\anuma\AppData\Roaming\Code\User\globalStorage\redhat.java\1.35.0\config_win -data c:\Users\anuma\AppData\Roaming\Code\User\workspaceStorage\c3882e0eb3380c1272e429900239b1cc\redhat.java\jdt_ws --pipe=\\.\pipe\lsp-259aa2c6f345cccf320871ae77504b4a-sock

Host: 13th Gen Intel(R) Core(TM) i5-1335U, 12 cores, 15G,  Windows 11 , 64 bit Build 26100 (10.0.26100.4484)
Time: Wed Aug  6 16:07:21 2025 India Standard Time elapsed time: 1957.809197 seconds (0d 0h 32m 37s)

---------------  T H R E A D  ---------------

Current thread (0x0000018d66a491d0):  JavaThread "C2 CompilerThread0" daemon [_thread_in_native, id=12552, stack(0x0000007e3dc00000,0x0000007e3dd00000)]


Current CompileTask:
C2:1957809 14597       4       org.eclipse.jdt.internal.compiler.lookup.ModuleBinding::getVisiblePackage (472 bytes)

Stack: [0x0000007e3dc00000,0x0000007e3dd00000]
Native frames: (J=compiled Java code, j=interpreted, Vv=VM code, C=native code)
V  [jvm.dll+0x67f929]
V  [jvm.dll+0x8371ba]
V  [jvm.dll+0x838c7e]
V  [jvm.dll+0x8392e3]
V  [jvm.dll+0x24834f]
V  [jvm.dll+0xac9d4]
V  [jvm.dll+0xad01c]
V  [jvm.dll+0x2af96f]
V  [jvm.dll+0x5868d7]
V  [jvm.dll+0x2231c2]
V  [jvm.dll+0x2235bf]
V  [jvm.dll+0x21c6e0]
V  [jvm.dll+0x219be1]
V  [jvm.dll+0x1a58bd]
V  [jvm.dll+0x229a2d]
V  [jvm.dll+0x227bdc]
V  [jvm.dll+0x7ec1f7]
V  [jvm.dll+0x7e65dc]
V  [jvm.dll+0x67e7f7]
C  [ucrtbase.dll+0x37b0]
C  [KERNEL32.DLL+0x2e8d7]
C  [ntdll.dll+0x3c34c]


---------------  P R O C E S S  ---------------

Threads class SMR info:
_java_thread_list=0x0000018d6e11d720, length=62, elements={
0x0000018d4b8ac6b0, 0x0000018d616baf80, 0x0000018d616bc9e0, 0x0000018d66a42330,
0x0000018d66a42d00, 0x0000018d66a45af0, 0x0000018d66a465c0, 0x0000018d66a491d0,
0x0000018d66a55cf0, 0x0000018d66a56600, 0x0000018d66b4a1c0, 0x0000018d67fe6020,
0x0000018d688f8760, 0x0000018d68866c90, 0x0000018d6833e210, 0x0000018d68659cf0,
0x0000018d68995ce0, 0x0000018d68996c10, 0x0000018d689957d0, 0x0000018d689952c0,
0x0000018d68994390, 0x0000018d68996700, 0x0000018d689948a0, 0x0000018d68994db0,
0x0000018d6807a430, 0x0000018d68079a10, 0x0000018d6807a940, 0x0000018d6807c290,
0x0000018d6807ae50, 0x0000018d68079500, 0x0000018d6807b870, 0x0000018d6807c7a0,
0x0000018d6807bd80, 0x0000018d6807b360, 0x0000018d6807d6d0, 0x0000018d6807ccb0,
0x0000018d6807d1c0, 0x0000018d6807fa40, 0x0000018d6d6f7090, 0x0000018d6d6f89e0,
0x0000018d6d6f8ef0, 0x0000018d6d6f75a0, 0x0000018d6d6fa330, 0x0000018d6d6f9910,
0x0000018d6d6f84d0, 0x0000018d6d6f9e20, 0x0000018d6d6f7ab0, 0x0000018d6d334400,
0x0000018d6d335840, 0x0000018d6d335d50, 0x0000018d6d3339e0, 0x0000018d6d339a10,
0x0000018d6d339f20, 0x0000018d6d3376a0, 0x0000018d6d3385d0, 0x0000018d6d337bb0,
0x0000018d6d3380c0, 0x0000018d6d338ae0, 0x0000018d6d333ef0, 0x0000018d6c5bf5a0,
0x0000018d6d33a430, 0x0000018d6c5beb00
}

Java Threads: ( => current thread )
  0x0000018d4b8ac6b0 JavaThread "main" [_thread_blocked, id=15128, stack(0x0000007e3d300000,0x0000007e3d400000)]
  0x0000018d616baf80 JavaThread "Reference Handler" daemon [_thread_blocked, id=7072, stack(0x0000007e3d600000,0x0000007e3d700000)]
  0x0000018d616bc9e0 JavaThread "Finalizer" daemon [_thread_blocked, id=2208, stack(0x0000007e3d700000,0x0000007e3d800000)]
  0x0000018d66a42330 JavaThread "Signal Dispatcher" daemon [_thread_blocked, id=15464, stack(0x0000007e3d800000,0x0000007e3d900000)]
  0x0000018d66a42d00 JavaThread "Attach Listener" daemon [_thread_blocked, id=14696, stack(0x0000007e3d900000,0x0000007e3da00000)]
  0x0000018d66a45af0 JavaThread "Service Thread" daemon [_thread_blocked, id=14716, stack(0x0000007e3da00000,0x0000007e3db00000)]
  0x0000018d66a465c0 JavaThread "Monitor Deflation Thread" daemon [_thread_blocked, id=15836, stack(0x0000007e3db00000,0x0000007e3dc00000)]
=>0x0000018d66a491d0 JavaThread "C2 CompilerThread0" daemon [_thread_in_native, id=12552, stack(0x0000007e3dc00000,0x0000007e3dd00000)]
  0x0000018d66a55cf0 JavaThread "C1 CompilerThread0" daemon [_thread_blocked, id=18060, stack(0x0000007e3dd00000,0x0000007e3de00000)]
  0x0000018d66a56600 JavaThread "Sweeper thread" daemon [_thread_blocked, id=17720, stack(0x0000007e3de00000,0x0000007e3df00000)]
  0x0000018d66b4a1c0 JavaThread "Common-Cleaner" daemon [_thread_blocked, id=17056, stack(0x0000007e3df00000,0x0000007e3e000000)]
  0x0000018d67fe6020 JavaThread "Notification Thread" daemon [_thread_blocked, id=17812, stack(0x0000007e3e100000,0x0000007e3e200000)]
  0x0000018d688f8760 JavaThread "Active Thread: Equinox Container: d9fd968a-82e2-47cd-9a76-6d4b3e65d625" [_thread_blocked, id=1928, stack(0x0000007e3e900000,0x0000007e3ea00000)]
  0x0000018d68866c90 JavaThread "Framework Event Dispatcher: Equinox Container: d9fd968a-82e2-47cd-9a76-6d4b3e65d625" daemon [_thread_blocked, id=17580, stack(0x0000007e3e800000,0x0000007e3e900000)]
  0x0000018d6833e210 JavaThread "Start Level: Equinox Container: d9fd968a-82e2-47cd-9a76-6d4b3e65d625" daemon [_thread_blocked, id=16652, stack(0x0000007e3ea00000,0x0000007e3eb00000)]
  0x0000018d68659cf0 JavaThread "Bundle File Closer" daemon [_thread_blocked, id=4128, stack(0x0000007e3ec00000,0x0000007e3ed00000)]
  0x0000018d68995ce0 JavaThread "SCR Component Actor" daemon [_thread_blocked, id=22056, stack(0x0000007e3ee00000,0x0000007e3ef00000)]
  0x0000018d68996c10 JavaThread "Worker-JM" [_thread_blocked, id=22172, stack(0x0000007e3f000000,0x0000007e3f100000)]
  0x0000018d689957d0 JavaThread "JNA Cleaner" daemon [_thread_blocked, id=10992, stack(0x0000007e3f200000,0x0000007e3f300000)]
  0x0000018d689952c0 JavaThread "Java indexing" daemon [_thread_blocked, id=12268, stack(0x0000007e3f600000,0x0000007e3f700000)]
  0x0000018d68994390 JavaThread "Thread-2" daemon [_thread_in_native, id=12632, stack(0x0000007e3f900000,0x0000007e3fa00000)]
  0x0000018d68996700 JavaThread "Thread-3" daemon [_thread_in_native, id=17548, stack(0x0000007e3fa00000,0x0000007e3fb00000)]
  0x0000018d689948a0 JavaThread "Thread-4" daemon [_thread_in_native, id=22048, stack(0x0000007e3fb00000,0x0000007e3fc00000)]
  0x0000018d68994db0 JavaThread "Thread-5" daemon [_thread_in_native, id=16132, stack(0x0000007e3fc00000,0x0000007e3fd00000)]
  0x0000018d6807a430 JavaThread "Thread-6" daemon [_thread_in_native, id=22168, stack(0x0000007e3fd00000,0x0000007e3fe00000)]
  0x0000018d68079a10 JavaThread "Thread-7" daemon [_thread_in_native, id=22232, stack(0x0000007e3fe00000,0x0000007e3ff00000)]
  0x0000018d6807a940 JavaThread "Thread-8" daemon [_thread_in_native, id=5080, stack(0x0000007e3ff00000,0x0000007e40000000)]
  0x0000018d6807c290 JavaThread "Thread-9" daemon [_thread_in_native, id=22360, stack(0x0000007e40000000,0x0000007e40100000)]
  0x0000018d6807ae50 JavaThread "Thread-10" daemon [_thread_in_native, id=9788, stack(0x0000007e40100000,0x0000007e40200000)]
  0x0000018d68079500 JavaThread "Thread-11" daemon [_thread_in_native, id=4180, stack(0x0000007e40200000,0x0000007e40300000)]
  0x0000018d6807b870 JavaThread "Thread-12" daemon [_thread_in_native, id=10004, stack(0x0000007e40300000,0x0000007e40400000)]
  0x0000018d6807c7a0 JavaThread "Thread-13" daemon [_thread_in_native, id=22000, stack(0x0000007e40400000,0x0000007e40500000)]
  0x0000018d6807bd80 JavaThread "Thread-14" daemon [_thread_in_native, id=13640, stack(0x0000007e40500000,0x0000007e40600000)]
  0x0000018d6807b360 JavaThread "pool-2-thread-1" [_thread_blocked, id=14176, stack(0x0000007e40600000,0x0000007e40700000)]
  0x0000018d6807d6d0 JavaThread "WorkspaceEventsHandler" [_thread_blocked, id=20692, stack(0x0000007e40700000,0x0000007e40800000)]
  0x0000018d6807ccb0 JavaThread "pool-1-thread-1" [_thread_blocked, id=14920, stack(0x0000007e40800000,0x0000007e40900000)]
  0x0000018d6807d1c0 JavaThread "Worker-3" [_thread_blocked, id=10656, stack(0x0000007e40a00000,0x0000007e40b00000)]
  0x0000018d6807fa40 JavaThread "Worker-5" [_thread_blocked, id=16164, stack(0x0000007e40900000,0x0000007e40a00000)]
  0x0000018d6d6f7090 JavaThread "Compiler Source File Reader" daemon [_thread_blocked, id=22076, stack(0x0000007e41100000,0x0000007e41200000)]
  0x0000018d6d6f89e0 JavaThread "Compiler Source File Reader" daemon [_thread_blocked, id=22072, stack(0x0000007e41200000,0x0000007e41300000)]
  0x0000018d6d6f8ef0 JavaThread "Compiler Source File Reader" daemon [_thread_blocked, id=22068, stack(0x0000007e41300000,0x0000007e41400000)]
  0x0000018d6d6f75a0 JavaThread "Compiler Source File Reader" daemon [_thread_blocked, id=9136, stack(0x0000007e41400000,0x0000007e41500000)]
  0x0000018d6d6fa330 JavaThread "Compiler Source File Reader" daemon [_thread_blocked, id=18856, stack(0x0000007e41500000,0x0000007e41600000)]
  0x0000018d6d6f9910 JavaThread "Compiler Source File Reader" daemon [_thread_blocked, id=12964, stack(0x0000007e41600000,0x0000007e41700000)]
  0x0000018d6d6f84d0 JavaThread "Compiler Source File Reader" daemon [_thread_blocked, id=14380, stack(0x0000007e41700000,0x0000007e41800000)]
  0x0000018d6d6f9e20 JavaThread "Compiler Source File Reader" daemon [_thread_blocked, id=21852, stack(0x0000007e41800000,0x0000007e41900000)]
  0x0000018d6d6f7ab0 JavaThread "Compiler Source File Reader" daemon [_thread_blocked, id=21700, stack(0x0000007e41900000,0x0000007e41a00000)]
  0x0000018d6d334400 JavaThread "Compiler Source File Reader" daemon [_thread_blocked, id=2396, stack(0x0000007e41a00000,0x0000007e41b00000)]
  0x0000018d6d335840 JavaThread "ForkJoinPool.commonPool-worker-5" daemon [_thread_blocked, id=22476, stack(0x0000007e3ef00000,0x0000007e3f000000)]
  0x0000018d6d335d50 JavaThread "ForkJoinPool.commonPool-worker-7" daemon [_thread_blocked, id=17680, stack(0x0000007e3f700000,0x0000007e3f800000)]
  0x0000018d6d3339e0 JavaThread "ForkJoinPool.commonPool-worker-8" daemon [_thread_blocked, id=9328, stack(0x0000007e3f800000,0x0000007e3f900000)]
  0x0000018d6d339a10 JavaThread "ForkJoinPool.commonPool-worker-9" daemon [_thread_blocked, id=21676, stack(0x0000007e40b00000,0x0000007e40c00000)]
  0x0000018d6d339f20 JavaThread "ForkJoinPool.commonPool-worker-10" daemon [_thread_blocked, id=17972, stack(0x0000007e40c00000,0x0000007e40d00000)]
  0x0000018d6d3376a0 JavaThread "ForkJoinPool.commonPool-worker-11" daemon [_thread_blocked, id=12108, stack(0x0000007e40d00000,0x0000007e40e00000)]
  0x0000018d6d3385d0 JavaThread "ForkJoinPool.commonPool-worker-13" daemon [_thread_blocked, id=13832, stack(0x0000007e40f00000,0x0000007e41000000)]
  0x0000018d6d337bb0 JavaThread "ForkJoinPool.commonPool-worker-14" daemon [_thread_blocked, id=17864, stack(0x0000007e41000000,0x0000007e41100000)]
  0x0000018d6d3380c0 JavaThread "ForkJoinPool.commonPool-worker-15" daemon [_thread_blocked, id=21612, stack(0x0000007e41b00000,0x0000007e41c00000)]
  0x0000018d6d338ae0 JavaThread "Cleaner-0" daemon [_thread_blocked, id=15284, stack(0x0000007e3f300000,0x0000007e3f400000)]
  0x0000018d6d333ef0 JavaThread "ForkJoinPool.commonPool-worker-16" daemon [_thread_blocked, id=17916, stack(0x0000007e3f400000,0x0000007e3f500000)]
  0x0000018d6c5bf5a0 JavaThread "C2 CompilerThread1" daemon [_thread_in_native, id=10688, stack(0x0000007e3d100000,0x0000007e3d200000)]
  0x0000018d6d33a430 JavaThread "ForkJoinPool.commonPool-worker-17" daemon [_thread_blocked, id=20196, stack(0x0000007e3f500000,0x0000007e3f600000)]
  0x0000018d6c5beb00 JavaThread "C2 CompilerThread2" daemon [_thread_in_native, id=11008, stack(0x0000007e3d200000,0x0000007e3d300000)]

Other Threads:
  0x0000018d4b95e340 VMThread "VM Thread" [stack: 0x0000007e3d500000,0x0000007e3d600000] [id=2844]
  0x0000018d66d97730 WatcherThread [stack: 0x0000007e3e200000,0x0000007e3e300000] [id=3988]
  0x0000018d4b8c19a0 GCTaskThread "GC Thread#0" [stack: 0x0000007e3d400000,0x0000007e3d500000] [id=7148]
  0x0000018d66c4d8a0 GCTaskThread "GC Thread#1" [stack: 0x0000007e3e000000,0x0000007e3e100000] [id=21320]
  0x0000018d66c4db60 GCTaskThread "GC Thread#2" [stack: 0x0000007e3e300000,0x0000007e3e400000] [id=9544]
  0x0000018d66c32cd0 GCTaskThread "GC Thread#3" [stack: 0x0000007e3e400000,0x0000007e3e500000] [id=14904]
  0x0000018d66c1b460 GCTaskThread "GC Thread#4" [stack: 0x0000007e3e500000,0x0000007e3e600000] [id=12648]
  0x0000018d66c1b720 GCTaskThread "GC Thread#5" [stack: 0x0000007e3e600000,0x0000007e3e700000] [id=10632]
  0x0000018d66c1b9e0 GCTaskThread "GC Thread#6" [stack: 0x0000007e3e700000,0x0000007e3e800000] [id=11344]
  0x0000018d6812cc40 GCTaskThread "GC Thread#7" [stack: 0x0000007e3eb00000,0x0000007e3ec00000] [id=21296]
  0x0000018d6880fa70 GCTaskThread "GC Thread#8" [stack: 0x0000007e3ed00000,0x0000007e3ee00000] [id=22524]
  0x0000018d6832d140 GCTaskThread "GC Thread#9" [stack: 0x0000007e3f100000,0x0000007e3f200000] [id=22148]

Threads with active compile tasks:
C2 CompilerThread0  1957964 14597       4       org.eclipse.jdt.internal.compiler.lookup.ModuleBinding::getVisiblePackage (472 bytes)
C2 CompilerThread1  1957965 14624       4       org.eclipse.jdt.internal.compiler.util.CharArrayHashMap::put (17 bytes)
C2 CompilerThread2  1957965 14616       4       org.eclipse.jdt.internal.compiler.lookup.AnnotatableTypeSystem::getParameterizedType (123 bytes)

VM state: not at safepoint (normal execution)

VM Mutex/Monitor currently owned by a thread: None

Heap address: 0x00000000c0000000, size: 1024 MB, Compressed Oops mode: 32-bit

CDS archive(s) not mapped
Compressed class space mapped at: 0x0000000100000000-0x0000000140000000, reserved size: 1073741824
Narrow klass base: 0x0000000000000000, Narrow klass shift: 3, Narrow klass range: 0x140000000

GC Precious Log:
 CPUs: 12 total, 12 available
 Memory: 16095M
 Large Page Support: Disabled
 NUMA Support: Disabled
 Compressed Oops: Enabled (32-bit)
 Alignments: Space 512K, Generation 512K, Heap 2M
 Heap Min Capacity: 100M
 Heap Initial Capacity: 100M
 Heap Max Capacity: 1G
 Pre-touch: Disabled
 Parallel Workers: 10

Heap:
 PSYoungGen      total 11264K, used 6875K [0x00000000eab00000, 0x00000000ebb80000, 0x0000000100000000)
  eden space 9216K, 52% used [0x00000000eab00000,0x00000000eafb8a68,0x00000000eb400000)
  from space 2048K, 99% used [0x00000000eb780000,0x00000000eb97e430,0x00000000eb980000)
  to   space 3584K, 0% used [0x00000000eb400000,0x00000000eb400000,0x00000000eb780000)
 ParOldGen       total 155648K, used 103189K [0x00000000c0000000, 0x00000000c9800000, 0x00000000eab00000)
  object space 155648K, 66% used [0x00000000c0000000,0x00000000c64c5468,0x00000000c9800000)
 Metaspace       used 81616K, committed 82816K, reserved 1179648K
  class space    used 8405K, committed 8896K, reserved 1048576K

Card table byte_map: [0x0000018d5ef50000,0x0000018d5f160000] _byte_map_base: 0x0000018d5e950000

Marking Bits: (ParMarkBitMap*) 0x00007ffb490c58b0
 Begin Bits: [0x0000018d5f2c0000, 0x0000018d602c0000)
 End Bits:   [0x0000018d602c0000, 0x0000018d612c0000)

Polling page: 0x0000018d4b960000

Metaspace:

Usage:
  Non-class:     71.50 MB used.
      Class:      8.21 MB used.
       Both:     79.70 MB used.

Virtual space:
  Non-class space:      128.00 MB reserved,      72.19 MB ( 56%) committed,  2 nodes.
      Class space:        1.00 GB reserved,       8.69 MB ( <1%) committed,  1 nodes.
             Both:        1.12 GB reserved,      80.88 MB (  7%) committed. 

Chunk freelists:
   Non-Class:  7.78 MB
       Class:  7.31 MB
        Both:  15.09 MB

MaxMetaspaceSize: unlimited
CompressedClassSpaceSize: 1.00 GB
Initial GC threshold: 21.00 MB
Current GC threshold: 134.62 MB
CDS: off
MetaspaceReclaimPolicy: balanced
 - commit_granule_bytes: 65536.
 - commit_granule_words: 8192.
 - virtual_space_node_default_size: 8388608.
 - enlarge_chunks_in_place: 1.
 - new_chunks_are_fully_committed: 0.
 - uncommit_free_chunks: 1.
 - use_allocation_guard: 0.
 - handle_deallocations: 1.


Internal statistics:

num_allocs_failed_limit: 9.
num_arena_births: 1044.
num_arena_deaths: 350.
num_vsnodes_births: 3.
num_vsnodes_deaths: 0.
num_space_committed: 1294.
num_space_uncommitted: 0.
num_chunks_returned_to_freelist: 453.
num_chunks_taken_from_freelist: 4658.
num_chunk_merges: 165.
num_chunk_splits: 2664.
num_chunks_enlarged: 1412.
num_inconsistent_stats: 0.

CodeHeap 'non-profiled nmethods': size=120000Kb used=10541Kb max_used=10541Kb free=109458Kb
 bounds [0x0000018d57840000, 0x0000018d582a0000, 0x0000018d5ed70000]
CodeHeap 'profiled nmethods': size=120000Kb used=26336Kb max_used=26365Kb free=93663Kb
 bounds [0x0000018d4fd70000, 0x0000018d51750000, 0x0000018d572a0000]
CodeHeap 'non-nmethods': size=5760Kb used=1436Kb max_used=1582Kb free=4323Kb
 bounds [0x0000018d572a0000, 0x0000018d57510000, 0x0000018d57840000]
 total_blobs=12588 nmethods=11794 adapters=705
 compilation: enabled
              stopped_count=0, restarted_count=0
 full_count=0

Compilation events (20 events):
Event: 1956.780 Thread 0x0000018d66a55cf0 14645       3       org.eclipse.jdt.core.dom.ASTConverter::convert (774 bytes)
Event: 1956.785 Thread 0x0000018d66a55cf0 nmethod 14645 0x0000018d5152c490 code [0x0000018d5152ca80, 0x0000018d5152fb08]
Event: 1956.785 Thread 0x0000018d66a55cf0 14647       3       org.eclipse.jdt.core.dom.MethodInvocation::setName (41 bytes)
Event: 1956.785 Thread 0x0000018d66a55cf0 nmethod 14647 0x0000018d5152be90 code [0x0000018d5152c060, 0x0000018d5152c328]
Event: 1956.785 Thread 0x0000018d66a55cf0 14646       3       org.eclipse.jdt.internal.compiler.ast.MessageSend::isSuperAccess (8 bytes)
Event: 1956.785 Thread 0x0000018d66a55cf0 nmethod 14646 0x0000018d5152ba10 code [0x0000018d5152bbc0, 0x0000018d5152bd88]
Event: 1956.787 Thread 0x0000018d66a55cf0 14648       3       org.eclipse.jdt.internal.core.SourceFieldElementInfo::getModifiers (5 bytes)
Event: 1956.788 Thread 0x0000018d66a55cf0 nmethod 14648 0x0000018d5152b610 code [0x0000018d5152b7a0, 0x0000018d5152b918]
Event: 1956.788 Thread 0x0000018d66a55cf0 14649       1       org.eclipse.lsp4j.CodeActionParams::getContext (5 bytes)
Event: 1956.788 Thread 0x0000018d66a55cf0 nmethod 14649 0x0000018d57ddaf10 code [0x0000018d57ddb0a0, 0x0000018d57ddb178]
Event: 1956.789 Thread 0x0000018d66a55cf0 14650       3       org.eclipse.jdt.internal.corext.dom.GenericVisitor::visit (6 bytes)
Event: 1956.790 Thread 0x0000018d66a55cf0 nmethod 14650 0x0000018d5152b210 code [0x0000018d5152b3c0, 0x0000018d5152b588]
Event: 1956.790 Thread 0x0000018d66a55cf0 14651       3       org.eclipse.jdt.internal.corext.dom.GenericVisitor::endVisit (6 bytes)
Event: 1956.790 Thread 0x0000018d66a55cf0 nmethod 14651 0x0000018d5152ad90 code [0x0000018d5152af20, 0x0000018d5152b0f8]
Event: 1956.790 Thread 0x0000018d66a55cf0 14652       3       org.eclipse.jdt.core.dom.ASTVisitor::endVisit (1 bytes)
Event: 1956.790 Thread 0x0000018d66a55cf0 nmethod 14652 0x0000018d5152aa10 code [0x0000018d5152aba0, 0x0000018d5152acb8]
Event: 1956.791 Thread 0x0000018d66a55cf0 14653       3       org.eclipse.jdt.core.dom.ASTVisitor::endVisit (1 bytes)
Event: 1956.791 Thread 0x0000018d66a55cf0 nmethod 14653 0x0000018d5152a690 code [0x0000018d5152a820, 0x0000018d5152a938]
Event: 1956.806 Thread 0x0000018d66a55cf0 14654       1       org.eclipse.lsp4j.jsonrpc.messages.ResponseMessage::getError (5 bytes)
Event: 1957.802 Thread 0x0000018d66a55cf0 nmethod 14654 0x0000018d57ddac10 code [0x0000018d57ddada0, 0x0000018d57ddae78]

GC Heap History (20 events):
Event: 1787.268 GC heap before
{Heap before GC invocations=266 (full 12):
 PSYoungGen      total 14336K, used 14009K [0x00000000eab00000, 0x00000000ebe00000, 0x0000000100000000)
  eden space 10240K, 99% used [0x00000000eab00000,0x00000000eb4ffff8,0x00000000eb500000)
  from space 4096K, 92% used [0x00000000eba00000,0x00000000ebdae778,0x00000000ebe00000)
  to   space 4608K, 0% used [0x00000000eb500000,0x00000000eb500000,0x00000000eb980000)
 ParOldGen       total 130560K, used 127718K [0x00000000c0000000, 0x00000000c7f80000, 0x00000000eab00000)
  object space 130560K, 97% used [0x00000000c0000000,0x00000000c7cb9818,0x00000000c7f80000)
 Metaspace       used 81010K, committed 82304K, reserved 1179648K
  class space    used 8349K, committed 8896K, reserved 1048576K
}
Event: 1787.270 GC heap after
{Heap after GC invocations=266 (full 12):
 PSYoungGen      total 14336K, used 3734K [0x00000000eab00000, 0x00000000ebd00000, 0x0000000100000000)
  eden space 10240K, 0% used [0x00000000eab00000,0x00000000eab00000,0x00000000eb500000)
  from space 4096K, 91% used [0x00000000eb500000,0x00000000eb8a5bb0,0x00000000eb900000)
  to   space 4096K, 0% used [0x00000000eb900000,0x00000000eb900000,0x00000000ebd00000)
 ParOldGen       total 130560K, used 127718K [0x00000000c0000000, 0x00000000c7f80000, 0x00000000eab00000)
  object space 130560K, 97% used [0x00000000c0000000,0x00000000c7cb9818,0x00000000c7f80000)
 Metaspace       used 81010K, committed 82304K, reserved 1179648K
  class space    used 8349K, committed 8896K, reserved 1048576K
}
Event: 1788.236 GC heap before
{Heap before GC invocations=267 (full 12):
 PSYoungGen      total 14336K, used 13974K [0x00000000eab00000, 0x00000000ebd00000, 0x0000000100000000)
  eden space 10240K, 100% used [0x00000000eab00000,0x00000000eb500000,0x00000000eb500000)
  from space 4096K, 91% used [0x00000000eb500000,0x00000000eb8a5bb0,0x00000000eb900000)
  to   space 4096K, 0% used [0x00000000eb900000,0x00000000eb900000,0x00000000ebd00000)
 ParOldGen       total 130560K, used 127718K [0x00000000c0000000, 0x00000000c7f80000, 0x00000000eab00000)
  object space 130560K, 97% used [0x00000000c0000000,0x00000000c7cb9818,0x00000000c7f80000)
 Metaspace       used 81088K, committed 82368K, reserved 1179648K
  class space    used 8349K, committed 8896K, reserved 1048576K
}
Event: 1788.239 GC heap after
{Heap after GC invocations=267 (full 12):
 PSYoungGen      total 14336K, used 3712K [0x00000000eab00000, 0x00000000ebd00000, 0x0000000100000000)
  eden space 10240K, 0% used [0x00000000eab00000,0x00000000eab00000,0x00000000eb500000)
  from space 4096K, 90% used [0x00000000eb900000,0x00000000ebca0210,0x00000000ebd00000)
  to   space 4096K, 0% used [0x00000000eb500000,0x00000000eb500000,0x00000000eb900000)
 ParOldGen       total 130560K, used 127718K [0x00000000c0000000, 0x00000000c7f80000, 0x00000000eab00000)
  object space 130560K, 97% used [0x00000000c0000000,0x00000000c7cb9818,0x00000000c7f80000)
 Metaspace       used 81088K, committed 82368K, reserved 1179648K
  class space    used 8349K, committed 8896K, reserved 1048576K
}
Event: 1950.283 GC heap before
{Heap before GC invocations=268 (full 12):
 PSYoungGen      total 14336K, used 13952K [0x00000000eab00000, 0x00000000ebd00000, 0x0000000100000000)
  eden space 10240K, 100% used [0x00000000eab00000,0x00000000eb500000,0x00000000eb500000)
  from space 4096K, 90% used [0x00000000eb900000,0x00000000ebca0210,0x00000000ebd00000)
  to   space 4096K, 0% used [0x00000000eb500000,0x00000000eb500000,0x00000000eb900000)
 ParOldGen       total 130560K, used 127718K [0x00000000c0000000, 0x00000000c7f80000, 0x00000000eab00000)
  object space 130560K, 97% used [0x00000000c0000000,0x00000000c7cb9818,0x00000000c7f80000)
 Metaspace       used 81348K, committed 82560K, reserved 1179648K
  class space    used 8394K, committed 8896K, reserved 1048576K
}
Event: 1950.288 GC heap after
{Heap after GC invocations=268 (full 12):
 PSYoungGen      total 14336K, used 4063K [0x00000000eab00000, 0x00000000ebe00000, 0x0000000100000000)
  eden space 10240K, 0% used [0x00000000eab00000,0x00000000eab00000,0x00000000eb500000)
  from space 4096K, 99% used [0x00000000eb500000,0x00000000eb8f7ee8,0x00000000eb900000)
  to   space 4608K, 0% used [0x00000000eb980000,0x00000000eb980000,0x00000000ebe00000)
 ParOldGen       total 130560K, used 127726K [0x00000000c0000000, 0x00000000c7f80000, 0x00000000eab00000)
  object space 130560K, 97% used [0x00000000c0000000,0x00000000c7cbb818,0x00000000c7f80000)
 Metaspace       used 81348K, committed 82560K, reserved 1179648K
  class space    used 8394K, committed 8896K, reserved 1048576K
}
Event: 1953.427 GC heap before
{Heap before GC invocations=269 (full 12):
 PSYoungGen      total 14336K, used 14303K [0x00000000eab00000, 0x00000000ebe00000, 0x0000000100000000)
  eden space 10240K, 100% used [0x00000000eab00000,0x00000000eb500000,0x00000000eb500000)
  from space 4096K, 99% used [0x00000000eb500000,0x00000000eb8f7ee8,0x00000000eb900000)
  to   space 4608K, 0% used [0x00000000eb980000,0x00000000eb980000,0x00000000ebe00000)
 ParOldGen       total 130560K, used 127726K [0x00000000c0000000, 0x00000000c7f80000, 0x00000000eab00000)
  object space 130560K, 97% used [0x00000000c0000000,0x00000000c7cbb818,0x00000000c7f80000)
 Metaspace       used 81435K, committed 82624K, reserved 1179648K
  class space    used 8398K, committed 8896K, reserved 1048576K
}
Event: 1953.432 GC heap after
{Heap after GC invocations=269 (full 12):
 PSYoungGen      total 14336K, used 4586K [0x00000000eab00000, 0x00000000ebf00000, 0x0000000100000000)
  eden space 9728K, 0% used [0x00000000eab00000,0x00000000eab00000,0x00000000eb480000)
  from space 4608K, 99% used [0x00000000eb980000,0x00000000ebdfabb8,0x00000000ebe00000)
  to   space 5120K, 0% used [0x00000000eb480000,0x00000000eb480000,0x00000000eb980000)
 ParOldGen       total 130560K, used 127798K [0x00000000c0000000, 0x00000000c7f80000, 0x00000000eab00000)
  object space 130560K, 97% used [0x00000000c0000000,0x00000000c7ccd818,0x00000000c7f80000)
 Metaspace       used 81435K, committed 82624K, reserved 1179648K
  class space    used 8398K, committed 8896K, reserved 1048576K
}
Event: 1953.541 GC heap before
{Heap before GC invocations=270 (full 12):
 PSYoungGen      total 14336K, used 14314K [0x00000000eab00000, 0x00000000ebf00000, 0x0000000100000000)
  eden space 9728K, 100% used [0x00000000eab00000,0x00000000eb480000,0x00000000eb480000)
  from space 4608K, 99% used [0x00000000eb980000,0x00000000ebdfabb8,0x00000000ebe00000)
  to   space 5120K, 0% used [0x00000000eb480000,0x00000000eb480000,0x00000000eb980000)
 ParOldGen       total 130560K, used 127798K [0x00000000c0000000, 0x00000000c7f80000, 0x00000000eab00000)
  object space 130560K, 97% used [0x00000000c0000000,0x00000000c7ccd818,0x00000000c7f80000)
 Metaspace       used 81442K, committed 82624K, reserved 1179648K
  class space    used 8398K, committed 8896K, reserved 1048576K
}
Event: 1953.546 GC heap after
{Heap after GC invocations=270 (full 12):
 PSYoungGen      total 14848K, used 5112K [0x00000000eab00000, 0x00000000ec080000, 0x0000000100000000)
  eden space 9728K, 0% used [0x00000000eab00000,0x00000000eab00000,0x00000000eb480000)
  from space 5120K, 99% used [0x00000000eb480000,0x00000000eb97e318,0x00000000eb980000)
  to   space 6144K, 0% used [0x00000000eba80000,0x00000000eba80000,0x00000000ec080000)
 ParOldGen       total 130560K, used 128318K [0x00000000c0000000, 0x00000000c7f80000, 0x00000000eab00000)
  object space 130560K, 98% used [0x00000000c0000000,0x00000000c7d4fa70,0x00000000c7f80000)
 Metaspace       used 81442K, committed 82624K, reserved 1179648K
  class space    used 8398K, committed 8896K, reserved 1048576K
}
Event: 1953.625 GC heap before
{Heap before GC invocations=271 (full 12):
 PSYoungGen      total 14848K, used 14840K [0x00000000eab00000, 0x00000000ec080000, 0x0000000100000000)
  eden space 9728K, 100% used [0x00000000eab00000,0x00000000eb480000,0x00000000eb480000)
  from space 5120K, 99% used [0x00000000eb480000,0x00000000eb97e318,0x00000000eb980000)
  to   space 6144K, 0% used [0x00000000eba80000,0x00000000eba80000,0x00000000ec080000)
 ParOldGen       total 130560K, used 128318K [0x00000000c0000000, 0x00000000c7f80000, 0x00000000eab00000)
  object space 130560K, 98% used [0x00000000c0000000,0x00000000c7d4fa70,0x00000000c7f80000)
 Metaspace       used 81478K, committed 82688K, reserved 1179648K
  class space    used 8398K, committed 8896K, reserved 1048576K
}
Event: 1953.632 GC heap after
{Heap after GC invocations=271 (full 12):
 PSYoungGen      total 13824K, used 3687K [0x00000000eab00000, 0x00000000ebe80000, 0x0000000100000000)
  eden space 9728K, 0% used [0x00000000eab00000,0x00000000eab00000,0x00000000eb480000)
  from space 4096K, 90% used [0x00000000eba80000,0x00000000ebe19cd8,0x00000000ebe80000)
  to   space 4608K, 0% used [0x00000000eb580000,0x00000000eb580000,0x00000000eba00000)
 ParOldGen       total 131584K, used 131091K [0x00000000c0000000, 0x00000000c8080000, 0x00000000eab00000)
  object space 131584K, 99% used [0x00000000c0000000,0x00000000c8004cd0,0x00000000c8080000)
 Metaspace       used 81478K, committed 82688K, reserved 1179648K
  class space    used 8398K, committed 8896K, reserved 1048576K
}
Event: 1953.632 GC heap before
{Heap before GC invocations=272 (full 13):
 PSYoungGen      total 13824K, used 3687K [0x00000000eab00000, 0x00000000ebe80000, 0x0000000100000000)
  eden space 9728K, 0% used [0x00000000eab00000,0x00000000eab00000,0x00000000eb480000)
  from space 4096K, 90% used [0x00000000eba80000,0x00000000ebe19cd8,0x00000000ebe80000)
  to   space 4608K, 0% used [0x00000000eb580000,0x00000000eb580000,0x00000000eba00000)
 ParOldGen       total 131584K, used 131091K [0x00000000c0000000, 0x00000000c8080000, 0x00000000eab00000)
  object space 131584K, 99% used [0x00000000c0000000,0x00000000c8004cd0,0x00000000c8080000)
 Metaspace       used 81478K, committed 82688K, reserved 1179648K
  class space    used 8398K, committed 8896K, reserved 1048576K
}
Event: 1953.902 GC heap after
{Heap after GC invocations=272 (full 13):
 PSYoungGen      total 10240K, used 0K [0x00000000eab00000, 0x00000000ebd80000, 0x0000000100000000)
  eden space 9728K, 0% used [0x00000000eab00000,0x00000000eab00000,0x00000000eb480000)
  from space 512K, 0% used [0x00000000eb580000,0x00000000eb580000,0x00000000eb600000)
  to   space 4608K, 0% used [0x00000000eb900000,0x00000000eb900000,0x00000000ebd80000)
 ParOldGen       total 155648K, used 102276K [0x00000000c0000000, 0x00000000c9800000, 0x00000000eab00000)
  object space 155648K, 65% used [0x00000000c0000000,0x00000000c63e1030,0x00000000c9800000)
 Metaspace       used 81478K, committed 82688K, reserved 1179648K
  class space    used 8398K, committed 8896K, reserved 1048576K
}
Event: 1954.015 GC heap before
{Heap before GC invocations=273 (full 13):
 PSYoungGen      total 10240K, used 9728K [0x00000000eab00000, 0x00000000ebd80000, 0x0000000100000000)
  eden space 9728K, 100% used [0x00000000eab00000,0x00000000eb480000,0x00000000eb480000)
  from space 512K, 0% used [0x00000000eb580000,0x00000000eb580000,0x00000000eb600000)
  to   space 4608K, 0% used [0x00000000eb900000,0x00000000eb900000,0x00000000ebd80000)
 ParOldGen       total 155648K, used 102276K [0x00000000c0000000, 0x00000000c9800000, 0x00000000eab00000)
  object space 155648K, 65% used [0x00000000c0000000,0x00000000c63e1030,0x00000000c9800000)
 Metaspace       used 81517K, committed 82752K, reserved 1179648K
  class space    used 8398K, committed 8896K, reserved 1048576K
}
Event: 1954.018 GC heap after
{Heap after GC invocations=273 (full 13):
 PSYoungGen      total 11264K, used 1329K [0x00000000eab00000, 0x00000000eba80000, 0x0000000100000000)
  eden space 9728K, 0% used [0x00000000eab00000,0x00000000eab00000,0x00000000eb480000)
  from space 1536K, 86% used [0x00000000eb900000,0x00000000eba4c418,0x00000000eba80000)
  to   space 2560K, 0% used [0x00000000eb580000,0x00000000eb580000,0x00000000eb800000)
 ParOldGen       total 155648K, used 102276K [0x00000000c0000000, 0x00000000c9800000, 0x00000000eab00000)
  object space 155648K, 65% used [0x00000000c0000000,0x00000000c63e1030,0x00000000c9800000)
 Metaspace       used 81517K, committed 82752K, reserved 1179648K
  class space    used 8398K, committed 8896K, reserved 1048576K
}
Event: 1956.567 GC heap before
{Heap before GC invocations=274 (full 13):
 PSYoungGen      total 11264K, used 11057K [0x00000000eab00000, 0x00000000eba80000, 0x0000000100000000)
  eden space 9728K, 100% used [0x00000000eab00000,0x00000000eb480000,0x00000000eb480000)
  from space 1536K, 86% used [0x00000000eb900000,0x00000000eba4c418,0x00000000eba80000)
  to   space 2560K, 0% used [0x00000000eb580000,0x00000000eb580000,0x00000000eb800000)
 ParOldGen       total 155648K, used 102276K [0x00000000c0000000, 0x00000000c9800000, 0x00000000eab00000)
  object space 155648K, 65% used [0x00000000c0000000,0x00000000c63e1030,0x00000000c9800000)
 Metaspace       used 81542K, committed 82752K, reserved 1179648K
  class space    used 8398K, committed 8896K, reserved 1048576K
}
Event: 1956.569 GC heap after
{Heap after GC invocations=274 (full 13):
 PSYoungGen      total 11776K, used 1739K [0x00000000eab00000, 0x00000000eb980000, 0x0000000100000000)
  eden space 9728K, 0% used [0x00000000eab00000,0x00000000eab00000,0x00000000eb480000)
  from space 2048K, 84% used [0x00000000eb580000,0x00000000eb732d38,0x00000000eb780000)
  to   space 2048K, 0% used [0x00000000eb780000,0x00000000eb780000,0x00000000eb980000)
 ParOldGen       total 155648K, used 102284K [0x00000000c0000000, 0x00000000c9800000, 0x00000000eab00000)
  object space 155648K, 65% used [0x00000000c0000000,0x00000000c63e3030,0x00000000c9800000)
 Metaspace       used 81542K, committed 82752K, reserved 1179648K
  class space    used 8398K, committed 8896K, reserved 1048576K
}
Event: 1956.724 GC heap before
{Heap before GC invocations=275 (full 13):
 PSYoungGen      total 11776K, used 11467K [0x00000000eab00000, 0x00000000eb980000, 0x0000000100000000)
  eden space 9728K, 100% used [0x00000000eab00000,0x00000000eb480000,0x00000000eb480000)
  from space 2048K, 84% used [0x00000000eb580000,0x00000000eb732d38,0x00000000eb780000)
  to   space 2048K, 0% used [0x00000000eb780000,0x00000000eb780000,0x00000000eb980000)
 ParOldGen       total 155648K, used 102284K [0x00000000c0000000, 0x00000000c9800000, 0x00000000eab00000)
  object space 155648K, 65% used [0x00000000c0000000,0x00000000c63e3030,0x00000000c9800000)
 Metaspace       used 81561K, committed 82752K, reserved 1179648K
  class space    used 8398K, committed 8896K, reserved 1048576K
}
Event: 1956.726 GC heap after
{Heap after GC invocations=275 (full 13):
 PSYoungGen      total 11264K, used 2041K [0x00000000eab00000, 0x00000000ebb80000, 0x0000000100000000)
  eden space 9216K, 0% used [0x00000000eab00000,0x00000000eab00000,0x00000000eb400000)
  from space 2048K, 99% used [0x00000000eb780000,0x00000000eb97e430,0x00000000eb980000)
  to   space 3584K, 0% used [0x00000000eb400000,0x00000000eb400000,0x00000000eb780000)
 ParOldGen       total 155648K, used 103189K [0x00000000c0000000, 0x00000000c9800000, 0x00000000eab00000)
  object space 155648K, 66% used [0x00000000c0000000,0x00000000c64c5468,0x00000000c9800000)
 Metaspace       used 81561K, committed 82752K, reserved 1179648K
  class space    used 8398K, committed 8896K, reserved 1048576K
}

Dll operation events (12 events):
Event: 0.013 Loaded shared library c:\Users\anuma\.vscode\extensions\redhat.java-1.35.0-win32-x64\jre\17.0.12-win32-x86_64\bin\java.dll
Event: 0.208 Loaded shared library c:\Users\anuma\.vscode\extensions\redhat.java-1.35.0-win32-x64\jre\17.0.12-win32-x86_64\bin\zip.dll
Event: 0.213 Loaded shared library C:\Users\anuma\.vscode\extensions\redhat.java-1.35.0-win32-x64\jre\17.0.12-win32-x86_64\bin\instrument.dll
Event: 0.231 Loaded shared library C:\Users\anuma\.vscode\extensions\redhat.java-1.35.0-win32-x64\jre\17.0.12-win32-x86_64\bin\net.dll
Event: 0.233 Loaded shared library C:\Users\anuma\.vscode\extensions\redhat.java-1.35.0-win32-x64\jre\17.0.12-win32-x86_64\bin\nio.dll
Event: 0.240 Loaded shared library C:\Users\anuma\.vscode\extensions\redhat.java-1.35.0-win32-x64\jre\17.0.12-win32-x86_64\bin\zip.dll
Event: 0.263 Loaded shared library C:\Users\anuma\.vscode\extensions\redhat.java-1.35.0-win32-x64\jre\17.0.12-win32-x86_64\bin\jimage.dll
Event: 0.382 Loaded shared library c:\Users\anuma\.vscode\extensions\redhat.java-1.35.0-win32-x64\jre\17.0.12-win32-x86_64\bin\verify.dll
Event: 14.573 Loaded shared library C:\Users\anuma\AppData\Roaming\Code\User\globalStorage\redhat.java\1.35.0\config_win\org.eclipse.equinox.launcher\org.eclipse.equinox.launcher.win32.win32.x86_64_1.2.1100.v20240722-2106\eclipse_11904.dll
Event: 50.435 Loaded shared library C:\Users\anuma\AppData\Local\Temp\jna-92974460\jna9312736869151216397.dll
Event: 60.051 Loaded shared library C:\Users\anuma\.vscode\extensions\redhat.java-1.35.0-win32-x64\jre\17.0.12-win32-x86_64\bin\sunmscapi.dll
Event: 60.181 Loaded shared library C:\Users\anuma\.vscode\extensions\redhat.java-1.35.0-win32-x64\jre\17.0.12-win32-x86_64\bin\extnet.dll

Deoptimization events (20 events):
Event: 1949.892 Thread 0x0000018d6d337bb0 Uncommon trap: trap_request=0xffffffde fr.pc=0x0000018d57e9b5a8 relative=0x0000000000000948
Event: 1949.892 Thread 0x0000018d6d337bb0 Uncommon trap: reason=class_check action=maybe_recompile pc=0x0000018d57e9b5a8 method=org.eclipse.jdt.internal.compiler.parser.Parser.pushIdentifier()V @ 5 c2
Event: 1949.892 Thread 0x0000018d6d337bb0 DEOPT PACKING pc=0x0000018d57e9b5a8 sp=0x0000007e410fe2d0
Event: 1949.892 Thread 0x0000018d6d337bb0 DEOPT UNPACKING pc=0x0000018d572f66a3 sp=0x0000007e410fe2c8 mode 2
Event: 1950.276 Thread 0x0000018d6d337bb0 DEOPT PACKING pc=0x0000018d5155e988 sp=0x0000007e410fdea0
Event: 1950.276 Thread 0x0000018d6d337bb0 DEOPT UNPACKING pc=0x0000018d572f6e43 sp=0x0000007e410fd328 mode 0
Event: 1953.161 Thread 0x0000018d6d339a10 DEOPT PACKING pc=0x0000018d506c2ba0 sp=0x0000007e40bfec40
Event: 1953.161 Thread 0x0000018d6d339a10 DEOPT UNPACKING pc=0x0000018d572f6e43 sp=0x0000007e40bfe0f8 mode 0
Event: 1953.197 Thread 0x0000018d6d337bb0 DEOPT PACKING pc=0x0000018d5155e988 sp=0x0000007e410fb930
Event: 1953.197 Thread 0x0000018d6d337bb0 DEOPT UNPACKING pc=0x0000018d572f6e43 sp=0x0000007e410fadb8 mode 0
Event: 1953.263 Thread 0x0000018d6d337bb0 Uncommon trap: trap_request=0xffffffc6 fr.pc=0x0000018d5802882c relative=0x00000000000006ac
Event: 1953.264 Thread 0x0000018d6d337bb0 Uncommon trap: reason=bimorphic_or_optimized_type_check action=maybe_recompile pc=0x0000018d5802882c method=org.eclipse.jdt.internal.compiler.parser.Parser.consumeRule(I)V @ 4529 c2
Event: 1953.264 Thread 0x0000018d6d337bb0 DEOPT PACKING pc=0x0000018d5802882c sp=0x0000007e410fdfb0
Event: 1953.264 Thread 0x0000018d6d337bb0 DEOPT UNPACKING pc=0x0000018d572f66a3 sp=0x0000007e410fdf40 mode 2
Event: 1953.264 Thread 0x0000018d6d337bb0 Uncommon trap: trap_request=0xffffffc6 fr.pc=0x0000018d5802882c relative=0x00000000000006ac
Event: 1953.264 Thread 0x0000018d6d337bb0 Uncommon trap: reason=bimorphic_or_optimized_type_check action=maybe_recompile pc=0x0000018d5802882c method=org.eclipse.jdt.internal.compiler.parser.Parser.consumeRule(I)V @ 4529 c2
Event: 1953.264 Thread 0x0000018d6d337bb0 DEOPT PACKING pc=0x0000018d5802882c sp=0x0000007e410fdfb0
Event: 1953.264 Thread 0x0000018d6d337bb0 DEOPT UNPACKING pc=0x0000018d572f66a3 sp=0x0000007e410fdf40 mode 2
Event: 1953.288 Thread 0x0000018d6d339a10 DEOPT PACKING pc=0x0000018d50bfaced sp=0x0000007e40bfba40
Event: 1953.288 Thread 0x0000018d6d339a10 DEOPT UNPACKING pc=0x0000018d572f6e43 sp=0x0000007e40bfaf70 mode 0

Classes loaded (20 events):
Event: 720.382 Loading class java/io/ObjectOutputStream$HandleTable
Event: 720.382 Loading class java/io/ObjectOutputStream$HandleTable done
Event: 720.382 Loading class java/io/ObjectOutputStream$ReplaceTable
Event: 720.382 Loading class java/io/ObjectOutputStream$ReplaceTable done
Event: 1756.985 Loading class jdk/internal/event/SecurityPropertyModificationEvent
Event: 1756.985 Loading class jdk/internal/event/SecurityPropertyModificationEvent done
Event: 1757.084 Loading class java/util/zip/CheckedInputStream
Event: 1757.084 Loading class java/util/zip/CheckedInputStream done
Event: 1757.192 Loading class java/util/zip/GZIPInputStream$1
Event: 1757.192 Loading class java/util/zip/GZIPInputStream$1 done
Event: 1757.427 Loading class java/util/regex/Pattern$1
Event: 1757.428 Loading class java/util/regex/Pattern$1 done
Event: 1757.473 Loading class java/io/FileReader
Event: 1757.473 Loading class java/io/FileReader done
Event: 1757.475 Loading class java/lang/UnsupportedClassVersionError
Event: 1757.475 Loading class java/lang/UnsupportedClassVersionError done
Event: 1757.490 Loading class jdk/internal/reflect/UnsafeQualifiedStaticIntegerFieldAccessorImpl
Event: 1757.490 Loading class jdk/internal/reflect/UnsafeQualifiedStaticIntegerFieldAccessorImpl done
Event: 1758.522 Loading class jdk/internal/ref/CleanerImpl$InnocuousThreadFactory
Event: 1758.522 Loading class jdk/internal/ref/CleanerImpl$InnocuousThreadFactory done

Classes unloaded (20 events):
Event: 1757.254 Thread 0x0000018d4b95e340 Unloading class 0x0000000100221800 'jdk/internal/reflect/GeneratedConstructorAccessor4'
Event: 1757.254 Thread 0x0000018d4b95e340 Unloading class 0x000000010021e400 'java/lang/invoke/LambdaForm$MH+0x000000010021e400'
Event: 1757.254 Thread 0x0000018d4b95e340 Unloading class 0x000000010021e000 'java/lang/invoke/LambdaForm$MH+0x000000010021e000'
Event: 1757.254 Thread 0x0000018d4b95e340 Unloading class 0x000000010021dc00 'java/lang/invoke/LambdaForm$MH+0x000000010021dc00'
Event: 1757.254 Thread 0x0000018d4b95e340 Unloading class 0x000000010021cc00 'java/lang/invoke/LambdaForm$MH+0x000000010021cc00'
Event: 1757.254 Thread 0x0000018d4b95e340 Unloading class 0x000000010021c800 'java/lang/invoke/LambdaForm$MH+0x000000010021c800'
Event: 1757.254 Thread 0x0000018d4b95e340 Unloading class 0x000000010021c000 'java/lang/invoke/LambdaForm$MH+0x000000010021c000'
Event: 1757.254 Thread 0x0000018d4b95e340 Unloading class 0x00000001001b1400 'java/lang/invoke/LambdaForm$MH+0x00000001001b1400'
Event: 1757.254 Thread 0x0000018d4b95e340 Unloading class 0x00000001001b1000 'java/lang/invoke/LambdaForm$MH+0x00000001001b1000'
Event: 1757.254 Thread 0x0000018d4b95e340 Unloading class 0x00000001001b0c00 'java/lang/invoke/LambdaForm$MH+0x00000001001b0c00'
Event: 1757.254 Thread 0x0000018d4b95e340 Unloading class 0x00000001001b0800 'java/lang/invoke/LambdaForm$MH+0x00000001001b0800'
Event: 1757.254 Thread 0x0000018d4b95e340 Unloading class 0x00000001001b0400 'java/lang/invoke/LambdaForm$MH+0x00000001001b0400'
Event: 1757.254 Thread 0x0000018d4b95e340 Unloading class 0x00000001001b0000 'java/lang/invoke/LambdaForm$MH+0x00000001001b0000'
Event: 1757.254 Thread 0x0000018d4b95e340 Unloading class 0x00000001001a9c00 'java/lang/invoke/LambdaForm$MH+0x00000001001a9c00'
Event: 1757.254 Thread 0x0000018d4b95e340 Unloading class 0x00000001001a9800 'java/lang/invoke/LambdaForm$MH+0x00000001001a9800'
Event: 1757.254 Thread 0x0000018d4b95e340 Unloading class 0x0000000100129000 'jdk/internal/reflect/GeneratedMethodAccessor5'
Event: 1757.254 Thread 0x0000018d4b95e340 Unloading class 0x0000000100128c00 'jdk/internal/reflect/GeneratedMethodAccessor4'
Event: 1757.254 Thread 0x0000018d4b95e340 Unloading class 0x0000000100128800 'jdk/internal/reflect/GeneratedMethodAccessor3'
Event: 1757.254 Thread 0x0000018d4b95e340 Unloading class 0x0000000100128400 'jdk/internal/reflect/GeneratedMethodAccessor2'
Event: 1757.254 Thread 0x0000018d4b95e340 Unloading class 0x0000000100128000 'jdk/internal/reflect/GeneratedMethodAccessor1'

Classes redefined (0 events):
No events

Internal exceptions (20 events):
Event: 250.875 Thread 0x0000018d6807fa40 Exception <a 'java/lang/NoSuchMethodError'{0x00000000eaee31b8}: 'void java.lang.invoke.DirectMethodHandle$Holder.invokeStatic(java.lang.Object, int)'> (0x00000000eaee31b8) 
thrown [s\src\hotspot\share\interpreter\linkResolver.cpp, line 759]
Event: 252.948 Thread 0x0000018d6807fa40 Exception <a 'java/io/FileNotFoundException'{0x00000000eb0f0e98}> (0x00000000eb0f0e98) 
thrown [s\src\hotspot\share\prims\jni.cpp, line 516]
Event: 252.948 Thread 0x0000018d6807fa40 Exception <a 'java/io/FileNotFoundException'{0x00000000eb0f2120}> (0x00000000eb0f2120) 
thrown [s\src\hotspot\share\prims\jni.cpp, line 516]
Event: 252.949 Thread 0x0000018d6807fa40 Exception <a 'java/io/FileNotFoundException'{0x00000000eb0f3100}> (0x00000000eb0f3100) 
thrown [s\src\hotspot\share\prims\jni.cpp, line 516]
Event: 252.969 Thread 0x0000018d6807fa40 Exception <a 'java/lang/NoSuchMethodError'{0x00000000eb158bc8}: 'int java.lang.invoke.DirectMethodHandle$Holder.invokeStatic(java.lang.Object, java.lang.Object, java.lang.Object, java.lang.Object, java.lang.Object, java.lang.Object)'> (0x00000000eb158bc8) 
thrown [s\src\hotspot\share\interpreter\linkResolver.cpp, line 759]
Event: 253.030 Thread 0x0000018d6807fa40 Implicit null exception at 0x0000018d5787b6a8 to 0x0000018d5787cd70
Event: 255.383 Thread 0x0000018d6807fa40 Exception <a 'sun/nio/fs/WindowsException'{0x00000000eb056798}> (0x00000000eb056798) 
thrown [s\src\hotspot\share\prims\jni.cpp, line 516]
Event: 720.414 Thread 0x0000018d6807fa40 Exception <a 'java/lang/NoSuchMethodError'{0x00000000ebf154a8}: static [J.<clinit>()V> (0x00000000ebf154a8) 
thrown [s\src\hotspot\share\prims\jni.cpp, line 1112]
Event: 720.421 Thread 0x0000018d6807fa40 Exception <a 'java/lang/NoSuchMethodError'{0x00000000ebf47bf0}: 'java.lang.Object java.lang.invoke.DirectMethodHandle$Holder.newInvokeSpecial(java.lang.Object, java.lang.Object, java.lang.Object, java.lang.Object, java.lang.Object, java.lang.Object, java.lang.Object, java.lang.Object)'> (0x00000000ebf47bf0) 
thrown [s\src\hotspot\share\interpreter\linkResolver.cpp, line 759]
Event: 720.421 Thread 0x0000018d6807fa40 Exception <a 'java/lang/NoSuchMethodError'{0x00000000ebf4c3a8}: 'java.lang.Object java.lang.invoke.Invokers$Holder.linkToTargetMethod(java.lang.Object, java.lang.Object, java.lang.Object, java.lang.Object, java.lang.Object, java.lang.Object, java.lang.Object, java.lang.Object)'> (0x00000000ebf4c3a8) 
thrown [s\src\hotspot\share\interpreter\linkResolver.cpp, line 759]
Event: 1756.590 Thread 0x0000018d6807ccb0 Implicit null exception at 0x0000018d57e2b74b to 0x0000018d57e2d998
Event: 1757.399 Thread 0x0000018d6807d1c0 Exception <a 'java/lang/NoSuchMethodError'{0x00000000eb1affe8}: 'java.lang.Object java.lang.invoke.DirectMethodHandle$Holder.invokeSpecial(java.lang.Object, java.lang.Object, int, long)'> (0x00000000eb1affe8) 
thrown [s\src\hotspot\share\interpreter\linkResolver.cpp, line 759]
Event: 1757.410 Thread 0x0000018d6d3376a0 Implicit null exception at 0x0000018d57b1fd65 to 0x0000018d57b1ff54
Event: 1757.525 Thread 0x0000018d6d339f20 Exception <a 'java/lang/IncompatibleClassChangeError'{0x00000000eadfacf0}: Found class java.lang.Object, but interface was expected> (0x00000000eadfacf0) 
thrown [s\src\hotspot\share\interpreter\linkResolver.cpp, line 826]
Event: 1757.983 Thread 0x0000018d6d339f20 Exception <a 'java/lang/NoSuchMethodError'{0x00000000eae7af10}: 'int java.lang.invoke.DirectMethodHandle$Holder.invokeStatic(java.lang.Object, java.lang.Object, java.lang.Object, int)'> (0x00000000eae7af10) 
thrown [s\src\hotspot\share\interpreter\linkResolver.cpp, line 759]
Event: 1758.058 Thread 0x0000018d6d339f20 Implicit null exception at 0x0000018d57d57926 to 0x0000018d57d57954
Event: 1758.062 Thread 0x0000018d6807fa40 Implicit null exception at 0x0000018d57e7b800 to 0x0000018d57e7bdfc
Event: 1777.731 Thread 0x0000018d6d33a430 Exception <a 'java/lang/NoSuchMethodError'{0x00000000eaec2a08}: 'java.lang.Object java.lang.invoke.DirectMethodHandle$Holder.newInvokeSpecial(java.lang.Object, java.lang.Object, int, java.lang.Object, java.lang.Object, java.lang.Object, java.lang.Object)'> (0x00000000eaec2a08) 
thrown [s\src\hotspot\share\interpreter\linkResolver.cpp, line 759]
Event: 1777.911 Thread 0x0000018d6d33a430 Implicit null exception at 0x0000018d57dc1227 to 0x0000018d57dc1590
Event: 1778.047 Thread 0x0000018d6d33a430 Implicit null exception at 0x0000018d57dcf42c to 0x0000018d57dcf48c

VM Operations (20 events):
Event: 1953.317 Executing VM operation: Cleanup
Event: 1953.332 Executing VM operation: Cleanup done
Event: 1953.390 Executing VM operation: ParallelGCFailedAllocation
Event: 1953.433 Executing VM operation: ParallelGCFailedAllocation done
Event: 1953.451 Executing VM operation: HandshakeAllThreads
Event: 1953.459 Executing VM operation: HandshakeAllThreads done
Event: 1953.540 Executing VM operation: ParallelGCFailedAllocation
Event: 1953.546 Executing VM operation: ParallelGCFailedAllocation done
Event: 1953.625 Executing VM operation: ParallelGCFailedAllocation
Event: 1953.903 Executing VM operation: ParallelGCFailedAllocation done
Event: 1954.014 Executing VM operation: ParallelGCFailedAllocation
Event: 1954.019 Executing VM operation: ParallelGCFailedAllocation done
Event: 1955.031 Executing VM operation: Cleanup
Event: 1955.031 Executing VM operation: Cleanup done
Event: 1956.566 Executing VM operation: ParallelGCFailedAllocation
Event: 1956.570 Executing VM operation: ParallelGCFailedAllocation done
Event: 1956.724 Executing VM operation: ParallelGCFailedAllocation
Event: 1956.726 Executing VM operation: ParallelGCFailedAllocation done
Event: 1957.736 Executing VM operation: Cleanup
Event: 1957.736 Executing VM operation: Cleanup done

Events (20 events):
Event: 1953.466 Thread 0x0000018d66a56600 flushing nmethod 0x0000018d5816f790
Event: 1953.466 Thread 0x0000018d66a56600 flushing nmethod 0x0000018d581e6f10
Event: 1953.467 Thread 0x0000018d66a56600 flushing nmethod 0x0000018d4fe0a210
Event: 1953.468 Thread 0x0000018d66a56600 flushing nmethod 0x0000018d4fe5f310
Event: 1953.471 Thread 0x0000018d66a56600 flushing nmethod 0x0000018d500b9610
Event: 1953.484 Thread 0x0000018d66a56600 flushing nmethod 0x0000018d50b1ec90
Event: 1953.486 Thread 0x0000018d66a56600 flushing nmethod 0x0000018d50c23b10
Event: 1953.492 Thread 0x0000018d66a56600 flushing nmethod 0x0000018d50f61390
Event: 1953.493 Thread 0x0000018d66a56600 flushing nmethod 0x0000018d50fcea90
Event: 1953.493 Thread 0x0000018d66a56600 flushing nmethod 0x0000018d51007190
Event: 1953.493 Thread 0x0000018d66a56600 flushing nmethod 0x0000018d51013590
Event: 1953.495 Thread 0x0000018d66a56600 flushing nmethod 0x0000018d51103910
Event: 1953.495 Thread 0x0000018d66a56600 flushing nmethod 0x0000018d5116f290
Event: 1953.496 Thread 0x0000018d66a56600 flushing nmethod 0x0000018d51182890
Event: 1953.496 Thread 0x0000018d66a56600 flushing nmethod 0x0000018d51186e90
Event: 1953.504 Thread 0x0000018d66a56600 flushing nmethod 0x0000018d5154b890
Event: 1953.506 Thread 0x0000018d66a56600 flushing nmethod 0x0000018d5161d010
Event: 1956.558 Thread 0x0000018d6c5be060 Thread exited: 0x0000018d6c5be060
Event: 1956.559 Thread 0x0000018d6d33a430 Thread added: 0x0000018d6d33a430
Event: 1956.621 Thread 0x0000018d6c5beb00 Thread added: 0x0000018d6c5beb00


Dynamic libraries:
0x00007ff669530000 - 0x00007ff66953e000 	c:\Users\anuma\.vscode\extensions\redhat.java-1.35.0-win32-x64\jre\17.0.12-win32-x86_64\bin\java.exe
0x00007ffc06260000 - 0x00007ffc064c8000 	C:\WINDOWS\SYSTEM32\ntdll.dll
0x00007ffc053f0000 - 0x00007ffc054b9000 	C:\WINDOWS\System32\KERNEL32.DLL
0x00007ffc03500000 - 0x00007ffc038ed000 	C:\WINDOWS\System32\KERNELBASE.dll
0x00007ffc03d00000 - 0x00007ffc03e4b000 	C:\WINDOWS\System32\ucrtbase.dll
0x00007ffbffcd0000 - 0x00007ffbffce7000 	c:\Users\anuma\.vscode\extensions\redhat.java-1.35.0-win32-x64\jre\17.0.12-win32-x86_64\bin\jli.dll
0x00007ffc044f0000 - 0x00007ffc046bc000 	C:\WINDOWS\System32\USER32.dll
0x00007ffc03e50000 - 0x00007ffc03e77000 	C:\WINDOWS\System32\win32u.dll
0x00007ffc04c70000 - 0x00007ffc04c9b000 	C:\WINDOWS\System32\GDI32.dll
0x00007ffc03bc0000 - 0x00007ffc03cf7000 	C:\WINDOWS\System32\gdi32full.dll
0x00007ffc03990000 - 0x00007ffc03a33000 	C:\WINDOWS\System32\msvcp_win.dll
0x00007ffbd6550000 - 0x00007ffbd656b000 	c:\Users\anuma\.vscode\extensions\redhat.java-1.35.0-win32-x64\jre\17.0.12-win32-x86_64\bin\VCRUNTIME140.dll
0x00007ffbe0110000 - 0x00007ffbe03aa000 	C:\WINDOWS\WinSxS\amd64_microsoft.windows.common-controls_6595b64144ccf1df_6.0.26100.4484_none_3e0e6d4ce32ef3b3\COMCTL32.dll
0x00007ffc04b50000 - 0x00007ffc04bf9000 	C:\WINDOWS\System32\msvcrt.dll
0x00007ffc061e0000 - 0x00007ffc0620f000 	C:\WINDOWS\System32\IMM32.DLL
0x00007ffbd6540000 - 0x00007ffbd654c000 	c:\Users\anuma\.vscode\extensions\redhat.java-1.35.0-win32-x64\jre\17.0.12-win32-x86_64\bin\vcruntime140_1.dll
0x00007ffbb2cb0000 - 0x00007ffbb2d3d000 	c:\Users\anuma\.vscode\extensions\redhat.java-1.35.0-win32-x64\jre\17.0.12-win32-x86_64\bin\msvcp140.dll
0x00007ffb48520000 - 0x00007ffb4918a000 	c:\Users\anuma\.vscode\extensions\redhat.java-1.35.0-win32-x64\jre\17.0.12-win32-x86_64\bin\server\jvm.dll
0x00007ffc05150000 - 0x00007ffc05204000 	C:\WINDOWS\System32\ADVAPI32.dll
0x00007ffc04e10000 - 0x00007ffc04eb6000 	C:\WINDOWS\System32\sechost.dll
0x00007ffc05e20000 - 0x00007ffc05f38000 	C:\WINDOWS\System32\RPCRT4.dll
0x00007ffc05f50000 - 0x00007ffc05fc4000 	C:\WINDOWS\System32\WS2_32.dll
0x00007ffc03200000 - 0x00007ffc0325e000 	C:\WINDOWS\SYSTEM32\POWRPROF.dll
0x00007ffbfff10000 - 0x00007ffbfff45000 	C:\WINDOWS\SYSTEM32\WINMM.dll
0x00007ffbf01a0000 - 0x00007ffbf01ab000 	C:\WINDOWS\SYSTEM32\VERSION.dll
0x00007ffc031e0000 - 0x00007ffc031f4000 	C:\WINDOWS\SYSTEM32\UMPDC.dll
0x00007ffc020b0000 - 0x00007ffc020cb000 	C:\WINDOWS\SYSTEM32\kernel.appcore.dll
0x00007ffbd63c0000 - 0x00007ffbd63ca000 	c:\Users\anuma\.vscode\extensions\redhat.java-1.35.0-win32-x64\jre\17.0.12-win32-x86_64\bin\jimage.dll
0x00007ffc00a20000 - 0x00007ffc00c61000 	C:\WINDOWS\SYSTEM32\DBGHELP.DLL
0x00007ffc04160000 - 0x00007ffc044e6000 	C:\WINDOWS\System32\combase.dll
0x00007ffc04ca0000 - 0x00007ffc04d80000 	C:\WINDOWS\System32\OLEAUT32.dll
0x00007ffbdf4c0000 - 0x00007ffbdf503000 	C:\WINDOWS\SYSTEM32\dbgcore.DLL
0x00007ffc038f0000 - 0x00007ffc03989000 	C:\WINDOWS\System32\bcryptPrimitives.dll
0x00007ffbd63b0000 - 0x00007ffbd63be000 	c:\Users\anuma\.vscode\extensions\redhat.java-1.35.0-win32-x64\jre\17.0.12-win32-x86_64\bin\instrument.dll
0x00007ffbb6be0000 - 0x00007ffbb6c05000 	c:\Users\anuma\.vscode\extensions\redhat.java-1.35.0-win32-x64\jre\17.0.12-win32-x86_64\bin\java.dll
0x00007ffbd6390000 - 0x00007ffbd63a8000 	c:\Users\anuma\.vscode\extensions\redhat.java-1.35.0-win32-x64\jre\17.0.12-win32-x86_64\bin\zip.dll
0x00007ffc056d0000 - 0x00007ffc05e1a000 	C:\WINDOWS\System32\SHELL32.dll
0x00007ffc03a40000 - 0x00007ffc03bb4000 	C:\WINDOWS\System32\wintypes.dll
0x00007ffc00fc0000 - 0x00007ffc0181b000 	C:\WINDOWS\SYSTEM32\windows.storage.dll
0x00007ffc055d0000 - 0x00007ffc056c5000 	C:\WINDOWS\System32\SHCORE.dll
0x00007ffc04c00000 - 0x00007ffc04c6a000 	C:\WINDOWS\System32\shlwapi.dll
0x00007ffc032c0000 - 0x00007ffc032ef000 	C:\WINDOWS\SYSTEM32\profapi.dll
0x00007ffbb6b80000 - 0x00007ffbb6b99000 	C:\Users\anuma\.vscode\extensions\redhat.java-1.35.0-win32-x64\jre\17.0.12-win32-x86_64\bin\net.dll
0x00007ffbf59d0000 - 0x00007ffbf5aee000 	C:\WINDOWS\SYSTEM32\WINHTTP.dll
0x00007ffc026e0000 - 0x00007ffc0274a000 	C:\WINDOWS\system32\mswsock.dll
0x00007ffbb6b60000 - 0x00007ffbb6b76000 	C:\Users\anuma\.vscode\extensions\redhat.java-1.35.0-win32-x64\jre\17.0.12-win32-x86_64\bin\nio.dll
0x00007ffbbb540000 - 0x00007ffbbb550000 	c:\Users\anuma\.vscode\extensions\redhat.java-1.35.0-win32-x64\jre\17.0.12-win32-x86_64\bin\verify.dll
0x00007ffb99380000 - 0x00007ffb993c5000 	C:\Users\anuma\AppData\Roaming\Code\User\globalStorage\redhat.java\1.35.0\config_win\org.eclipse.equinox.launcher\org.eclipse.equinox.launcher.win32.win32.x86_64_1.2.1100.v20240722-2106\eclipse_11904.dll
0x00007ffc04f10000 - 0x00007ffc050ae000 	C:\WINDOWS\System32\ole32.dll
0x00007ffc029a0000 - 0x00007ffc029bb000 	C:\WINDOWS\SYSTEM32\CRYPTSP.dll
0x00007ffc020d0000 - 0x00007ffc0210b000 	C:\WINDOWS\system32\rsaenh.dll
0x00007ffc02780000 - 0x00007ffc027ab000 	C:\WINDOWS\SYSTEM32\USERENV.dll
0x00007ffc03290000 - 0x00007ffc032b6000 	C:\WINDOWS\SYSTEM32\bcrypt.dll
0x00007ffc02990000 - 0x00007ffc0299c000 	C:\WINDOWS\SYSTEM32\CRYPTBASE.dll
0x00007ffc01b40000 - 0x00007ffc01b73000 	C:\WINDOWS\SYSTEM32\IPHLPAPI.DLL
0x00007ffc05fe0000 - 0x00007ffc05fea000 	C:\WINDOWS\System32\NSI.dll
0x00007ffbfca60000 - 0x00007ffbfca7f000 	C:\WINDOWS\SYSTEM32\dhcpcsvc6.DLL
0x00007ffbfc740000 - 0x00007ffbfc765000 	C:\WINDOWS\SYSTEM32\dhcpcsvc.DLL
0x00007ffc01c30000 - 0x00007ffc01d56000 	C:\WINDOWS\SYSTEM32\DNSAPI.dll
0x00007ffb46900000 - 0x00007ffb46949000 	C:\Users\anuma\AppData\Local\Temp\jna-92974460\jna9312736869151216397.dll
0x00007ffc05f40000 - 0x00007ffc05f48000 	C:\WINDOWS\System32\PSAPI.DLL
0x00007ffbbb6c0000 - 0x00007ffbbb6ce000 	C:\Users\anuma\.vscode\extensions\redhat.java-1.35.0-win32-x64\jre\17.0.12-win32-x86_64\bin\sunmscapi.dll
0x00007ffc03e80000 - 0x00007ffc03ff7000 	C:\WINDOWS\System32\CRYPT32.dll
0x00007ffc02bb0000 - 0x00007ffc02be0000 	C:\WINDOWS\SYSTEM32\ncrypt.dll
0x00007ffc02b60000 - 0x00007ffc02b9f000 	C:\WINDOWS\SYSTEM32\NTASN1.dll
0x00007ffbf9cc0000 - 0x00007ffbf9ccb000 	C:\Windows\System32\rasadhlp.dll
0x00007ffbfd0b0000 - 0x00007ffbfd136000 	C:\WINDOWS\System32\fwpuclnt.dll
0x00007ffbbb6b0000 - 0x00007ffbbb6b9000 	C:\Users\anuma\.vscode\extensions\redhat.java-1.35.0-win32-x64\jre\17.0.12-win32-x86_64\bin\extnet.dll
0x00007ffc02280000 - 0x00007ffc022b6000 	C:\WINDOWS\SYSTEM32\ntmarta.dll

dbghelp: loaded successfully - version: 4.0.5 - missing functions: none
symbol engine: initialized successfully - sym options: 0x614 - pdb path: .;c:\Users\anuma\.vscode\extensions\redhat.java-1.35.0-win32-x64\jre\17.0.12-win32-x86_64\bin;C:\WINDOWS\SYSTEM32;C:\WINDOWS\WinSxS\amd64_microsoft.windows.common-controls_6595b64144ccf1df_6.0.26100.4484_none_3e0e6d4ce32ef3b3;c:\Users\anuma\.vscode\extensions\redhat.java-1.35.0-win32-x64\jre\17.0.12-win32-x86_64\bin\server;C:\Users\anuma\AppData\Roaming\Code\User\globalStorage\redhat.java\1.35.0\config_win\org.eclipse.equinox.launcher\org.eclipse.equinox.launcher.win32.win32.x86_64_1.2.1100.v20240722-2106;C:\Users\anuma\AppData\Local\Temp\jna-92974460

VM Arguments:
jvm_args: --add-modules=ALL-SYSTEM --add-opens=java.base/java.util=ALL-UNNAMED --add-opens=java.base/java.lang=ALL-UNNAMED --add-opens=java.base/sun.nio.fs=ALL-UNNAMED -Declipse.application=org.eclipse.jdt.ls.core.id1 -Dosgi.bundles.defaultStartLevel=4 -Declipse.product=org.eclipse.jdt.ls.core.product -Djava.import.generatesMetadataFilesAtProjectRoot=false -DDetectVMInstallationsJob.disabled=true -Dfile.encoding=utf8 -XX:+UseParallelGC -XX:GCTimeRatio=4 -XX:AdaptiveSizePolicyWeight=90 -Dsun.zip.disableMemoryMapping=true -Xmx1G -Xms100m -Xlog:disable -javaagent:c:\Users\anuma\.vscode\extensions\redhat.java-1.35.0-win32-x64\lombok\lombok-1.18.33.jar -XX:+HeapDumpOnOutOfMemoryError -XX:HeapDumpPath=c:\Users\anuma\AppData\Roaming\Code\User\workspaceStorage\c3882e0eb3380c1272e429900239b1cc\redhat.java -Daether.dependencyCollector.impl=bf 
java_command: c:\Users\anuma\.vscode\extensions\redhat.java-1.35.0-win32-x64\server\plugins\org.eclipse.equinox.launcher_1.6.900.v20240613-2009.jar -configuration c:\Users\anuma\AppData\Roaming\Code\User\globalStorage\redhat.java\1.35.0\config_win -data c:\Users\anuma\AppData\Roaming\Code\User\workspaceStorage\c3882e0eb3380c1272e429900239b1cc\redhat.java\jdt_ws --pipe=\\.\pipe\lsp-259aa2c6f345cccf320871ae77504b4a-sock
java_class_path (initial): c:\Users\anuma\.vscode\extensions\redhat.java-1.35.0-win32-x64\server\plugins\org.eclipse.equinox.launcher_1.6.900.v20240613-2009.jar
Launcher Type: SUN_STANDARD

[Global flags]
    uintx AdaptiveSizePolicyWeight                 = 90                                        {product} {command line}
     intx CICompilerCount                          = 4                                         {product} {ergonomic}
    uintx GCTimeRatio                              = 4                                         {product} {command line}
     bool HeapDumpOnOutOfMemoryError               = true                                   {manageable} {command line}
    ccstr HeapDumpPath                             = c:\Users\anuma\AppData\Roaming\Code\User\workspaceStorage\c3882e0eb3380c1272e429900239b1cc\redhat.java         {manageable} {command line}
   size_t InitialHeapSize                          = 104857600                                 {product} {command line}
   size_t MaxHeapSize                              = 1073741824                                {product} {command line}
   size_t MaxNewSize                               = 357564416                                 {product} {ergonomic}
   size_t MinHeapDeltaBytes                        = 524288                                    {product} {ergonomic}
   size_t MinHeapSize                              = 104857600                                 {product} {command line}
   size_t NewSize                                  = 34603008                                  {product} {ergonomic}
    uintx NonNMethodCodeHeapSize                   = 5839372                                {pd product} {ergonomic}
    uintx NonProfiledCodeHeapSize                  = 122909434                              {pd product} {ergonomic}
   size_t OldSize                                  = 70254592                                  {product} {ergonomic}
    uintx ProfiledCodeHeapSize                     = 122909434                              {pd product} {ergonomic}
    uintx ReservedCodeCacheSize                    = 251658240                              {pd product} {ergonomic}
     bool SegmentedCodeCache                       = true                                      {product} {ergonomic}
   size_t SoftMaxHeapSize                          = 1073741824                             {manageable} {ergonomic}
     bool UseCompressedClassPointers               = true                           {product lp64_product} {ergonomic}
     bool UseCompressedOops                        = true                           {product lp64_product} {ergonomic}
     bool UseLargePagesIndividualAllocation        = false                                  {pd product} {ergonomic}
     bool UseParallelGC                            = true                                      {product} {command line}

Logging:
Log output configuration:
 #0: stdout all=off uptime,level,tags
 #1: stderr all=off uptime,level,tags

Environment Variables:
JAVA_HOME=C:\Program Files\Java\jdk-17
PATH=C:\Program Files\Common Files\Oracle\Java\javapath;C:\windows\system32;C:\windows;C:\windows\System32\Wbem;C:\windows\System32\WindowsPowerShell\v1.0\;C:\windows\System32\OpenSSH\;C:\Program Files\HP\HP One Agent;C:\Program Files\Java\jdk-17\bin;C:\Program Files\nodejs\;C:\WINDOWS\system32;C:\WINDOWS;C:\WINDOWS\System32\Wbem;C:\WINDOWS\System32\WindowsPowerShell\v1.0\;C:\WINDOWS\System32\OpenSSH\;C:\Program Files\Git\cmd;C:\Program Files\MySQL\MySQL Shell 8.0\bin\;C:\Users\anuma\AppData\Local\Programs\Microsoft VS Code\bin;C:\Users\anuma\AppData\Roaming\npm;%USERPROFILE%\AppData\Local\Microsoft\WindowsApps;
USERNAME=anuma
OS=Windows_NT
PROCESSOR_IDENTIFIER=Intel64 Family 6 Model 186 Stepping 3, GenuineIntel
TMP=C:\Users\anuma\AppData\Local\Temp
TEMP=C:\Users\anuma\AppData\Local\Temp



Periodic native trim disabled


---------------  S Y S T E M  ---------------

OS:
 Windows 11 , 64 bit Build 26100 (10.0.26100.4484)
OS uptime: 0 days 0:38 hours
Hyper-V role detected

CPU: total 12 (initial active 12) (6 cores per cpu, 2 threads per core) family 6 model 186 stepping 3 microcode 0x4123, cx8, cmov, fxsr, ht, mmx, 3dnowpref, sse, sse2, sse3, ssse3, sse4.1, sse4.2, popcnt, lzcnt, tsc, tscinvbit, avx, avx2, aes, erms, clmul, bmi1, bmi2, adx, sha, fma, vzeroupper, clflush, clflushopt, clwb, hv
Processor Information for processor 0
  Max Mhz: 1300, Current Mhz: 1300, Mhz Limit: 1300
Processor Information for processor 1
  Max Mhz: 1300, Current Mhz: 1300, Mhz Limit: 1300
Processor Information for processor 2
  Max Mhz: 1300, Current Mhz: 1300, Mhz Limit: 1300
Processor Information for processor 3
  Max Mhz: 1300, Current Mhz: 1300, Mhz Limit: 1300
Processor Information for processor 4
  Max Mhz: 1300, Current Mhz: 900, Mhz Limit: 897
Processor Information for processor 5
  Max Mhz: 1300, Current Mhz: 900, Mhz Limit: 897
Processor Information for processor 6
  Max Mhz: 1300, Current Mhz: 900, Mhz Limit: 897
Processor Information for processor 7
  Max Mhz: 1300, Current Mhz: 900, Mhz Limit: 897
Processor Information for processor 8
  Max Mhz: 1300, Current Mhz: 900, Mhz Limit: 897
Processor Information for processor 9
  Max Mhz: 1300, Current Mhz: 900, Mhz Limit: 897
Processor Information for processor 10
  Max Mhz: 1300, Current Mhz: 900, Mhz Limit: 897
Processor Information for processor 11
  Max Mhz: 1300, Current Mhz: 900, Mhz Limit: 897

Memory: 4k page, system-wide physical 16095M (3601M free)
TotalPageFile size 16095M (AvailPageFile size 214M)
current process WorkingSet (physical memory assigned to process): 528M, peak: 725M
current process commit charge ("private bytes"): 471M, peak: 649M

vm_info: OpenJDK 64-Bit Server VM (17.0.12+7) for windows-amd64 JRE (17.0.12+7), built on Jul 16 2024 22:08:24 by "admin" with MS VC++ 16.10 / 16.11 (VS2019)

END.
