#
# There is insufficient memory for the Java Runtime Environment to continue.
# Native memory allocation (malloc) failed to allocate 1202096 bytes. Error detail: Chunk::new
# Possible reasons:
#   The system is out of physical RAM or swap space
#   This process is running with CompressedOops enabled, and the Java Heap may be blocking the growth of the native heap
# Possible solutions:
#   Reduce memory load on the system
#   Increase physical memory or swap space
#   Check if swap backing store is full
#   Decrease Java heap size (-Xmx/-Xms)
#   Decrease number of Java threads
#   Decrease Java thread stack sizes (-Xss)
#   Set larger code cache with -XX:ReservedCodeCacheSize=
#   JVM is running with Unscaled Compressed Oops mode in which the Java heap is
#     placed in the first 4GB address space. The Java Heap base address is the
#     maximum limit for the native heap growth. Please use -XX:HeapBaseMinAddress
#     to set the Java Heap base and to place the Java Heap above 4GB virtual address.
# This output file may be truncated or incomplete.
#
#  Out of Memory Error (arena.cpp:191), pid=22448, tid=13840
#
# JRE version: OpenJDK Runtime Environment Temurin-17.0.12+7 (17.0.12+7) (build 17.0.12+7)
# Java VM: OpenJDK 64-Bit Server VM Temurin-17.0.12+7 (17.0.12+7, mixed mode, tiered, compressed oops, compressed class ptrs, parallel gc, windows-amd64)
# No core dump will be written. Minidumps are not enabled by default on client versions of Windows
#

---------------  S U M M A R Y ------------

Command Line: --add-modules=ALL-SYSTEM --add-opens=java.base/java.util=ALL-UNNAMED --add-opens=java.base/java.lang=ALL-UNNAMED --add-opens=java.base/sun.nio.fs=ALL-UNNAMED -Declipse.application=org.eclipse.jdt.ls.core.id1 -Dosgi.bundles.defaultStartLevel=4 -Declipse.product=org.eclipse.jdt.ls.core.product -Djava.import.generatesMetadataFilesAtProjectRoot=false -DDetectVMInstallationsJob.disabled=true -Dfile.encoding=utf8 -XX:+UseParallelGC -XX:GCTimeRatio=4 -XX:AdaptiveSizePolicyWeight=90 -Dsun.zip.disableMemoryMapping=true -Xmx1G -Xms100m -Xlog:disable -javaagent:c:\Users\anuma\.vscode\extensions\redhat.java-1.35.0-win32-x64\lombok\lombok-1.18.33.jar -XX:+HeapDumpOnOutOfMemoryError -XX:HeapDumpPath=c:\Users\anuma\AppData\Roaming\Code\User\workspaceStorage\c3882e0eb3380c1272e429900239b1cc\redhat.java -Daether.dependencyCollector.impl=bf c:\Users\anuma\.vscode\extensions\redhat.java-1.35.0-win32-x64\server\plugins\org.eclipse.equinox.launcher_1.6.900.v20240613-2009.jar -configuration c:\Users\anuma\AppData\Roaming\Code\User\globalStorage\redhat.java\1.35.0\config_win -data c:\Users\anuma\AppData\Roaming\Code\User\workspaceStorage\c3882e0eb3380c1272e429900239b1cc\redhat.java\jdt_ws --pipe=\\.\pipe\lsp-3fdedd6433764e8812da25ca1c339ae7-sock

Host: 13th Gen Intel(R) Core(TM) i5-1335U, 12 cores, 15G,  Windows 11 , 64 bit Build 26100 (10.0.26100.4768)
Time: Sat Aug 23 17:33:37 2025 India Standard Time elapsed time: 13.143664 seconds (0d 0h 0m 13s)

---------------  T H R E A D  ---------------

Current thread (0x0000018364430480):  JavaThread "C2 CompilerThread1" daemon [_thread_in_native, id=13840, stack(0x000000213a900000,0x000000213aa00000)]


Current CompileTask:
C2:  13143 10089       4       org.eclipse.jdt.internal.core.search.indexing.AbstractIndexer::addClassDeclaration (129 bytes)

Stack: [0x000000213a900000,0x000000213aa00000]
Native frames: (J=compiled Java code, j=interpreted, Vv=VM code, C=native code)
V  [jvm.dll+0x67f929]
V  [jvm.dll+0x8371ba]
V  [jvm.dll+0x838c7e]
V  [jvm.dll+0x8392e3]
V  [jvm.dll+0x24834f]
V  [jvm.dll+0xac9d4]
V  [jvm.dll+0xad01c]
V  [jvm.dll+0x367452]
V  [jvm.dll+0x33197a]
V  [jvm.dll+0x330e1a]
V  [jvm.dll+0x21a8b1]
V  [jvm.dll+0x219cf1]
V  [jvm.dll+0x1a58bd]
V  [jvm.dll+0x229a2d]
V  [jvm.dll+0x227bdc]
V  [jvm.dll+0x7ec1f7]
V  [jvm.dll+0x7e65dc]
V  [jvm.dll+0x67e7f7]
C  [ucrtbase.dll+0x37b0]
C  [KERNEL32.DLL+0x2e8d7]
C  [ntdll.dll+0x3c34c]


---------------  P R O C E S S  ---------------

Threads class SMR info:
_java_thread_list=0x00000183673b7bb0, length=61, elements={
0x0000018348bd7900, 0x000001835ca6a100, 0x000001835ca6c650, 0x0000018361d70320,
0x0000018361d70df0, 0x0000018361d751f0, 0x0000018361d76fd0, 0x0000018361d83580,
0x0000018361d85f50, 0x0000018361d873d0, 0x0000018361df8590, 0x0000018363332140,
0x0000018363d26f80, 0x0000018363fe54f0, 0x0000018363fe5ed0, 0x0000018363fce1a0,
0x000001836430be80, 0x0000018364308be0, 0x000001836430b970, 0x000001836430aa40,
0x000001836430b460, 0x00000183643090f0, 0x00000183643086d0, 0x0000018364309600,
0x0000018364309b10, 0x000001836430a020, 0x00000183648a3cd0, 0x00000183648a37c0,
0x00000183648a41e0, 0x00000183648a1960, 0x00000183648a2da0, 0x00000183648a4c00,
0x00000183648a1e70, 0x00000183648a2380, 0x00000183648a46f0, 0x00000183648a32b0,
0x00000183648a6040, 0x00000183648a5620, 0x00000183648a5b30, 0x00000183648a2890,
0x00000183648a7990, 0x00000183648a6a60, 0x0000018364430480, 0x00000183644309d0,
0x00000183648a6f70, 0x00000183648a83b0, 0x000001836430af50, 0x000001836758ed50,
0x0000018367590bb0, 0x000001836758fc80, 0x00000183675915d0, 0x00000183675910c0,
0x0000018367592500, 0x0000018367592a10, 0x000001836758f260, 0x0000018367591ff0,
0x0000018367592f20, 0x000001836758f770, 0x0000018367593430, 0x0000018367593940,
0x0000018367590190
}

Java Threads: ( => current thread )
  0x0000018348bd7900 JavaThread "main" [_thread_blocked, id=22068, stack(0x0000002139c00000,0x0000002139d00000)]
  0x000001835ca6a100 JavaThread "Reference Handler" daemon [_thread_blocked, id=10884, stack(0x0000002139f00000,0x000000213a000000)]
  0x000001835ca6c650 JavaThread "Finalizer" daemon [_thread_blocked, id=20672, stack(0x000000213a000000,0x000000213a100000)]
  0x0000018361d70320 JavaThread "Signal Dispatcher" daemon [_thread_blocked, id=2908, stack(0x000000213a100000,0x000000213a200000)]
  0x0000018361d70df0 JavaThread "Attach Listener" daemon [_thread_blocked, id=20176, stack(0x000000213a200000,0x000000213a300000)]
  0x0000018361d751f0 JavaThread "Service Thread" daemon [_thread_blocked, id=5152, stack(0x000000213a300000,0x000000213a400000)]
  0x0000018361d76fd0 JavaThread "Monitor Deflation Thread" daemon [_thread_blocked, id=7492, stack(0x000000213a400000,0x000000213a500000)]
  0x0000018361d83580 JavaThread "C2 CompilerThread0" daemon [_thread_in_native, id=19588, stack(0x000000213a500000,0x000000213a600000)]
  0x0000018361d85f50 JavaThread "C1 CompilerThread0" daemon [_thread_blocked, id=17472, stack(0x000000213a600000,0x000000213a700000)]
  0x0000018361d873d0 JavaThread "Sweeper thread" daemon [_thread_blocked, id=20040, stack(0x000000213a700000,0x000000213a800000)]
  0x0000018361df8590 JavaThread "Common-Cleaner" daemon [_thread_blocked, id=16912, stack(0x000000213a800000,0x000000213a900000)]
  0x0000018363332140 JavaThread "Notification Thread" daemon [_thread_blocked, id=3896, stack(0x000000213aa00000,0x000000213ab00000)]
  0x0000018363d26f80 JavaThread "Active Thread: Equinox Container: d231fb03-4a83-46cf-9a26-765ec5a8f306" [_thread_blocked, id=3632, stack(0x000000213b300000,0x000000213b400000)]
  0x0000018363fe54f0 JavaThread "Framework Event Dispatcher: Equinox Container: d231fb03-4a83-46cf-9a26-765ec5a8f306" daemon [_thread_blocked, id=19104, stack(0x000000213b400000,0x000000213b500000)]
  0x0000018363fe5ed0 JavaThread "Start Level: Equinox Container: d231fb03-4a83-46cf-9a26-765ec5a8f306" daemon [_thread_blocked, id=12736, stack(0x000000213b500000,0x000000213b600000)]
  0x0000018363fce1a0 JavaThread "Bundle File Closer" daemon [_thread_blocked, id=17752, stack(0x000000213b700000,0x000000213b800000)]
  0x000001836430be80 JavaThread "SCR Component Actor" daemon [_thread_blocked, id=11152, stack(0x000000213b900000,0x000000213ba00000)]
  0x0000018364308be0 JavaThread "Worker-JM" [_thread_blocked, id=11576, stack(0x000000213bc00000,0x000000213bd00000)]
  0x000001836430b970 JavaThread "JNA Cleaner" daemon [_thread_blocked, id=9204, stack(0x000000213ac00000,0x000000213ad00000)]
  0x000001836430aa40 JavaThread "Worker-0: Initialize workspace" [_thread_blocked, id=14856, stack(0x000000213bd00000,0x000000213be00000)]
  0x000001836430b460 JavaThread "Worker-1" [_thread_blocked, id=17388, stack(0x000000213be00000,0x000000213bf00000)]
  0x00000183643090f0 JavaThread "Java indexing" daemon [_thread_in_Java, id=12400, stack(0x000000213c000000,0x000000213c100000)]
  0x00000183643086d0 JavaThread "Thread-2" daemon [_thread_in_native, id=22228, stack(0x000000213c300000,0x000000213c400000)]
  0x0000018364309600 JavaThread "Thread-3" daemon [_thread_in_native, id=12960, stack(0x000000213c400000,0x000000213c500000)]
  0x0000018364309b10 JavaThread "Thread-4" daemon [_thread_in_native, id=15808, stack(0x000000213c500000,0x000000213c600000)]
  0x000001836430a020 JavaThread "Thread-5" daemon [_thread_in_native, id=1488, stack(0x000000213c600000,0x000000213c700000)]
  0x00000183648a3cd0 JavaThread "Thread-6" daemon [_thread_in_native, id=13048, stack(0x000000213c700000,0x000000213c800000)]
  0x00000183648a37c0 JavaThread "Thread-7" daemon [_thread_in_native, id=16288, stack(0x000000213c800000,0x000000213c900000)]
  0x00000183648a41e0 JavaThread "Thread-8" daemon [_thread_in_native, id=15132, stack(0x000000213c900000,0x000000213ca00000)]
  0x00000183648a1960 JavaThread "Thread-9" daemon [_thread_in_native, id=18412, stack(0x000000213ca00000,0x000000213cb00000)]
  0x00000183648a2da0 JavaThread "Thread-10" daemon [_thread_in_native, id=12880, stack(0x000000213cb00000,0x000000213cc00000)]
  0x00000183648a4c00 JavaThread "Thread-11" daemon [_thread_in_native, id=12772, stack(0x000000213cc00000,0x000000213cd00000)]
  0x00000183648a1e70 JavaThread "Thread-12" daemon [_thread_in_native, id=7236, stack(0x000000213cd00000,0x000000213ce00000)]
  0x00000183648a2380 JavaThread "Thread-13" daemon [_thread_in_native, id=9040, stack(0x000000213ce00000,0x000000213cf00000)]
  0x00000183648a46f0 JavaThread "Thread-14" daemon [_thread_in_native, id=12344, stack(0x000000213cf00000,0x000000213d000000)]
  0x00000183648a32b0 JavaThread "pool-2-thread-1" [_thread_blocked, id=1912, stack(0x000000213d000000,0x000000213d100000)]
  0x00000183648a6040 JavaThread "WorkspaceEventsHandler" [_thread_blocked, id=3076, stack(0x000000213d100000,0x000000213d200000)]
  0x00000183648a5620 JavaThread "pool-1-thread-1" [_thread_blocked, id=7392, stack(0x000000213d200000,0x000000213d300000)]
  0x00000183648a5b30 JavaThread "Worker-2: Java indexing... " [_thread_blocked, id=15144, stack(0x000000213d300000,0x000000213d400000)]
  0x00000183648a2890 JavaThread "Worker-3" [_thread_blocked, id=12716, stack(0x000000213d400000,0x000000213d500000)]
  0x00000183648a7990 JavaThread "ForkJoinPool.commonPool-worker-1" daemon [_thread_blocked, id=7212, stack(0x000000213d500000,0x000000213d600000)]
  0x00000183648a6a60 JavaThread "ForkJoinPool.commonPool-worker-2" daemon [_thread_blocked, id=12676, stack(0x000000213d600000,0x000000213d700000)]
=>0x0000018364430480 JavaThread "C2 CompilerThread1" daemon [_thread_in_native, id=13840, stack(0x000000213a900000,0x000000213aa00000)]
  0x00000183644309d0 JavaThread "C2 CompilerThread2" daemon [_thread_in_native, id=14788, stack(0x000000213bf00000,0x000000213c000000)]
  0x00000183648a6f70 JavaThread "Worker-4" [_thread_blocked, id=15856, stack(0x000000213d700000,0x000000213d800000)]
  0x00000183648a83b0 JavaThread "ForkJoinPool.commonPool-worker-3" daemon [_thread_blocked, id=12668, stack(0x000000213d800000,0x000000213d900000)]
  0x000001836430af50 JavaThread "ForkJoinPool.commonPool-worker-4" daemon [_thread_blocked, id=11732, stack(0x000000213d900000,0x000000213da00000)]
  0x000001836758ed50 JavaThread "ForkJoinPool.commonPool-worker-5" daemon [_thread_blocked, id=10392, stack(0x000000213da00000,0x000000213db00000)]
  0x0000018367590bb0 JavaThread "ForkJoinPool.commonPool-worker-6" daemon [_thread_blocked, id=14460, stack(0x000000213db00000,0x000000213dc00000)]
  0x000001836758fc80 JavaThread "ForkJoinPool.commonPool-worker-7" daemon [_thread_blocked, id=19336, stack(0x000000213dc00000,0x000000213dd00000)]
  0x00000183675915d0 JavaThread "Worker-5: Building" [_thread_in_native, id=2764, stack(0x000000213dd00000,0x000000213de00000)]
  0x00000183675910c0 JavaThread "Compiler Source File Reader" daemon [_thread_blocked, id=4852, stack(0x000000213de00000,0x000000213df00000)]
  0x0000018367592500 JavaThread "Compiler Source File Reader" daemon [_thread_blocked, id=4656, stack(0x000000213df00000,0x000000213e000000)]
  0x0000018367592a10 JavaThread "Compiler Source File Reader" daemon [_thread_blocked, id=10748, stack(0x000000213e000000,0x000000213e100000)]
  0x000001836758f260 JavaThread "Compiler Source File Reader" daemon [_thread_blocked, id=2416, stack(0x000000213e100000,0x000000213e200000)]
  0x0000018367591ff0 JavaThread "Compiler Source File Reader" daemon [_thread_blocked, id=12696, stack(0x000000213e200000,0x000000213e300000)]
  0x0000018367592f20 JavaThread "Compiler Source File Reader" daemon [_thread_blocked, id=16452, stack(0x000000213e300000,0x000000213e400000)]
  0x000001836758f770 JavaThread "Compiler Source File Reader" daemon [_thread_blocked, id=8732, stack(0x000000213e400000,0x000000213e500000)]
  0x0000018367593430 JavaThread "Compiler Source File Reader" daemon [_thread_blocked, id=8584, stack(0x000000213e500000,0x000000213e600000)]
  0x0000018367593940 JavaThread "Compiler Source File Reader" daemon [_thread_blocked, id=17016, stack(0x000000213e600000,0x000000213e700000)]
  0x0000018367590190 JavaThread "Compiler Source File Reader" daemon [_thread_blocked, id=20420, stack(0x000000213e700000,0x000000213e800000)]

Other Threads:
  0x0000018348c8e350 VMThread "VM Thread" [stack: 0x0000002139e00000,0x0000002139f00000] [id=18108]
  0x0000018363352c50 WatcherThread [stack: 0x000000213ab00000,0x000000213ac00000] [id=22188]
  0x0000018348becbf0 GCTaskThread "GC Thread#0" [stack: 0x0000002139d00000,0x0000002139e00000] [id=22388]
  0x0000018363b6e800 GCTaskThread "GC Thread#1" [stack: 0x000000213ad00000,0x000000213ae00000] [id=22244]
  0x000001836387a9f0 GCTaskThread "GC Thread#2" [stack: 0x000000213ae00000,0x000000213af00000] [id=21668]
  0x000001836364e500 GCTaskThread "GC Thread#3" [stack: 0x000000213af00000,0x000000213b000000] [id=20220]
  0x000001836364e7c0 GCTaskThread "GC Thread#4" [stack: 0x000000213b000000,0x000000213b100000] [id=19468]
  0x000001836364ea80 GCTaskThread "GC Thread#5" [stack: 0x000000213b100000,0x000000213b200000] [id=3716]
  0x000001836364ed40 GCTaskThread "GC Thread#6" [stack: 0x000000213b200000,0x000000213b300000] [id=8972]
  0x0000018363ceba60 GCTaskThread "GC Thread#7" [stack: 0x000000213b600000,0x000000213b700000] [id=16516]
  0x0000018364272d40 GCTaskThread "GC Thread#8" [stack: 0x000000213b800000,0x000000213b900000] [id=18768]
  0x0000018363f4d8f0 GCTaskThread "GC Thread#9" [stack: 0x000000213bb00000,0x000000213bc00000] [id=1888]

Threads with active compile tasks:
C2 CompilerThread0    13200 10071       4       org.eclipse.jdt.internal.compiler.util.JrtFileSystem$2::visitFile (72 bytes)
C2 CompilerThread1    13200 10089       4       org.eclipse.jdt.internal.core.search.indexing.AbstractIndexer::addClassDeclaration (129 bytes)
C2 CompilerThread2    13200 10070       4       org.eclipse.jdt.internal.compiler.util.JrtFileSystem$2::visitFile (10 bytes)

VM state: not at safepoint (normal execution)

VM Mutex/Monitor currently owned by a thread: None

Heap address: 0x00000000c0000000, size: 1024 MB, Compressed Oops mode: 32-bit

CDS archive(s) not mapped
Compressed class space mapped at: 0x0000000100000000-0x0000000140000000, reserved size: 1073741824
Narrow klass base: 0x0000000000000000, Narrow klass shift: 3, Narrow klass range: 0x140000000

GC Precious Log:
 CPUs: 12 total, 12 available
 Memory: 16095M
 Large Page Support: Disabled
 NUMA Support: Disabled
 Compressed Oops: Enabled (32-bit)
 Alignments: Space 512K, Generation 512K, Heap 2M
 Heap Min Capacity: 100M
 Heap Initial Capacity: 100M
 Heap Max Capacity: 1G
 Pre-touch: Disabled
 Parallel Workers: 10

Heap:
 PSYoungGen      total 11264K, used 10526K [0x00000000eab00000, 0x00000000eb880000, 0x0000000100000000)
  eden space 9216K, 94% used [0x00000000eab00000,0x00000000eb377580,0x00000000eb400000)
  from space 2048K, 90% used [0x00000000eb680000,0x00000000eb8502c0,0x00000000eb880000)
  to   space 2048K, 0% used [0x00000000eb480000,0x00000000eb480000,0x00000000eb680000)
 ParOldGen       total 214016K, used 204168K [0x00000000c0000000, 0x00000000cd100000, 0x00000000eab00000)
  object space 214016K, 95% used [0x00000000c0000000,0x00000000cc762120,0x00000000cd100000)
 Metaspace       used 62770K, committed 64000K, reserved 1114112K
  class space    used 6627K, committed 7168K, reserved 1048576K

Card table byte_map: [0x0000018348570000,0x0000018348780000] _byte_map_base: 0x0000018347f70000

Marking Bits: (ParMarkBitMap*) 0x00007ffe009758b0
 Begin Bits: [0x000001835a870000, 0x000001835b870000)
 End Bits:   [0x000001835b870000, 0x000001835c870000)

Polling page: 0x0000018346b30000

Metaspace:

Usage:
  Non-class:     54.83 MB used.
      Class:      6.47 MB used.
       Both:     61.30 MB used.

Virtual space:
  Non-class space:       64.00 MB reserved,      55.50 MB ( 87%) committed,  1 nodes.
      Class space:        1.00 GB reserved,       7.00 MB ( <1%) committed,  1 nodes.
             Both:        1.06 GB reserved,      62.50 MB (  6%) committed. 

Chunk freelists:
   Non-Class:  7.88 MB
       Class:  9.05 MB
        Both:  16.92 MB

MaxMetaspaceSize: unlimited
CompressedClassSpaceSize: 1.00 GB
Initial GC threshold: 21.00 MB
Current GC threshold: 103.69 MB
CDS: off
MetaspaceReclaimPolicy: balanced
 - commit_granule_bytes: 65536.
 - commit_granule_words: 8192.
 - virtual_space_node_default_size: 8388608.
 - enlarge_chunks_in_place: 1.
 - new_chunks_are_fully_committed: 0.
 - uncommit_free_chunks: 1.
 - use_allocation_guard: 0.
 - handle_deallocations: 1.


Internal statistics:

num_allocs_failed_limit: 9.
num_arena_births: 846.
num_arena_deaths: 30.
num_vsnodes_births: 2.
num_vsnodes_deaths: 0.
num_space_committed: 1000.
num_space_uncommitted: 0.
num_chunks_returned_to_freelist: 47.
num_chunks_taken_from_freelist: 3363.
num_chunk_merges: 22.
num_chunk_splits: 2088.
num_chunks_enlarged: 1255.
num_inconsistent_stats: 0.

CodeHeap 'non-profiled nmethods': size=120000Kb used=5761Kb max_used=5761Kb free=114238Kb
 bounds [0x0000018353340000, 0x00000183538f0000, 0x000001835a870000]
CodeHeap 'profiled nmethods': size=120000Kb used=17051Kb max_used=17051Kb free=102948Kb
 bounds [0x000001834b870000, 0x000001834c920000, 0x0000018352da0000]
CodeHeap 'non-nmethods': size=5760Kb used=1339Kb max_used=1435Kb free=4420Kb
 bounds [0x0000018352da0000, 0x0000018353010000, 0x0000018353340000]
 total_blobs=9333 nmethods=8657 adapters=589
 compilation: enabled
              stopped_count=0, restarted_count=0
 full_count=0

Compilation events (20 events):
Event: 12.081 Thread 0x0000018361d85f50 nmethod 10170 0x00000183538e0010 code [0x00000183538e01a0, 0x00000183538e0278]
Event: 12.081 Thread 0x0000018361d85f50 10174       2       java.net.URL::fromURI (144 bytes)
Event: 12.083 Thread 0x0000018361d85f50 nmethod 10174 0x000001834c90b510 code [0x000001834c90b760, 0x000001834c90bd28]
Event: 12.088 Thread 0x0000018361d85f50 10176       1       java.net.JarURLConnection::getEntryName (5 bytes)
Event: 12.089 Thread 0x0000018361d85f50 nmethod 10176 0x00000183538e0310 code [0x00000183538e04a0, 0x00000183538e0578]
Event: 12.089 Thread 0x0000018361d85f50 10177       2       sun.net.www.protocol.jar.JarURLConnection::getUseCaches (8 bytes)
Event: 12.090 Thread 0x0000018361d85f50 nmethod 10177 0x000001834c90c090 code [0x000001834c90c220, 0x000001834c90c348]
Event: 12.098 Thread 0x0000018361d85f50 10178       3       org.eclipse.jdt.internal.compiler.util.Util::scanTypeSignature (206 bytes)
Event: 12.100 Thread 0x0000018361d85f50 nmethod 10178 0x000001834c90c410 code [0x000001834c90c760, 0x000001834c90d818]
Event: 12.106 Thread 0x0000018361d85f50 10179       3       org.eclipse.jdt.core.Signature::checkName (102 bytes)
Event: 12.108 Thread 0x0000018361d85f50 nmethod 10179 0x000001834c90dd90 code [0x000001834c90dfa0, 0x000001834c90e648]
Event: 12.111 Thread 0x0000018361d85f50 10180   !   2       org.eclipse.osgi.storage.bundlefile.BundleFile::createURL (36 bytes)
Event: 12.113 Thread 0x0000018361d85f50 nmethod 10180 0x000001834c90e890 code [0x000001834c90eaa0, 0x000001834c90ed98]
Event: 12.113 Thread 0x0000018361d85f50 10181       2       org.eclipse.osgi.storage.bundlefile.BundleFile::fixTrailingSlash (152 bytes)
Event: 12.117 Thread 0x0000018361d85f50 nmethod 10181 0x000001834c90f110 code [0x000001834c90f3c0, 0x000001834c90fdb8]
Event: 12.117 Thread 0x0000018361d85f50 10182       2       org.eclipse.osgi.storage.url.BundleResourceHandler::createURLHostForBundleID (27 bytes)
Event: 12.118 Thread 0x0000018361d85f50 nmethod 10182 0x000001834c910410 code [0x000001834c910600, 0x000001834c910888]
Event: 12.118 Thread 0x0000018361d85f50 10183   !   2       org.eclipse.osgi.framework.util.SecureAction::getURL (78 bytes)
Event: 12.119 Thread 0x0000018361d85f50 nmethod 10183 0x000001834c910a90 code [0x000001834c910ca0, 0x000001834c9110d8]
Event: 12.186 Thread 0x0000018361d85f50 10184       2       org.eclipse.jdt.internal.core.search.indexing.AbstractIndexer::addDefaultConstructorDeclaration (21 bytes)

GC Heap History (20 events):
Event: 11.897 GC heap before
{Heap before GC invocations=165 (full 8):
 PSYoungGen      total 7168K, used 1408K [0x00000000eab00000, 0x00000000eb480000, 0x0000000100000000)
  eden space 5632K, 0% used [0x00000000eab00000,0x00000000eab00000,0x00000000eb080000)
  from space 1536K, 91% used [0x00000000eb080000,0x00000000eb1e0000,0x00000000eb200000)
  to   space 2048K, 0% used [0x00000000eb280000,0x00000000eb280000,0x00000000eb480000)
 ParOldGen       total 184320K, used 182248K [0x00000000c0000000, 0x00000000cb400000, 0x00000000eab00000)
  object space 184320K, 98% used [0x00000000c0000000,0x00000000cb1fa258,0x00000000cb400000)
 Metaspace       used 62466K, committed 63680K, reserved 1114112K
  class space    used 6585K, committed 7104K, reserved 1048576K
}
Event: 11.957 GC heap after
{Heap after GC invocations=165 (full 8):
 PSYoungGen      total 7680K, used 0K [0x00000000eab00000, 0x00000000eb480000, 0x0000000100000000)
  eden space 5632K, 0% used [0x00000000eab00000,0x00000000eab00000,0x00000000eb080000)
  from space 2048K, 0% used [0x00000000eb280000,0x00000000eb280000,0x00000000eb480000)
  to   space 2048K, 0% used [0x00000000eb080000,0x00000000eb080000,0x00000000eb280000)
 ParOldGen       total 214016K, used 178195K [0x00000000c0000000, 0x00000000cd100000, 0x00000000eab00000)
  object space 214016K, 83% used [0x00000000c0000000,0x00000000cae04e48,0x00000000cd100000)
 Metaspace       used 62466K, committed 63680K, reserved 1114112K
  class space    used 6585K, committed 7104K, reserved 1048576K
}
Event: 11.978 GC heap before
{Heap before GC invocations=166 (full 8):
 PSYoungGen      total 7680K, used 5632K [0x00000000eab00000, 0x00000000eb480000, 0x0000000100000000)
  eden space 5632K, 100% used [0x00000000eab00000,0x00000000eb080000,0x00000000eb080000)
  from space 2048K, 0% used [0x00000000eb280000,0x00000000eb280000,0x00000000eb480000)
  to   space 2048K, 0% used [0x00000000eb080000,0x00000000eb080000,0x00000000eb280000)
 ParOldGen       total 214016K, used 178195K [0x00000000c0000000, 0x00000000cd100000, 0x00000000eab00000)
  object space 214016K, 83% used [0x00000000c0000000,0x00000000cae04e48,0x00000000cd100000)
 Metaspace       used 62469K, committed 63680K, reserved 1114112K
  class space    used 6585K, committed 7104K, reserved 1048576K
}
Event: 11.979 GC heap after
{Heap after GC invocations=166 (full 8):
 PSYoungGen      total 7680K, used 1515K [0x00000000eab00000, 0x00000000eb480000, 0x0000000100000000)
  eden space 5632K, 0% used [0x00000000eab00000,0x00000000eab00000,0x00000000eb080000)
  from space 2048K, 73% used [0x00000000eb080000,0x00000000eb1face8,0x00000000eb280000)
  to   space 2048K, 0% used [0x00000000eb280000,0x00000000eb280000,0x00000000eb480000)
 ParOldGen       total 214016K, used 178195K [0x00000000c0000000, 0x00000000cd100000, 0x00000000eab00000)
  object space 214016K, 83% used [0x00000000c0000000,0x00000000cae04e48,0x00000000cd100000)
 Metaspace       used 62469K, committed 63680K, reserved 1114112K
  class space    used 6585K, committed 7104K, reserved 1048576K
}
Event: 12.021 GC heap before
{Heap before GC invocations=167 (full 8):
 PSYoungGen      total 7680K, used 7147K [0x00000000eab00000, 0x00000000eb480000, 0x0000000100000000)
  eden space 5632K, 100% used [0x00000000eab00000,0x00000000eb080000,0x00000000eb080000)
  from space 2048K, 73% used [0x00000000eb080000,0x00000000eb1face8,0x00000000eb280000)
  to   space 2048K, 0% used [0x00000000eb280000,0x00000000eb280000,0x00000000eb480000)
 ParOldGen       total 214016K, used 178195K [0x00000000c0000000, 0x00000000cd100000, 0x00000000eab00000)
  object space 214016K, 83% used [0x00000000c0000000,0x00000000cae04e48,0x00000000cd100000)
 Metaspace       used 62493K, committed 63744K, reserved 1114112K
  class space    used 6587K, committed 7104K, reserved 1048576K
}
Event: 12.024 GC heap after
{Heap after GC invocations=167 (full 8):
 PSYoungGen      total 7680K, used 1882K [0x00000000eab00000, 0x00000000eb480000, 0x0000000100000000)
  eden space 5632K, 0% used [0x00000000eab00000,0x00000000eab00000,0x00000000eb080000)
  from space 2048K, 91% used [0x00000000eb280000,0x00000000eb4568c0,0x00000000eb480000)
  to   space 2048K, 0% used [0x00000000eb080000,0x00000000eb080000,0x00000000eb280000)
 ParOldGen       total 214016K, used 181659K [0x00000000c0000000, 0x00000000cd100000, 0x00000000eab00000)
  object space 214016K, 84% used [0x00000000c0000000,0x00000000cb166e50,0x00000000cd100000)
 Metaspace       used 62493K, committed 63744K, reserved 1114112K
  class space    used 6587K, committed 7104K, reserved 1048576K
}
Event: 12.038 GC heap before
{Heap before GC invocations=168 (full 8):
 PSYoungGen      total 7680K, used 7514K [0x00000000eab00000, 0x00000000eb480000, 0x0000000100000000)
  eden space 5632K, 100% used [0x00000000eab00000,0x00000000eb080000,0x00000000eb080000)
  from space 2048K, 91% used [0x00000000eb280000,0x00000000eb4568c0,0x00000000eb480000)
  to   space 2048K, 0% used [0x00000000eb080000,0x00000000eb080000,0x00000000eb280000)
 ParOldGen       total 214016K, used 181659K [0x00000000c0000000, 0x00000000cd100000, 0x00000000eab00000)
  object space 214016K, 84% used [0x00000000c0000000,0x00000000cb166e50,0x00000000cd100000)
 Metaspace       used 62513K, committed 63744K, reserved 1114112K
  class space    used 6592K, committed 7104K, reserved 1048576K
}
Event: 12.040 GC heap after
{Heap after GC invocations=168 (full 8):
 PSYoungGen      total 7680K, used 2016K [0x00000000eab00000, 0x00000000eb780000, 0x0000000100000000)
  eden space 5632K, 0% used [0x00000000eab00000,0x00000000eab00000,0x00000000eb080000)
  from space 2048K, 98% used [0x00000000eb080000,0x00000000eb2783a8,0x00000000eb280000)
  to   space 3584K, 0% used [0x00000000eb400000,0x00000000eb400000,0x00000000eb780000)
 ParOldGen       total 214016K, used 182713K [0x00000000c0000000, 0x00000000cd100000, 0x00000000eab00000)
  object space 214016K, 85% used [0x00000000c0000000,0x00000000cb26e6f8,0x00000000cd100000)
 Metaspace       used 62513K, committed 63744K, reserved 1114112K
  class space    used 6592K, committed 7104K, reserved 1048576K
}
Event: 12.051 GC heap before
{Heap before GC invocations=169 (full 8):
 PSYoungGen      total 7680K, used 7648K [0x00000000eab00000, 0x00000000eb780000, 0x0000000100000000)
  eden space 5632K, 100% used [0x00000000eab00000,0x00000000eb080000,0x00000000eb080000)
  from space 2048K, 98% used [0x00000000eb080000,0x00000000eb2783a8,0x00000000eb280000)
  to   space 3584K, 0% used [0x00000000eb400000,0x00000000eb400000,0x00000000eb780000)
 ParOldGen       total 214016K, used 182713K [0x00000000c0000000, 0x00000000cd100000, 0x00000000eab00000)
  object space 214016K, 85% used [0x00000000c0000000,0x00000000cb26e6f8,0x00000000cd100000)
 Metaspace       used 62579K, committed 63808K, reserved 1114112K
  class space    used 6601K, committed 7104K, reserved 1048576K
}
Event: 12.053 GC heap after
{Heap after GC invocations=169 (full 8):
 PSYoungGen      total 9728K, used 2354K [0x00000000eab00000, 0x00000000eb780000, 0x0000000100000000)
  eden space 6144K, 0% used [0x00000000eab00000,0x00000000eab00000,0x00000000eb100000)
  from space 3584K, 65% used [0x00000000eb400000,0x00000000eb64cb70,0x00000000eb780000)
  to   space 3072K, 0% used [0x00000000eb100000,0x00000000eb100000,0x00000000eb400000)
 ParOldGen       total 214016K, used 183625K [0x00000000c0000000, 0x00000000cd100000, 0x00000000eab00000)
  object space 214016K, 85% used [0x00000000c0000000,0x00000000cb3525b8,0x00000000cd100000)
 Metaspace       used 62579K, committed 63808K, reserved 1114112K
  class space    used 6601K, committed 7104K, reserved 1048576K
}
Event: 12.064 GC heap before
{Heap before GC invocations=170 (full 8):
 PSYoungGen      total 9728K, used 8498K [0x00000000eab00000, 0x00000000eb780000, 0x0000000100000000)
  eden space 6144K, 100% used [0x00000000eab00000,0x00000000eb100000,0x00000000eb100000)
  from space 3584K, 65% used [0x00000000eb400000,0x00000000eb64cb70,0x00000000eb780000)
  to   space 3072K, 0% used [0x00000000eb100000,0x00000000eb100000,0x00000000eb400000)
 ParOldGen       total 214016K, used 183625K [0x00000000c0000000, 0x00000000cd100000, 0x00000000eab00000)
  object space 214016K, 85% used [0x00000000c0000000,0x00000000cb3525b8,0x00000000cd100000)
 Metaspace       used 62618K, committed 63808K, reserved 1114112K
  class space    used 6604K, committed 7104K, reserved 1048576K
}
Event: 12.065 GC heap after
{Heap after GC invocations=170 (full 8):
 PSYoungGen      total 9216K, used 3066K [0x00000000eab00000, 0x00000000eba00000, 0x0000000100000000)
  eden space 6144K, 0% used [0x00000000eab00000,0x00000000eab00000,0x00000000eb100000)
  from space 3072K, 99% used [0x00000000eb100000,0x00000000eb3fea00,0x00000000eb400000)
  to   space 4096K, 0% used [0x00000000eb600000,0x00000000eb600000,0x00000000eba00000)
 ParOldGen       total 214016K, used 184123K [0x00000000c0000000, 0x00000000cd100000, 0x00000000eab00000)
  object space 214016K, 86% used [0x00000000c0000000,0x00000000cb3cec38,0x00000000cd100000)
 Metaspace       used 62618K, committed 63808K, reserved 1114112K
  class space    used 6604K, committed 7104K, reserved 1048576K
}
Event: 12.077 GC heap before
{Heap before GC invocations=171 (full 8):
 PSYoungGen      total 9216K, used 9210K [0x00000000eab00000, 0x00000000eba00000, 0x0000000100000000)
  eden space 6144K, 100% used [0x00000000eab00000,0x00000000eb100000,0x00000000eb100000)
  from space 3072K, 99% used [0x00000000eb100000,0x00000000eb3fea00,0x00000000eb400000)
  to   space 4096K, 0% used [0x00000000eb600000,0x00000000eb600000,0x00000000eba00000)
 ParOldGen       total 214016K, used 184123K [0x00000000c0000000, 0x00000000cd100000, 0x00000000eab00000)
  object space 214016K, 86% used [0x00000000c0000000,0x00000000cb3cec38,0x00000000cd100000)
 Metaspace       used 62645K, committed 63872K, reserved 1114112K
  class space    used 6606K, committed 7104K, reserved 1048576K
}
Event: 12.079 GC heap after
{Heap after GC invocations=171 (full 8):
 PSYoungGen      total 10240K, used 2799K [0x00000000eab00000, 0x00000000eb900000, 0x0000000100000000)
  eden space 7168K, 0% used [0x00000000eab00000,0x00000000eab00000,0x00000000eb200000)
  from space 3072K, 91% used [0x00000000eb600000,0x00000000eb8bbd70,0x00000000eb900000)
  to   space 3584K, 0% used [0x00000000eb200000,0x00000000eb200000,0x00000000eb580000)
 ParOldGen       total 214016K, used 185918K [0x00000000c0000000, 0x00000000cd100000, 0x00000000eab00000)
  object space 214016K, 86% used [0x00000000c0000000,0x00000000cb58f970,0x00000000cd100000)
 Metaspace       used 62645K, committed 63872K, reserved 1114112K
  class space    used 6606K, committed 7104K, reserved 1048576K
}
Event: 12.093 GC heap before
{Heap before GC invocations=172 (full 8):
 PSYoungGen      total 10240K, used 9967K [0x00000000eab00000, 0x00000000eb900000, 0x0000000100000000)
  eden space 7168K, 100% used [0x00000000eab00000,0x00000000eb200000,0x00000000eb200000)
  from space 3072K, 91% used [0x00000000eb600000,0x00000000eb8bbd70,0x00000000eb900000)
  to   space 3584K, 0% used [0x00000000eb200000,0x00000000eb200000,0x00000000eb580000)
 ParOldGen       total 214016K, used 185918K [0x00000000c0000000, 0x00000000cd100000, 0x00000000eab00000)
  object space 214016K, 86% used [0x00000000c0000000,0x00000000cb58f970,0x00000000cd100000)
 Metaspace       used 62662K, committed 63872K, reserved 1114112K
  class space    used 6608K, committed 7104K, reserved 1048576K
}
Event: 12.095 GC heap after
{Heap after GC invocations=172 (full 8):
 PSYoungGen      total 10752K, used 1763K [0x00000000eab00000, 0x00000000eb800000, 0x0000000100000000)
  eden space 7168K, 0% used [0x00000000eab00000,0x00000000eab00000,0x00000000eb200000)
  from space 3584K, 49% used [0x00000000eb200000,0x00000000eb3b8fc0,0x00000000eb580000)
  to   space 2560K, 0% used [0x00000000eb580000,0x00000000eb580000,0x00000000eb800000)
 ParOldGen       total 214016K, used 188517K [0x00000000c0000000, 0x00000000cd100000, 0x00000000eab00000)
  object space 214016K, 88% used [0x00000000c0000000,0x00000000cb819590,0x00000000cd100000)
 Metaspace       used 62662K, committed 63872K, reserved 1114112K
  class space    used 6608K, committed 7104K, reserved 1048576K
}
Event: 12.108 GC heap before
{Heap before GC invocations=173 (full 8):
 PSYoungGen      total 10752K, used 8931K [0x00000000eab00000, 0x00000000eb800000, 0x0000000100000000)
  eden space 7168K, 100% used [0x00000000eab00000,0x00000000eb200000,0x00000000eb200000)
  from space 3584K, 49% used [0x00000000eb200000,0x00000000eb3b8fc0,0x00000000eb580000)
  to   space 2560K, 0% used [0x00000000eb580000,0x00000000eb580000,0x00000000eb800000)
 ParOldGen       total 214016K, used 188517K [0x00000000c0000000, 0x00000000cd100000, 0x00000000eab00000)
  object space 214016K, 88% used [0x00000000c0000000,0x00000000cb819590,0x00000000cd100000)
 Metaspace       used 62685K, committed 63872K, reserved 1114112K
  class space    used 6609K, committed 7104K, reserved 1048576K
}
Event: 12.109 GC heap after
{Heap after GC invocations=173 (full 8):
 PSYoungGen      total 10240K, used 1721K [0x00000000eab00000, 0x00000000eb780000, 0x0000000100000000)
  eden space 8192K, 0% used [0x00000000eab00000,0x00000000eab00000,0x00000000eb300000)
  from space 2048K, 84% used [0x00000000eb580000,0x00000000eb72e5b8,0x00000000eb780000)
  to   space 2048K, 0% used [0x00000000eb380000,0x00000000eb380000,0x00000000eb580000)
 ParOldGen       total 214016K, used 190051K [0x00000000c0000000, 0x00000000cd100000, 0x00000000eab00000)
  object space 214016K, 88% used [0x00000000c0000000,0x00000000cb998dc8,0x00000000cd100000)
 Metaspace       used 62685K, committed 63872K, reserved 1114112K
  class space    used 6609K, committed 7104K, reserved 1048576K
}
Event: 12.124 GC heap before
{Heap before GC invocations=174 (full 8):
 PSYoungGen      total 10240K, used 9913K [0x00000000eab00000, 0x00000000eb780000, 0x0000000100000000)
  eden space 8192K, 100% used [0x00000000eab00000,0x00000000eb300000,0x00000000eb300000)
  from space 2048K, 84% used [0x00000000eb580000,0x00000000eb72e5b8,0x00000000eb780000)
  to   space 2048K, 0% used [0x00000000eb380000,0x00000000eb380000,0x00000000eb580000)
 ParOldGen       total 214016K, used 190051K [0x00000000c0000000, 0x00000000cd100000, 0x00000000eab00000)
  object space 214016K, 88% used [0x00000000c0000000,0x00000000cb998dc8,0x00000000cd100000)
 Metaspace       used 62714K, committed 63936K, reserved 1114112K
  class space    used 6612K, committed 7104K, reserved 1048576K
}
Event: 12.125 GC heap after
{Heap after GC invocations=174 (full 8):
 PSYoungGen      total 10752K, used 1996K [0x00000000eab00000, 0x00000000eb900000, 0x0000000100000000)
  eden space 8704K, 0% used [0x00000000eab00000,0x00000000eab00000,0x00000000eb380000)
  from space 2048K, 97% used [0x00000000eb380000,0x00000000eb573380,0x00000000eb580000)
  to   space 2560K, 0% used [0x00000000eb680000,0x00000000eb680000,0x00000000eb900000)
 ParOldGen       total 214016K, used 191589K [0x00000000c0000000, 0x00000000cd100000, 0x00000000eab00000)
  object space 214016K, 89% used [0x00000000c0000000,0x00000000cbb195a8,0x00000000cd100000)
 Metaspace       used 62714K, committed 63936K, reserved 1114112K
  class space    used 6612K, committed 7104K, reserved 1048576K
}

Dll operation events (10 events):
Event: 0.013 Loaded shared library c:\Users\anuma\.vscode\extensions\redhat.java-1.35.0-win32-x64\jre\17.0.12-win32-x86_64\bin\java.dll
Event: 0.147 Loaded shared library c:\Users\anuma\.vscode\extensions\redhat.java-1.35.0-win32-x64\jre\17.0.12-win32-x86_64\bin\zip.dll
Event: 0.152 Loaded shared library C:\Users\anuma\.vscode\extensions\redhat.java-1.35.0-win32-x64\jre\17.0.12-win32-x86_64\bin\instrument.dll
Event: 0.165 Loaded shared library C:\Users\anuma\.vscode\extensions\redhat.java-1.35.0-win32-x64\jre\17.0.12-win32-x86_64\bin\net.dll
Event: 0.167 Loaded shared library C:\Users\anuma\.vscode\extensions\redhat.java-1.35.0-win32-x64\jre\17.0.12-win32-x86_64\bin\nio.dll
Event: 0.172 Loaded shared library C:\Users\anuma\.vscode\extensions\redhat.java-1.35.0-win32-x64\jre\17.0.12-win32-x86_64\bin\zip.dll
Event: 0.191 Loaded shared library C:\Users\anuma\.vscode\extensions\redhat.java-1.35.0-win32-x64\jre\17.0.12-win32-x86_64\bin\jimage.dll
Event: 0.258 Loaded shared library c:\Users\anuma\.vscode\extensions\redhat.java-1.35.0-win32-x64\jre\17.0.12-win32-x86_64\bin\verify.dll
Event: 1.343 Loaded shared library C:\Users\anuma\AppData\Roaming\Code\User\globalStorage\redhat.java\1.35.0\config_win\org.eclipse.equinox.launcher\org.eclipse.equinox.launcher.win32.win32.x86_64_1.2.1100.v20240722-2106\eclipse_11904.dll
Event: 2.707 Loaded shared library C:\Users\anuma\AppData\Local\Temp\jna-92974460\jna1600988388634085240.dll

Deoptimization events (20 events):
Event: 12.030 Thread 0x00000183675915d0 Uncommon trap: trap_request=0xffffff45 fr.pc=0x00000183537e5704 relative=0x00000000000012a4
Event: 12.030 Thread 0x00000183675915d0 Uncommon trap: reason=unstable_if action=reinterpret pc=0x00000183537e5704 method=java.util.TimSort.sort([Ljava/lang/Object;IILjava/util/Comparator;[Ljava/lang/Object;II)V @ 114 c2
Event: 12.030 Thread 0x00000183675915d0 DEOPT PACKING pc=0x00000183537e5704 sp=0x000000213ddfe8d0
Event: 12.030 Thread 0x00000183675915d0 DEOPT UNPACKING pc=0x0000018352df66a3 sp=0x000000213ddfe888 mode 2
Event: 12.043 Thread 0x000001836758f260 Uncommon trap: trap_request=0xffffff45 fr.pc=0x0000018353742f6c relative=0x000000000000160c
Event: 12.043 Thread 0x000001836758f260 Uncommon trap: reason=unstable_if action=reinterpret pc=0x0000018353742f6c method=java.lang.Character.isSurrogate(C)Z @ 3 c2
Event: 12.043 Thread 0x000001836758f260 DEOPT PACKING pc=0x0000018353742f6c sp=0x000000213e1feb10
Event: 12.044 Thread 0x000001836758f260 DEOPT UNPACKING pc=0x0000018352df66a3 sp=0x000000213e1fea08 mode 2
Event: 12.044 Thread 0x000001836758f260 Uncommon trap: trap_request=0xffffff45 fr.pc=0x000001835373a880 relative=0x0000000000000ea0
Event: 12.044 Thread 0x000001836758f260 Uncommon trap: reason=unstable_if action=reinterpret pc=0x000001835373a880 method=java.lang.Character.isSurrogate(C)Z @ 3 c2
Event: 12.044 Thread 0x000001836758f260 DEOPT PACKING pc=0x000001835373a880 sp=0x000000213e1feaf0
Event: 12.044 Thread 0x000001836758f260 DEOPT UNPACKING pc=0x0000018352df66a3 sp=0x000000213e1fea08 mode 2
Event: 12.046 Thread 0x00000183675915d0 Uncommon trap: trap_request=0xffffff45 fr.pc=0x00000183533c67a4 relative=0x0000000000000184
Event: 12.046 Thread 0x00000183675915d0 Uncommon trap: reason=unstable_if action=reinterpret pc=0x00000183533c67a4 method=org.eclipse.jdt.core.compiler.CharOperation.subarray([CII)[C @ 2 c2
Event: 12.046 Thread 0x00000183675915d0 DEOPT PACKING pc=0x00000183533c67a4 sp=0x000000213ddfe460
Event: 12.046 Thread 0x00000183675915d0 DEOPT UNPACKING pc=0x0000018352df66a3 sp=0x000000213ddfe420 mode 2
Event: 12.067 Thread 0x00000183643090f0 Uncommon trap: trap_request=0xffffff45 fr.pc=0x00000183536e4e70 relative=0x00000000000011f0
Event: 12.067 Thread 0x00000183643090f0 Uncommon trap: reason=unstable_if action=reinterpret pc=0x00000183536e4e70 method=org.eclipse.jdt.internal.compiler.classfmt.FieldInfo.createField([B[IIJ)Lorg/eclipse/jdt/internal/compiler/classfmt/FieldInfo; @ 167 c2
Event: 12.067 Thread 0x00000183643090f0 DEOPT PACKING pc=0x00000183536e4e70 sp=0x000000213c0feb80
Event: 12.067 Thread 0x00000183643090f0 DEOPT UNPACKING pc=0x0000018352df66a3 sp=0x000000213c0feb08 mode 2

Classes loaded (20 events):
Event: 9.019 Loading class java/lang/invoke/BoundMethodHandle$Species_LLLLLLLLLLLL
Event: 9.019 Loading class java/lang/invoke/BoundMethodHandle$Species_LLLLLLLLLLLL done
Event: 9.020 Loading class java/lang/invoke/BoundMethodHandle$Species_LLLLLLLLLLLLL
Event: 9.021 Loading class java/lang/invoke/BoundMethodHandle$Species_LLLLLLLLLLLLL done
Event: 9.102 Loading class java/nio/charset/CharacterCodingException
Event: 9.102 Loading class java/nio/charset/CharacterCodingException done
Event: 9.102 Loading class java/io/SequenceInputStream
Event: 9.103 Loading class java/io/SequenceInputStream done
Event: 9.117 Loading class org/xml/sax/SAXNotRecognizedException
Event: 9.117 Loading class org/xml/sax/SAXNotRecognizedException done
Event: 9.117 Loading class org/xml/sax/SAXNotSupportedException
Event: 9.117 Loading class org/xml/sax/SAXNotSupportedException done
Event: 9.118 Loading class com/sun/org/apache/xerces/internal/util/URI
Event: 9.118 Loading class com/sun/org/apache/xerces/internal/util/URI done
Event: 9.120 Loading class com/sun/org/apache/xerces/internal/xni/XNIException
Event: 9.120 Loading class com/sun/org/apache/xerces/internal/xni/XNIException done
Event: 9.120 Loading class com/sun/org/apache/xerces/internal/xni/parser/XMLParseException
Event: 9.120 Loading class com/sun/org/apache/xerces/internal/xni/parser/XMLParseException done
Event: 9.172 Loading class java/util/ArrayDeque$DeqSpliterator
Event: 9.172 Loading class java/util/ArrayDeque$DeqSpliterator done

Classes unloaded (15 events):
Event: 3.692 Thread 0x0000018348c8e350 Unloading class 0x0000000100259000 'java/lang/invoke/LambdaForm$MH+0x0000000100259000'
Event: 3.692 Thread 0x0000018348c8e350 Unloading class 0x0000000100258c00 'java/lang/invoke/LambdaForm$MH+0x0000000100258c00'
Event: 3.692 Thread 0x0000018348c8e350 Unloading class 0x0000000100258800 'java/lang/invoke/LambdaForm$MH+0x0000000100258800'
Event: 3.692 Thread 0x0000018348c8e350 Unloading class 0x0000000100258400 'java/lang/invoke/LambdaForm$MH+0x0000000100258400'
Event: 3.692 Thread 0x0000018348c8e350 Unloading class 0x0000000100258000 'java/lang/invoke/LambdaForm$BMH+0x0000000100258000'
Event: 3.692 Thread 0x0000018348c8e350 Unloading class 0x0000000100253c00 'java/lang/invoke/LambdaForm$DMH+0x0000000100253c00'
Event: 3.692 Thread 0x0000018348c8e350 Unloading class 0x0000000100251400 'java/lang/invoke/LambdaForm$DMH+0x0000000100251400'
Event: 9.045 Thread 0x0000018348c8e350 Unloading class 0x0000000100662000 'java/lang/invoke/LambdaForm$MH+0x0000000100662000'
Event: 9.045 Thread 0x0000018348c8e350 Unloading class 0x0000000100661c00 'java/lang/invoke/LambdaForm$MH+0x0000000100661c00'
Event: 9.045 Thread 0x0000018348c8e350 Unloading class 0x0000000100661800 'java/lang/invoke/LambdaForm$MH+0x0000000100661800'
Event: 9.045 Thread 0x0000018348c8e350 Unloading class 0x0000000100661400 'java/lang/invoke/LambdaForm$MH+0x0000000100661400'
Event: 9.045 Thread 0x0000018348c8e350 Unloading class 0x0000000100660c00 'java/lang/invoke/LambdaForm$DMH+0x0000000100660c00'
Event: 9.045 Thread 0x0000018348c8e350 Unloading class 0x0000000100660800 'java/lang/invoke/LambdaForm$DMH+0x0000000100660800'
Event: 9.045 Thread 0x0000018348c8e350 Unloading class 0x0000000100660400 'java/lang/invoke/LambdaForm$DMH+0x0000000100660400'
Event: 9.045 Thread 0x0000018348c8e350 Unloading class 0x0000000100659c00 'java/lang/invoke/LambdaForm$DMH+0x0000000100659c00'

Classes redefined (0 events):
No events

Internal exceptions (20 events):
Event: 11.883 Thread 0x00000183675915d0 Exception <a 'sun/nio/fs/WindowsException'{0x00000000ead98e68}> (0x00000000ead98e68) 
thrown [s\src\hotspot\share\prims\jni.cpp, line 516]
Event: 11.883 Thread 0x00000183675915d0 Exception <a 'sun/nio/fs/WindowsException'{0x00000000ead9a2b8}> (0x00000000ead9a2b8) 
thrown [s\src\hotspot\share\prims\jni.cpp, line 516]
Event: 11.884 Thread 0x00000183675915d0 Exception <a 'sun/nio/fs/WindowsException'{0x00000000ead9af98}> (0x00000000ead9af98) 
thrown [s\src\hotspot\share\prims\jni.cpp, line 516]
Event: 11.887 Thread 0x00000183675915d0 Exception <a 'sun/nio/fs/WindowsException'{0x00000000eaebbd20}> (0x00000000eaebbd20) 
thrown [s\src\hotspot\share\prims\jni.cpp, line 516]
Event: 11.888 Thread 0x00000183675915d0 Exception <a 'sun/nio/fs/WindowsException'{0x00000000eaebd168}> (0x00000000eaebd168) 
thrown [s\src\hotspot\share\prims\jni.cpp, line 516]
Event: 11.893 Thread 0x00000183675915d0 Exception <a 'sun/nio/fs/WindowsException'{0x00000000eaebf8e8}> (0x00000000eaebf8e8) 
thrown [s\src\hotspot\share\prims\jni.cpp, line 516]
Event: 11.959 Thread 0x00000183675915d0 Exception <a 'sun/nio/fs/WindowsException'{0x00000000eab01dc0}> (0x00000000eab01dc0) 
thrown [s\src\hotspot\share\prims\jni.cpp, line 516]
Event: 11.961 Thread 0x00000183675915d0 Exception <a 'sun/nio/fs/WindowsException'{0x00000000eab034c8}> (0x00000000eab034c8) 
thrown [s\src\hotspot\share\prims\jni.cpp, line 516]
Event: 11.963 Thread 0x00000183675915d0 Exception <a 'sun/nio/fs/WindowsException'{0x00000000eaba2168}> (0x00000000eaba2168) 
thrown [s\src\hotspot\share\prims\jni.cpp, line 516]
Event: 11.963 Thread 0x00000183675915d0 Exception <a 'sun/nio/fs/WindowsException'{0x00000000eaba2f00}> (0x00000000eaba2f00) 
thrown [s\src\hotspot\share\prims\jni.cpp, line 516]
Event: 11.966 Thread 0x00000183675915d0 Exception <a 'sun/nio/fs/WindowsException'{0x00000000eac731d0}> (0x00000000eac731d0) 
thrown [s\src\hotspot\share\prims\jni.cpp, line 516]
Event: 11.972 Thread 0x00000183675915d0 Exception <a 'sun/nio/fs/WindowsException'{0x00000000eae1fcd8}> (0x00000000eae1fcd8) 
thrown [s\src\hotspot\share\prims\jni.cpp, line 516]
Event: 11.974 Thread 0x00000183675915d0 Exception <a 'sun/nio/fs/WindowsException'{0x00000000eae215a8}> (0x00000000eae215a8) 
thrown [s\src\hotspot\share\prims\jni.cpp, line 516]
Event: 11.976 Thread 0x00000183675915d0 Exception <a 'sun/nio/fs/WindowsException'{0x00000000eae222e8}> (0x00000000eae222e8) 
thrown [s\src\hotspot\share\prims\jni.cpp, line 516]
Event: 11.979 Thread 0x00000183675915d0 Exception <a 'sun/nio/fs/WindowsException'{0x00000000eab00aa8}> (0x00000000eab00aa8) 
thrown [s\src\hotspot\share\prims\jni.cpp, line 516]
Event: 11.984 Thread 0x00000183675915d0 Exception <a 'sun/nio/fs/WindowsException'{0x00000000eac8d938}> (0x00000000eac8d938) 
thrown [s\src\hotspot\share\prims\jni.cpp, line 516]
Event: 11.988 Thread 0x00000183675915d0 Exception <a 'sun/nio/fs/WindowsException'{0x00000000eb009530}> (0x00000000eb009530) 
thrown [s\src\hotspot\share\prims\jni.cpp, line 516]
Event: 11.989 Thread 0x00000183675915d0 Exception <a 'sun/nio/fs/WindowsException'{0x00000000eb00a228}> (0x00000000eb00a228) 
thrown [s\src\hotspot\share\prims\jni.cpp, line 516]
Event: 11.995 Thread 0x00000183675915d0 Exception <a 'sun/nio/fs/WindowsException'{0x00000000eb00d1c0}> (0x00000000eb00d1c0) 
thrown [s\src\hotspot\share\prims\jni.cpp, line 516]
Event: 11.996 Thread 0x00000183675915d0 Exception <a 'sun/nio/fs/WindowsException'{0x00000000eb00e530}> (0x00000000eb00e530) 
thrown [s\src\hotspot\share\prims\jni.cpp, line 516]

VM Operations (20 events):
Event: 11.978 Executing VM operation: ParallelGCFailedAllocation
Event: 11.979 Executing VM operation: ParallelGCFailedAllocation done
Event: 12.021 Executing VM operation: ParallelGCFailedAllocation
Event: 12.024 Executing VM operation: ParallelGCFailedAllocation done
Event: 12.038 Executing VM operation: ParallelGCFailedAllocation
Event: 12.040 Executing VM operation: ParallelGCFailedAllocation done
Event: 12.050 Executing VM operation: ParallelGCFailedAllocation
Event: 12.053 Executing VM operation: ParallelGCFailedAllocation done
Event: 12.063 Executing VM operation: ParallelGCFailedAllocation
Event: 12.065 Executing VM operation: ParallelGCFailedAllocation done
Event: 12.077 Executing VM operation: ParallelGCFailedAllocation
Event: 12.079 Executing VM operation: ParallelGCFailedAllocation done
Event: 12.091 Executing VM operation: ParallelGCFailedAllocation
Event: 12.095 Executing VM operation: ParallelGCFailedAllocation done
Event: 12.108 Executing VM operation: ParallelGCFailedAllocation
Event: 12.109 Executing VM operation: ParallelGCFailedAllocation done
Event: 12.124 Executing VM operation: ParallelGCFailedAllocation
Event: 12.125 Executing VM operation: ParallelGCFailedAllocation done
Event: 12.144 Executing VM operation: ParallelGCFailedAllocation
Event: 12.144 Executing VM operation: ParallelGCFailedAllocation done

Events (20 events):
Event: 11.432 Thread 0x0000018361d873d0 flushing nmethod 0x000001834c80b190
Event: 11.432 Thread 0x0000018361d873d0 flushing nmethod 0x000001834c80b590
Event: 11.432 Thread 0x0000018361d873d0 flushing nmethod 0x000001834c80d890
Event: 11.432 Thread 0x0000018361d873d0 flushing nmethod 0x000001834c80fb10
Event: 11.432 Thread 0x0000018361d873d0 flushing nmethod 0x000001834c810010
Event: 11.432 Thread 0x0000018361d873d0 flushing nmethod 0x000001834c810590
Event: 11.432 Thread 0x0000018361d873d0 flushing nmethod 0x000001834c811410
Event: 11.432 Thread 0x0000018361d873d0 flushing nmethod 0x000001834c814490
Event: 11.432 Thread 0x0000018361d873d0 flushing nmethod 0x000001834c815b90
Event: 11.432 Thread 0x0000018361d873d0 flushing nmethod 0x000001834c816610
Event: 12.035 Thread 0x00000183675910c0 Thread added: 0x00000183675910c0
Event: 12.036 Thread 0x0000018367592500 Thread added: 0x0000018367592500
Event: 12.036 Thread 0x0000018367592a10 Thread added: 0x0000018367592a10
Event: 12.036 Thread 0x000001836758f260 Thread added: 0x000001836758f260
Event: 12.037 Thread 0x0000018367591ff0 Thread added: 0x0000018367591ff0
Event: 12.037 Thread 0x0000018367592f20 Thread added: 0x0000018367592f20
Event: 12.037 Thread 0x000001836758f770 Thread added: 0x000001836758f770
Event: 12.038 Thread 0x0000018367593430 Thread added: 0x0000018367593430
Event: 12.040 Thread 0x0000018367593940 Thread added: 0x0000018367593940
Event: 12.040 Thread 0x0000018367590190 Thread added: 0x0000018367590190


Dynamic libraries:
0x00007ff753ec0000 - 0x00007ff753ece000 	c:\Users\anuma\.vscode\extensions\redhat.java-1.35.0-win32-x64\jre\17.0.12-win32-x86_64\bin\java.exe
0x00007ffebbc60000 - 0x00007ffebbec7000 	C:\WINDOWS\SYSTEM32\ntdll.dll
0x00007ffebad00000 - 0x00007ffebadc9000 	C:\WINDOWS\System32\KERNEL32.DLL
0x00007ffeb91d0000 - 0x00007ffeb95c0000 	C:\WINDOWS\System32\KERNELBASE.dll
0x00007ffeb9660000 - 0x00007ffeb97ab000 	C:\WINDOWS\System32\ucrtbase.dll
0x00007ffe79c00000 - 0x00007ffe79c17000 	c:\Users\anuma\.vscode\extensions\redhat.java-1.35.0-win32-x64\jre\17.0.12-win32-x86_64\bin\jli.dll
0x00007ffe79be0000 - 0x00007ffe79bfb000 	c:\Users\anuma\.vscode\extensions\redhat.java-1.35.0-win32-x64\jre\17.0.12-win32-x86_64\bin\VCRUNTIME140.dll
0x00007ffeba520000 - 0x00007ffeba6e5000 	C:\WINDOWS\System32\USER32.dll
0x00007ffe968a0000 - 0x00007ffe96b3a000 	C:\WINDOWS\WinSxS\amd64_microsoft.windows.common-controls_6595b64144ccf1df_6.0.26100.4768_none_3e0c112ce331287c\COMCTL32.dll
0x00007ffeb8d90000 - 0x00007ffeb8db7000 	C:\WINDOWS\System32\win32u.dll
0x00007ffebba60000 - 0x00007ffebbb09000 	C:\WINDOWS\System32\msvcrt.dll
0x00007ffebbb10000 - 0x00007ffebbb3b000 	C:\WINDOWS\System32\GDI32.dll
0x00007ffeb8ff0000 - 0x00007ffeb9128000 	C:\WINDOWS\System32\gdi32full.dll
0x00007ffeb8f40000 - 0x00007ffeb8fe3000 	C:\WINDOWS\System32\msvcp_win.dll
0x00007ffebbb40000 - 0x00007ffebbb6f000 	C:\WINDOWS\System32\IMM32.DLL
0x00007ffe79bd0000 - 0x00007ffe79bdc000 	c:\Users\anuma\.vscode\extensions\redhat.java-1.35.0-win32-x64\jre\17.0.12-win32-x86_64\bin\vcruntime140_1.dll
0x00007ffe3e5c0000 - 0x00007ffe3e64d000 	c:\Users\anuma\.vscode\extensions\redhat.java-1.35.0-win32-x64\jre\17.0.12-win32-x86_64\bin\msvcp140.dll
0x00007ffdffdd0000 - 0x00007ffe00a3a000 	c:\Users\anuma\.vscode\extensions\redhat.java-1.35.0-win32-x64\jre\17.0.12-win32-x86_64\bin\server\jvm.dll
0x00007ffebb260000 - 0x00007ffebb314000 	C:\WINDOWS\System32\ADVAPI32.dll
0x00007ffebadd0000 - 0x00007ffebae76000 	C:\WINDOWS\System32\sechost.dll
0x00007ffebae80000 - 0x00007ffebaf98000 	C:\WINDOWS\System32\RPCRT4.dll
0x00007ffebb3a0000 - 0x00007ffebb414000 	C:\WINDOWS\System32\WS2_32.dll
0x00007ffeb3320000 - 0x00007ffeb3355000 	C:\WINDOWS\SYSTEM32\WINMM.dll
0x00007ffeb8bf0000 - 0x00007ffeb8c4e000 	C:\WINDOWS\SYSTEM32\POWRPROF.dll
0x00007ffea5cb0000 - 0x00007ffea5cbb000 	C:\WINDOWS\SYSTEM32\VERSION.dll
0x00007ffeb8bd0000 - 0x00007ffeb8be4000 	C:\WINDOWS\SYSTEM32\UMPDC.dll
0x00007ffeb7a40000 - 0x00007ffeb7a5b000 	C:\WINDOWS\SYSTEM32\kernel.appcore.dll
0x00007ffe79bc0000 - 0x00007ffe79bca000 	c:\Users\anuma\.vscode\extensions\redhat.java-1.35.0-win32-x64\jre\17.0.12-win32-x86_64\bin\jimage.dll
0x00007ffeb6350000 - 0x00007ffeb6591000 	C:\WINDOWS\SYSTEM32\DBGHELP.DLL
0x00007ffebb6d0000 - 0x00007ffebba55000 	C:\WINDOWS\System32\combase.dll
0x00007ffeba3b0000 - 0x00007ffeba490000 	C:\WINDOWS\System32\OLEAUT32.dll
0x00007ffe95810000 - 0x00007ffe95853000 	C:\WINDOWS\SYSTEM32\dbgcore.DLL
0x00007ffeb9130000 - 0x00007ffeb91c9000 	C:\WINDOWS\System32\bcryptPrimitives.dll
0x00007ffe79bb0000 - 0x00007ffe79bbe000 	c:\Users\anuma\.vscode\extensions\redhat.java-1.35.0-win32-x64\jre\17.0.12-win32-x86_64\bin\instrument.dll
0x00007ffe3e590000 - 0x00007ffe3e5b5000 	c:\Users\anuma\.vscode\extensions\redhat.java-1.35.0-win32-x64\jre\17.0.12-win32-x86_64\bin\java.dll
0x00007ffe3e570000 - 0x00007ffe3e588000 	c:\Users\anuma\.vscode\extensions\redhat.java-1.35.0-win32-x64\jre\17.0.12-win32-x86_64\bin\zip.dll
0x00007ffeb9c60000 - 0x00007ffeba3ad000 	C:\WINDOWS\System32\SHELL32.dll
0x00007ffeb9870000 - 0x00007ffeb99e3000 	C:\WINDOWS\System32\wintypes.dll
0x00007ffeb6930000 - 0x00007ffeb7190000 	C:\WINDOWS\SYSTEM32\windows.storage.dll
0x00007ffebb150000 - 0x00007ffebb245000 	C:\WINDOWS\System32\SHCORE.dll
0x00007ffebb640000 - 0x00007ffebb6aa000 	C:\WINDOWS\System32\shlwapi.dll
0x00007ffeb8cb0000 - 0x00007ffeb8cd9000 	C:\WINDOWS\SYSTEM32\profapi.dll
0x00007ffe3e550000 - 0x00007ffe3e569000 	C:\Users\anuma\.vscode\extensions\redhat.java-1.35.0-win32-x64\jre\17.0.12-win32-x86_64\bin\net.dll
0x00007ffeaac90000 - 0x00007ffeaadae000 	C:\WINDOWS\SYSTEM32\WINHTTP.dll
0x00007ffeb8080000 - 0x00007ffeb80eb000 	C:\WINDOWS\system32\mswsock.dll
0x00007ffe3e530000 - 0x00007ffe3e546000 	C:\Users\anuma\.vscode\extensions\redhat.java-1.35.0-win32-x64\jre\17.0.12-win32-x86_64\bin\nio.dll
0x00007ffe79ba0000 - 0x00007ffe79bb0000 	c:\Users\anuma\.vscode\extensions\redhat.java-1.35.0-win32-x64\jre\17.0.12-win32-x86_64\bin\verify.dll
0x00007ffe73090000 - 0x00007ffe730d5000 	C:\Users\anuma\AppData\Roaming\Code\User\globalStorage\redhat.java\1.35.0\config_win\org.eclipse.equinox.launcher\org.eclipse.equinox.launcher.win32.win32.x86_64_1.2.1100.v20240722-2106\eclipse_11904.dll
0x00007ffebafa0000 - 0x00007ffebb140000 	C:\WINDOWS\System32\ole32.dll
0x00007ffeb8350000 - 0x00007ffeb836b000 	C:\WINDOWS\SYSTEM32\CRYPTSP.dll
0x00007ffeb7a60000 - 0x00007ffeb7a9b000 	C:\WINDOWS\system32\rsaenh.dll
0x00007ffeb8120000 - 0x00007ffeb814b000 	C:\WINDOWS\SYSTEM32\USERENV.dll
0x00007ffeb8c80000 - 0x00007ffeb8ca6000 	C:\WINDOWS\SYSTEM32\bcrypt.dll
0x00007ffeb8340000 - 0x00007ffeb834c000 	C:\WINDOWS\SYSTEM32\CRYPTBASE.dll
0x00007ffeb74d0000 - 0x00007ffeb7503000 	C:\WINDOWS\SYSTEM32\IPHLPAPI.DLL
0x00007ffebb6c0000 - 0x00007ffebb6ca000 	C:\WINDOWS\System32\NSI.dll
0x00007ffeb23c0000 - 0x00007ffeb23df000 	C:\WINDOWS\SYSTEM32\dhcpcsvc6.DLL
0x00007ffeb2390000 - 0x00007ffeb23b5000 	C:\WINDOWS\SYSTEM32\dhcpcsvc.DLL
0x00007ffeb7560000 - 0x00007ffeb7686000 	C:\WINDOWS\SYSTEM32\DNSAPI.dll
0x00007ffe3e4c0000 - 0x00007ffe3e509000 	C:\Users\anuma\AppData\Local\Temp\jna-92974460\jna1600988388634085240.dll
0x00007ffebb250000 - 0x00007ffebb258000 	C:\WINDOWS\System32\PSAPI.DLL

dbghelp: loaded successfully - version: 4.0.5 - missing functions: none
symbol engine: initialized successfully - sym options: 0x614 - pdb path: .;c:\Users\anuma\.vscode\extensions\redhat.java-1.35.0-win32-x64\jre\17.0.12-win32-x86_64\bin;C:\WINDOWS\SYSTEM32;C:\WINDOWS\WinSxS\amd64_microsoft.windows.common-controls_6595b64144ccf1df_6.0.26100.4768_none_3e0c112ce331287c;c:\Users\anuma\.vscode\extensions\redhat.java-1.35.0-win32-x64\jre\17.0.12-win32-x86_64\bin\server;C:\Users\anuma\AppData\Roaming\Code\User\globalStorage\redhat.java\1.35.0\config_win\org.eclipse.equinox.launcher\org.eclipse.equinox.launcher.win32.win32.x86_64_1.2.1100.v20240722-2106;C:\Users\anuma\AppData\Local\Temp\jna-92974460

VM Arguments:
jvm_args: --add-modules=ALL-SYSTEM --add-opens=java.base/java.util=ALL-UNNAMED --add-opens=java.base/java.lang=ALL-UNNAMED --add-opens=java.base/sun.nio.fs=ALL-UNNAMED -Declipse.application=org.eclipse.jdt.ls.core.id1 -Dosgi.bundles.defaultStartLevel=4 -Declipse.product=org.eclipse.jdt.ls.core.product -Djava.import.generatesMetadataFilesAtProjectRoot=false -DDetectVMInstallationsJob.disabled=true -Dfile.encoding=utf8 -XX:+UseParallelGC -XX:GCTimeRatio=4 -XX:AdaptiveSizePolicyWeight=90 -Dsun.zip.disableMemoryMapping=true -Xmx1G -Xms100m -Xlog:disable -javaagent:c:\Users\anuma\.vscode\extensions\redhat.java-1.35.0-win32-x64\lombok\lombok-1.18.33.jar -XX:+HeapDumpOnOutOfMemoryError -XX:HeapDumpPath=c:\Users\anuma\AppData\Roaming\Code\User\workspaceStorage\c3882e0eb3380c1272e429900239b1cc\redhat.java -Daether.dependencyCollector.impl=bf 
java_command: c:\Users\anuma\.vscode\extensions\redhat.java-1.35.0-win32-x64\server\plugins\org.eclipse.equinox.launcher_1.6.900.v20240613-2009.jar -configuration c:\Users\anuma\AppData\Roaming\Code\User\globalStorage\redhat.java\1.35.0\config_win -data c:\Users\anuma\AppData\Roaming\Code\User\workspaceStorage\c3882e0eb3380c1272e429900239b1cc\redhat.java\jdt_ws --pipe=\\.\pipe\lsp-3fdedd6433764e8812da25ca1c339ae7-sock
java_class_path (initial): c:\Users\anuma\.vscode\extensions\redhat.java-1.35.0-win32-x64\server\plugins\org.eclipse.equinox.launcher_1.6.900.v20240613-2009.jar
Launcher Type: SUN_STANDARD

[Global flags]
    uintx AdaptiveSizePolicyWeight                 = 90                                        {product} {command line}
     intx CICompilerCount                          = 4                                         {product} {ergonomic}
    uintx GCTimeRatio                              = 4                                         {product} {command line}
     bool HeapDumpOnOutOfMemoryError               = true                                   {manageable} {command line}
    ccstr HeapDumpPath                             = c:\Users\anuma\AppData\Roaming\Code\User\workspaceStorage\c3882e0eb3380c1272e429900239b1cc\redhat.java         {manageable} {command line}
   size_t InitialHeapSize                          = 104857600                                 {product} {command line}
   size_t MaxHeapSize                              = 1073741824                                {product} {command line}
   size_t MaxNewSize                               = 357564416                                 {product} {ergonomic}
   size_t MinHeapDeltaBytes                        = 524288                                    {product} {ergonomic}
   size_t MinHeapSize                              = 104857600                                 {product} {command line}
   size_t NewSize                                  = 34603008                                  {product} {ergonomic}
    uintx NonNMethodCodeHeapSize                   = 5839372                                {pd product} {ergonomic}
    uintx NonProfiledCodeHeapSize                  = 122909434                              {pd product} {ergonomic}
   size_t OldSize                                  = 70254592                                  {product} {ergonomic}
    uintx ProfiledCodeHeapSize                     = 122909434                              {pd product} {ergonomic}
    uintx ReservedCodeCacheSize                    = 251658240                              {pd product} {ergonomic}
     bool SegmentedCodeCache                       = true                                      {product} {ergonomic}
   size_t SoftMaxHeapSize                          = 1073741824                             {manageable} {ergonomic}
     bool UseCompressedClassPointers               = true                           {product lp64_product} {ergonomic}
     bool UseCompressedOops                        = true                           {product lp64_product} {ergonomic}
     bool UseLargePagesIndividualAllocation        = false                                  {pd product} {ergonomic}
     bool UseParallelGC                            = true                                      {product} {command line}

Logging:
Log output configuration:
 #0: stdout all=off uptime,level,tags
 #1: stderr all=off uptime,level,tags

Environment Variables:
JAVA_HOME=C:\Program Files\Java\jdk-17
PATH=C:\Program Files\Common Files\Oracle\Java\javapath;C:\windows\system32;C:\windows;C:\windows\System32\Wbem;C:\windows\System32\WindowsPowerShell\v1.0\;C:\windows\System32\OpenSSH\;C:\Program Files\HP\HP One Agent;C:\Program Files\Java\jdk-17\bin;C:\Program Files\nodejs\;C:\WINDOWS\system32;C:\WINDOWS;C:\WINDOWS\System32\Wbem;C:\WINDOWS\System32\WindowsPowerShell\v1.0\;C:\WINDOWS\System32\OpenSSH\;C:\Program Files\Git\cmd;C:\Program Files\MySQL\MySQL Shell 8.0\bin\;C:\Users\anuma\AppData\Local\Programs\Microsoft VS Code\bin;C:\Users\anuma\AppData\Roaming\npm;%USERPROFILE%\AppData\Local\Microsoft\WindowsApps;
USERNAME=anuma
OS=Windows_NT
PROCESSOR_IDENTIFIER=Intel64 Family 6 Model 186 Stepping 3, GenuineIntel
TMP=C:\Users\anuma\AppData\Local\Temp
TEMP=C:\Users\anuma\AppData\Local\Temp



Periodic native trim disabled


---------------  S Y S T E M  ---------------

OS:
 Windows 11 , 64 bit Build 26100 (10.0.26100.4768)
OS uptime: 0 days 3:44 hours
Hyper-V role detected

CPU: total 12 (initial active 12) (6 cores per cpu, 2 threads per core) family 6 model 186 stepping 3 microcode 0x4123, cx8, cmov, fxsr, ht, mmx, 3dnowpref, sse, sse2, sse3, ssse3, sse4.1, sse4.2, popcnt, lzcnt, tsc, tscinvbit, avx, avx2, aes, erms, clmul, bmi1, bmi2, adx, sha, fma, vzeroupper, clflush, clflushopt, clwb, hv
Processor Information for processor 0
  Max Mhz: 1300, Current Mhz: 1300, Mhz Limit: 1300
Processor Information for processor 1
  Max Mhz: 1300, Current Mhz: 1300, Mhz Limit: 1300
Processor Information for processor 2
  Max Mhz: 1300, Current Mhz: 1300, Mhz Limit: 1300
Processor Information for processor 3
  Max Mhz: 1300, Current Mhz: 1300, Mhz Limit: 1300
Processor Information for processor 4
  Max Mhz: 1300, Current Mhz: 900, Mhz Limit: 897
Processor Information for processor 5
  Max Mhz: 1300, Current Mhz: 900, Mhz Limit: 897
Processor Information for processor 6
  Max Mhz: 1300, Current Mhz: 900, Mhz Limit: 897
Processor Information for processor 7
  Max Mhz: 1300, Current Mhz: 900, Mhz Limit: 897
Processor Information for processor 8
  Max Mhz: 1300, Current Mhz: 900, Mhz Limit: 897
Processor Information for processor 9
  Max Mhz: 1300, Current Mhz: 900, Mhz Limit: 897
Processor Information for processor 10
  Max Mhz: 1300, Current Mhz: 900, Mhz Limit: 897
Processor Information for processor 11
  Max Mhz: 1300, Current Mhz: 900, Mhz Limit: 897

Memory: 4k page, system-wide physical 16095M (3748M free)
TotalPageFile size 16095M (AvailPageFile size 10M)
current process WorkingSet (physical memory assigned to process): 495M, peak: 497M
current process commit charge ("private bytes"): 483M, peak: 484M

vm_info: OpenJDK 64-Bit Server VM (17.0.12+7) for windows-amd64 JRE (17.0.12+7), built on Jul 16 2024 22:08:24 by "admin" with MS VC++ 16.10 / 16.11 (VS2019)

END.
